{
  "defectsList" : [ {
    "title" : "Product defects",
    "status" : "FAILED",
    "defects" : [ {
      "uid" : "d783ec6dd263055e",
      "failure" : {
        "message" : "Expected 'Test Freelancers' to equal 'Freelancers'.",
        "stackTrace" : "Error: Failed expectation\n    at D:\\protractor\\Demo_thinksys\\rough\\test.js:74:23\n    at elementArrayFinder_.then (C:\\Users\\thinksysuser\\AppData\\Roaming\\npm\\node_modules\\protractor\\lib\\element.ts:840:22)\n    at ManagedPromise.invokeCallback_ (C:\\Users\\thinksysuser\\AppData\\Roaming\\npm\\node_modules\\protractor\\node_modules\\selenium-webdriver\\lib\\promise.js:1366:14)\n    at TaskQueue.execute_ (C:\\Users\\thinksysuser\\AppData\\Roaming\\npm\\node_modules\\protractor\\node_modules\\selenium-webdriver\\lib\\promise.js:2970:14)\n    at TaskQueue.executeNext_ (C:\\Users\\thinksysuser\\AppData\\Roaming\\npm\\node_modules\\protractor\\node_modules\\selenium-webdriver\\lib\\promise.js:2953:27)\n    at asyncRun (C:\\Users\\thinksysuser\\AppData\\Roaming\\npm\\node_modules\\protractor\\node_modules\\selenium-webdriver\\lib\\promise.js:2813:27)\n    at C:\\Users\\thinksysuser\\AppData\\Roaming\\npm\\node_modules\\protractor\\node_modules\\selenium-webdriver\\lib\\promise.js:676:7\n    at process._tickCallback (internal/process/next_tick.js:103:7)"
      },
      "testCases" : [ {
        "uid" : "28f95fe08b115f1e",
        "name" : "Login",
        "title" : "Login",
        "time" : {
          "start" : 1493376707649,
          "stop" : 1493376729800,
          "duration" : 22151
        },
        "severity" : "NORMAL",
        "status" : "FAILED"
      } ]
    }, {
      "uid" : "e5a4f6bed7584f45",
      "failure" : {
        "message" : "Failed: No element found using locator: By(xpath, //*[@class='sign-button login-button'])",
        "stackTrace" : "NoSuchElementError: No element found using locator: By(xpath, //*[@class='sign-button login-button'])\n    at WebDriverError (C:\\Users\\thinksysuser\\AppData\\Roaming\\npm\\node_modules\\protractor\\node_modules\\selenium-webdriver\\lib\\error.js:27:5)\n    at NoSuchElementError (C:\\Users\\thinksysuser\\AppData\\Roaming\\npm\\node_modules\\protractor\\node_modules\\selenium-webdriver\\lib\\error.js:168:5)\n    at elementArrayFinder.getWebElements.then (C:\\Users\\thinksysuser\\AppData\\Roaming\\npm\\node_modules\\protractor\\lib\\element.ts:851:17)\n    at ManagedPromise.invokeCallback_ (C:\\Users\\thinksysuser\\AppData\\Roaming\\npm\\node_modules\\protractor\\node_modules\\selenium-webdriver\\lib\\promise.js:1366:14)\n    at TaskQueue.execute_ (C:\\Users\\thinksysuser\\AppData\\Roaming\\npm\\node_modules\\protractor\\node_modules\\selenium-webdriver\\lib\\promise.js:2970:14)\n    at TaskQueue.executeNext_ (C:\\Users\\thinksysuser\\AppData\\Roaming\\npm\\node_modules\\protractor\\node_modules\\selenium-webdriver\\lib\\promise.js:2953:27)\n    at asyncRun (C:\\Users\\thinksysuser\\AppData\\Roaming\\npm\\node_modules\\protractor\\node_modules\\selenium-webdriver\\lib\\promise.js:2813:27)\n    at C:\\Users\\thinksysuser\\AppData\\Roaming\\npm\\node_modules\\protractor\\node_modules\\selenium-webdriver\\lib\\promise.js:676:7\n    at process._tickCallback (internal/process/next_tick.js:103:7)\nFrom: Task: WebElement.click()\n    at Driver.schedule (C:\\Users\\thinksysuser\\AppData\\Roaming\\npm\\node_modules\\protractor\\node_modules\\selenium-webdriver\\lib\\webdriver.js:816:17)\n    at WebElementPromise.schedule_ (C:\\Users\\thinksysuser\\AppData\\Roaming\\npm\\node_modules\\protractor\\node_modules\\selenium-webdriver\\lib\\webdriver.js:1921:25)\n    at WebElementPromise.click (C:\\Users\\thinksysuser\\AppData\\Roaming\\npm\\node_modules\\protractor\\node_modules\\selenium-webdriver\\lib\\webdriver.js:2002:17)\n    at Object.<anonymous> (D:\\protractor\\Demo_thinksys\\rough\\test.js:76:81)\n    at C:\\Users\\thinksysuser\\AppData\\Roaming\\npm\\node_modules\\protractor\\node_modules\\jasminewd2\\index.js:110:25\n    at new ManagedPromise (C:\\Users\\thinksysuser\\AppData\\Roaming\\npm\\node_modules\\protractor\\node_modules\\selenium-webdriver\\lib\\promise.js:1067:7)\n    at ControlFlow.promise (C:\\Users\\thinksysuser\\AppData\\Roaming\\npm\\node_modules\\protractor\\node_modules\\selenium-webdriver\\lib\\promise.js:2396:12)\n    at schedulerExecute (C:\\Users\\thinksysuser\\AppData\\Roaming\\npm\\node_modules\\protractor\\node_modules\\jasminewd2\\index.js:95:18)\n    at TaskQueue.execute_ (C:\\Users\\thinksysuser\\AppData\\Roaming\\npm\\node_modules\\protractor\\node_modules\\selenium-webdriver\\lib\\promise.js:2970:14)\n    at TaskQueue.executeNext_ (C:\\Users\\thinksysuser\\AppData\\Roaming\\npm\\node_modules\\protractor\\node_modules\\selenium-webdriver\\lib\\promise.js:2953:27)\n    at asyncRun (C:\\Users\\thinksysuser\\AppData\\Roaming\\npm\\node_modules\\protractor\\node_modules\\selenium-webdriver\\lib\\promise.js:2813:27)\n    at C:\\Users\\thinksysuser\\AppData\\Roaming\\npm\\node_modules\\protractor\\node_modules\\selenium-webdriver\\lib\\promise.js:676:7\n    at process._tickCallback (internal/process/next_tick.js:103:7)\nFrom: Task: Run it(\"Login\") in control flow\n    at Object.<anonymous> (C:\\Users\\thinksysuser\\AppData\\Roaming\\npm\\node_modules\\protractor\\node_modules\\jasminewd2\\index.js:94:19)\n    at attemptAsync (C:\\Users\\thinksysuser\\AppData\\Roaming\\npm\\node_modules\\protractor\\node_modules\\jasmine-core\\lib\\jasmine-core\\jasmine.js:1980:24)\n    at QueueRunner.run (C:\\Users\\thinksysuser\\AppData\\Roaming\\npm\\node_modules\\protractor\\node_modules\\jasmine-core\\lib\\jasmine-core\\jasmine.js:1935:9)\n    at QueueRunner.execute (C:\\Users\\thinksysuser\\AppData\\Roaming\\npm\\node_modules\\protractor\\node_modules\\jasmine-core\\lib\\jasmine-core\\jasmine.js:1923:10)\n    at Spec.queueRunnerFactory (C:\\Users\\thinksysuser\\AppData\\Roaming\\npm\\node_modules\\protractor\\node_modules\\jasmine-core\\lib\\jasmine-core\\jasmine.js:714:35)\n    at Spec.execute (C:\\Users\\thinksysuser\\AppData\\Roaming\\npm\\node_modules\\protractor\\node_modules\\jasmine-core\\lib\\jasmine-core\\jasmine.js:371:10)\n    at Object.fn (C:\\Users\\thinksysuser\\AppData\\Roaming\\npm\\node_modules\\protractor\\node_modules\\jasmine-core\\lib\\jasmine-core\\jasmine.js:2579:37)\n    at attemptAsync (C:\\Users\\thinksysuser\\AppData\\Roaming\\npm\\node_modules\\protractor\\node_modules\\jasmine-core\\lib\\jasmine-core\\jasmine.js:1980:24)\n    at QueueRunner.run (C:\\Users\\thinksysuser\\AppData\\Roaming\\npm\\node_modules\\protractor\\node_modules\\jasmine-core\\lib\\jasmine-core\\jasmine.js:1935:9)\n    at QueueRunner.execute (C:\\Users\\thinksysuser\\AppData\\Roaming\\npm\\node_modules\\protractor\\node_modules\\jasmine-core\\lib\\jasmine-core\\jasmine.js:1923:10)\n    at queueRunnerFactory (C:\\Users\\thinksysuser\\AppData\\Roaming\\npm\\node_modules\\protractor\\node_modules\\jasmine-core\\lib\\jasmine-core\\jasmine.js:714:35)\n    at Object.fn (C:\\Users\\thinksysuser\\AppData\\Roaming\\npm\\node_modules\\protractor\\node_modules\\jasmine-core\\lib\\jasmine-core\\jasmine.js:2564:13)\n    at attemptAsync (C:\\Users\\thinksysuser\\AppData\\Roaming\\npm\\node_modules\\protractor\\node_modules\\jasmine-core\\lib\\jasmine-core\\jasmine.js:1980:24)\n    at QueueRunner.run (C:\\Users\\thinksysuser\\AppData\\Roaming\\npm\\node_modules\\protractor\\node_modules\\jasmine-core\\lib\\jasmine-core\\jasmine.js:1935:9)\n    at QueueRunner.execute (C:\\Users\\thinksysuser\\AppData\\Roaming\\npm\\node_modules\\protractor\\node_modules\\jasmine-core\\lib\\jasmine-core\\jasmine.js:1923:10)\n    at queueRunnerFactory (C:\\Users\\thinksysuser\\AppData\\Roaming\\npm\\node_modules\\protractor\\node_modules\\jasmine-core\\lib\\jasmine-core\\jasmine.js:714:35)\n    at TreeProcessor.execute (C:\\Users\\thinksysuser\\AppData\\Roaming\\npm\\node_modules\\protractor\\node_modules\\jasmine-core\\lib\\jasmine-core\\jasmine.js:2426:7)\n    at Env.execute (C:\\Users\\thinksysuser\\AppData\\Roaming\\npm\\node_modules\\protractor\\node_modules\\jasmine-core\\lib\\jasmine-core\\jasmine.js:776:17)\n    at Jasmine.execute (C:\\Users\\thinksysuser\\AppData\\Roaming\\npm\\node_modules\\protractor\\node_modules\\jasmine\\lib\\jasmine.js:184:12)\n    at C:\\Users\\thinksysuser\\AppData\\Roaming\\npm\\node_modules\\protractor\\built\\frameworks\\jasmine.js:132:15\n    at Function.promise (C:\\Users\\thinksysuser\\AppData\\Roaming\\npm\\node_modules\\protractor\\node_modules\\q\\q.js:682:9)\n    at C:\\Users\\thinksysuser\\AppData\\Roaming\\npm\\node_modules\\protractor\\built\\frameworks\\jasmine.js:104:14\n    at _fulfilled (C:\\Users\\thinksysuser\\AppData\\Roaming\\npm\\node_modules\\protractor\\node_modules\\q\\q.js:834:54)\n    at self.promiseDispatch.done (C:\\Users\\thinksysuser\\AppData\\Roaming\\npm\\node_modules\\protractor\\node_modules\\q\\q.js:863:30)\n    at Promise.promise.promiseDispatch (C:\\Users\\thinksysuser\\AppData\\Roaming\\npm\\node_modules\\protractor\\node_modules\\q\\q.js:796:13)\n    at C:\\Users\\thinksysuser\\AppData\\Roaming\\npm\\node_modules\\protractor\\node_modules\\q\\q.js:556:49\n    at runSingle (C:\\Users\\thinksysuser\\AppData\\Roaming\\npm\\node_modules\\protractor\\node_modules\\q\\q.js:137:13)\n    at flush (C:\\Users\\thinksysuser\\AppData\\Roaming\\npm\\node_modules\\protractor\\node_modules\\q\\q.js:125:13)\n    at _combinedTickCallback (internal/process/next_tick.js:67:7)\n    at process._tickCallback (internal/process/next_tick.js:98:9)\nFrom asynchronous test: \nError\n    at Suite.<anonymous> (D:\\protractor\\Demo_thinksys\\rough\\test.js:59:5)\n    at addSpecsToSuite (C:\\Users\\thinksysuser\\AppData\\Roaming\\npm\\node_modules\\protractor\\node_modules\\jasmine-core\\lib\\jasmine-core\\jasmine.js:867:25)\n    at Env.describe (C:\\Users\\thinksysuser\\AppData\\Roaming\\npm\\node_modules\\protractor\\node_modules\\jasmine-core\\lib\\jasmine-core\\jasmine.js:836:7)\n    at describe (C:\\Users\\thinksysuser\\AppData\\Roaming\\npm\\node_modules\\protractor\\node_modules\\jasmine-core\\lib\\jasmine-core\\jasmine.js:3576:18)\n    at Object.<anonymous> (D:\\protractor\\Demo_thinksys\\rough\\test.js:3:1)\n    at Module._compile (module.js:570:32)\n    at Object.Module._extensions..js (module.js:579:10)\n    at Module.load (C:\\node_modules\\coffee-script\\lib\\coffee-script\\register.js:45:36)\n    at tryModuleLoad (module.js:446:12)\n    at Function.Module._load (module.js:438:3)\n    at Module.require (module.js:497:17)\n    at require (internal/module.js:20:19)\n    at C:\\Users\\thinksysuser\\AppData\\Roaming\\npm\\node_modules\\protractor\\node_modules\\jasmine\\lib\\jasmine.js:87:5\n    at Array.forEach (native)\n    at Jasmine.loadSpecs (C:\\Users\\thinksysuser\\AppData\\Roaming\\npm\\node_modules\\protractor\\node_modules\\jasmine\\lib\\jasmine.js:86:18)\n    at Jasmine.execute (C:\\Users\\thinksysuser\\AppData\\Roaming\\npm\\node_modules\\protractor\\node_modules\\jasmine\\lib\\jasmine.js:181:8)\n    at C:\\Users\\thinksysuser\\AppData\\Roaming\\npm\\node_modules\\protractor\\built\\frameworks\\jasmine.js:132:15\n    at Function.promise (C:\\Users\\thinksysuser\\AppData\\Roaming\\npm\\node_modules\\protractor\\node_modules\\q\\q.js:682:9)\n    at C:\\Users\\thinksysuser\\AppData\\Roaming\\npm\\node_modules\\protractor\\built\\frameworks\\jasmine.js:104:14\n    at _fulfilled (C:\\Users\\thinksysuser\\AppData\\Roaming\\npm\\node_modules\\protractor\\node_modules\\q\\q.js:834:54)\n    at self.promiseDispatch.done (C:\\Users\\thinksysuser\\AppData\\Roaming\\npm\\node_modules\\protractor\\node_modules\\q\\q.js:863:30)\n    at Promise.promise.promiseDispatch (C:\\Users\\thinksysuser\\AppData\\Roaming\\npm\\node_modules\\protractor\\node_modules\\q\\q.js:796:13)\n    at C:\\Users\\thinksysuser\\AppData\\Roaming\\npm\\node_modules\\protractor\\node_modules\\q\\q.js:556:49\n    at runSingle (C:\\Users\\thinksysuser\\AppData\\Roaming\\npm\\node_modules\\protractor\\node_modules\\q\\q.js:137:13)\n    at flush (C:\\Users\\thinksysuser\\AppData\\Roaming\\npm\\node_modules\\protractor\\node_modules\\q\\q.js:125:13)\n    at _combinedTickCallback (internal/process/next_tick.js:67:7)\n    at process._tickCallback (internal/process/next_tick.js:98:9)"
      },
      "testCases" : [ {
        "uid" : "ffa7aa838187025a",
        "name" : "Login",
        "title" : "Login",
        "time" : {
          "start" : 1493368519436,
          "stop" : 1493368524668,
          "duration" : 5232
        },
        "severity" : "NORMAL",
        "status" : "FAILED"
      }, {
        "uid" : "4cd7140d4972fe84",
        "name" : "Login",
        "title" : "Login",
        "time" : {
          "start" : 1493043669528,
          "stop" : 1493043679066,
          "duration" : 9538
        },
        "severity" : "NORMAL",
        "status" : "FAILED"
      }, {
        "uid" : "3a33228fca7c66b0",
        "name" : "Login",
        "title" : "Login",
        "time" : {
          "start" : 1493367237050,
          "stop" : 1493367249069,
          "duration" : 12019
        },
        "severity" : "NORMAL",
        "status" : "FAILED"
      }, {
        "uid" : "80e5e5f1e499ab00",
        "name" : "Login",
        "title" : "Login",
        "time" : {
          "start" : 1493367750202,
          "stop" : 1493367758809,
          "duration" : 8607
        },
        "severity" : "NORMAL",
        "status" : "FAILED"
      }, {
        "uid" : "40e46bd73b74674f",
        "name" : "Login",
        "title" : "Login",
        "time" : {
          "start" : 1493365474930,
          "stop" : 1493365488042,
          "duration" : 13112
        },
        "severity" : "NORMAL",
        "status" : "FAILED"
      }, {
        "uid" : "58792d4e2a23163d",
        "name" : "Login",
        "title" : "Login",
        "time" : {
          "start" : 1493368080205,
          "stop" : 1493368085932,
          "duration" : 5727
        },
        "severity" : "NORMAL",
        "status" : "FAILED"
      }, {
        "uid" : "a2b37f7039f317dc",
        "name" : "Login",
        "title" : "Login",
        "time" : {
          "start" : 1493043702543,
          "stop" : 1493043713437,
          "duration" : 10894
        },
        "severity" : "NORMAL",
        "status" : "FAILED"
      }, {
        "uid" : "f216ce73797d3c6c",
        "name" : "Login",
        "title" : "Login",
        "time" : {
          "start" : 1493093204545,
          "stop" : 1493093216751,
          "duration" : 12206
        },
        "severity" : "NORMAL",
        "status" : "FAILED"
      }, {
        "uid" : "5ba50e5b57e68425",
        "name" : "Login",
        "title" : "Login",
        "time" : {
          "start" : 1493368483699,
          "stop" : 1493368488087,
          "duration" : 4388
        },
        "severity" : "NORMAL",
        "status" : "FAILED"
      }, {
        "uid" : "e539b79c08235fb1",
        "name" : "Login",
        "title" : "Login",
        "time" : {
          "start" : 1493368279334,
          "stop" : 1493368286744,
          "duration" : 7410
        },
        "severity" : "NORMAL",
        "status" : "FAILED"
      }, {
        "uid" : "9b14d4ce945c54d4",
        "name" : "Login",
        "title" : "Login",
        "time" : {
          "start" : 1493043551565,
          "stop" : 1493043574768,
          "duration" : 23203
        },
        "severity" : "NORMAL",
        "status" : "FAILED"
      }, {
        "uid" : "7ff2dd67eee0d5ea",
        "name" : "Login",
        "title" : "Login",
        "time" : {
          "start" : 1493365435212,
          "stop" : 1493365446375,
          "duration" : 11163
        },
        "severity" : "NORMAL",
        "status" : "FAILED"
      }, {
        "uid" : "26d42bc17dc82e23",
        "name" : "Login",
        "title" : "Login",
        "time" : {
          "start" : 1493367567996,
          "stop" : 1493367574150,
          "duration" : 6154
        },
        "severity" : "NORMAL",
        "status" : "FAILED"
      }, {
        "uid" : "923037f95cabf0e7",
        "name" : "Login",
        "title" : "Login",
        "time" : {
          "start" : 1493365400142,
          "stop" : 1493365410417,
          "duration" : 10275
        },
        "severity" : "NORMAL",
        "status" : "FAILED"
      }, {
        "uid" : "12d9b96a0abc1846",
        "name" : "Login",
        "title" : "Login",
        "time" : {
          "start" : 1493365670486,
          "stop" : 1493365682726,
          "duration" : 12240
        },
        "severity" : "NORMAL",
        "status" : "FAILED"
      }, {
        "uid" : "fe6c31260efad484",
        "name" : "Login",
        "title" : "Login",
        "time" : {
          "start" : 1493369350233,
          "stop" : 1493369355067,
          "duration" : 4834
        },
        "severity" : "NORMAL",
        "status" : "FAILED"
      }, {
        "uid" : "36456cfee5118972",
        "name" : "Login",
        "title" : "Login",
        "time" : {
          "start" : 1493368690774,
          "stop" : 1493368694846,
          "duration" : 4072
        },
        "severity" : "NORMAL",
        "status" : "FAILED"
      }, {
        "uid" : "b0d407a9522b63e9",
        "name" : "Login",
        "title" : "Login",
        "time" : {
          "start" : 1493368351520,
          "stop" : 1493368356099,
          "duration" : 4579
        },
        "severity" : "NORMAL",
        "status" : "FAILED"
      }, {
        "uid" : "1b1ebc118b42005c",
        "name" : "Login",
        "title" : "Login",
        "time" : {
          "start" : 1493368093381,
          "stop" : 1493368100967,
          "duration" : 7586
        },
        "severity" : "NORMAL",
        "status" : "FAILED"
      }, {
        "uid" : "9c4613d341645193",
        "name" : "Login",
        "title" : "Login",
        "time" : {
          "start" : 1493368239139,
          "stop" : 1493368246790,
          "duration" : 7651
        },
        "severity" : "NORMAL",
        "status" : "FAILED"
      }, {
        "uid" : "2555a04f42ec5da",
        "name" : "Login",
        "title" : "Login",
        "time" : {
          "start" : 1493368933997,
          "stop" : 1493368938533,
          "duration" : 4536
        },
        "severity" : "NORMAL",
        "status" : "FAILED"
      }, {
        "uid" : "e446ec8c04b79999",
        "name" : "Login",
        "title" : "Login",
        "time" : {
          "start" : 1493368427430,
          "stop" : 1493368432340,
          "duration" : 4910
        },
        "severity" : "NORMAL",
        "status" : "FAILED"
      }, {
        "uid" : "29810288dd162655",
        "name" : "Login",
        "title" : "Login",
        "time" : {
          "start" : 1493367214367,
          "stop" : 1493367226274,
          "duration" : 11907
        },
        "severity" : "NORMAL",
        "status" : "FAILED"
      }, {
        "uid" : "b3aaf1f7566c067e",
        "name" : "Login",
        "title" : "Login",
        "time" : {
          "start" : 1493368038713,
          "stop" : 1493368043441,
          "duration" : 4728
        },
        "severity" : "NORMAL",
        "status" : "FAILED"
      } ]
    }, {
      "uid" : "e061946239e0c83b",
      "failure" : {
        "message" : "Failed: unknown error: angular is not defined\n  (Session info: chrome=57.0.2987.133)\n  (Driver info: chromedriver=2.29.461591 (62ebf098771772160f391d75e589dc567915b233),platform=Windows NT 6.1.7601 SP1 x86)",
        "stackTrace" : "WebDriverError: unknown error: angular is not defined\n  (Session info: chrome=57.0.2987.133)\n  (Driver info: chromedriver=2.29.461591 (62ebf098771772160f391d75e589dc567915b233),platform=Windows NT 6.1.7601 SP1 x86)\n    at WebDriverError (C:\\Users\\thinksysuser\\AppData\\Roaming\\npm\\node_modules\\protractor\\node_modules\\selenium-webdriver\\lib\\error.js:27:5)\n    at Object.checkLegacyResponse (C:\\Users\\thinksysuser\\AppData\\Roaming\\npm\\node_modules\\protractor\\node_modules\\selenium-webdriver\\lib\\error.js:505:15)\n    at parseHttpResponse (C:\\Users\\thinksysuser\\AppData\\Roaming\\npm\\node_modules\\protractor\\node_modules\\selenium-webdriver\\lib\\http.js:509:13)\n    at doSend.then.response (C:\\Users\\thinksysuser\\AppData\\Roaming\\npm\\node_modules\\protractor\\node_modules\\selenium-webdriver\\lib\\http.js:440:13)\n    at process._tickCallback (internal/process/next_tick.js:103:7)\nFrom: Task: WebDriver.executeScript()\n    at Driver.schedule (C:\\Users\\thinksysuser\\AppData\\Roaming\\npm\\node_modules\\protractor\\node_modules\\selenium-webdriver\\lib\\webdriver.js:816:17)\n    at Driver.executeScript (C:\\Users\\thinksysuser\\AppData\\Roaming\\npm\\node_modules\\protractor\\node_modules\\selenium-webdriver\\lib\\webdriver.js:887:16)\n    at C:\\Users\\thinksysuser\\AppData\\Roaming\\npm\\node_modules\\protractor\\node_modules\\selenium-webdriver\\lib\\by.js:191:35\n    at call (C:\\Users\\thinksysuser\\AppData\\Roaming\\npm\\node_modules\\protractor\\node_modules\\selenium-webdriver\\lib\\webdriver.js:1075:28)\n    at C:\\Users\\thinksysuser\\AppData\\Roaming\\npm\\node_modules\\protractor\\node_modules\\selenium-webdriver\\lib\\webdriver.js:916:19\n    at ManagedPromise.invokeCallback_ (C:\\Users\\thinksysuser\\AppData\\Roaming\\npm\\node_modules\\protractor\\node_modules\\selenium-webdriver\\lib\\promise.js:1366:14)\n    at TaskQueue.execute_ (C:\\Users\\thinksysuser\\AppData\\Roaming\\npm\\node_modules\\protractor\\node_modules\\selenium-webdriver\\lib\\promise.js:2970:14)\n    at TaskQueue.executeNext_ (C:\\Users\\thinksysuser\\AppData\\Roaming\\npm\\node_modules\\protractor\\node_modules\\selenium-webdriver\\lib\\promise.js:2953:27)\n    at asyncRun (C:\\Users\\thinksysuser\\AppData\\Roaming\\npm\\node_modules\\protractor\\node_modules\\selenium-webdriver\\lib\\promise.js:2860:25)\n    at C:\\Users\\thinksysuser\\AppData\\Roaming\\npm\\node_modules\\protractor\\node_modules\\selenium-webdriver\\lib\\promise.js:676:7\nFrom: Task: WebDriver.call(function)\n    at Driver.call (C:\\Users\\thinksysuser\\AppData\\Roaming\\npm\\node_modules\\protractor\\node_modules\\selenium-webdriver\\lib\\webdriver.js:910:23)\n    at Driver.findElementsInternal_ (C:\\Users\\thinksysuser\\AppData\\Roaming\\npm\\node_modules\\protractor\\node_modules\\selenium-webdriver\\lib\\webdriver.js:1075:17)\n    at Driver.findElements (C:\\Users\\thinksysuser\\AppData\\Roaming\\npm\\node_modules\\protractor\\node_modules\\selenium-webdriver\\lib\\webdriver.js:1052:19)\n    at Object.findElementsOverride (C:\\Users\\thinksysuser\\AppData\\Roaming\\npm\\node_modules\\protractor\\lib\\locators.ts:135:23)\n    at ptor.waitForAngular.then (C:\\Users\\thinksysuser\\AppData\\Roaming\\npm\\node_modules\\protractor\\lib\\element.ts:164:32)\n    at ManagedPromise.invokeCallback_ (C:\\Users\\thinksysuser\\AppData\\Roaming\\npm\\node_modules\\protractor\\node_modules\\selenium-webdriver\\lib\\promise.js:1366:14)\n    at TaskQueue.execute_ (C:\\Users\\thinksysuser\\AppData\\Roaming\\npm\\node_modules\\protractor\\node_modules\\selenium-webdriver\\lib\\promise.js:2970:14)\n    at TaskQueue.executeNext_ (C:\\Users\\thinksysuser\\AppData\\Roaming\\npm\\node_modules\\protractor\\node_modules\\selenium-webdriver\\lib\\promise.js:2953:27)\n    at asyncRun (C:\\Users\\thinksysuser\\AppData\\Roaming\\npm\\node_modules\\protractor\\node_modules\\selenium-webdriver\\lib\\promise.js:2813:27)\n    at C:\\Users\\thinksysuser\\AppData\\Roaming\\npm\\node_modules\\protractor\\node_modules\\selenium-webdriver\\lib\\promise.js:676:7Error\n    at ElementArrayFinder.applyAction_ (C:\\Users\\thinksysuser\\AppData\\Roaming\\npm\\node_modules\\protractor\\lib\\element.ts:482:23)\n    at ElementArrayFinder.(anonymous function) [as getText] (C:\\Users\\thinksysuser\\AppData\\Roaming\\npm\\node_modules\\protractor\\lib\\element.ts:96:21)\n    at ElementFinder.(anonymous function) [as getText] (C:\\Users\\thinksysuser\\AppData\\Roaming\\npm\\node_modules\\protractor\\lib\\element.ts:873:14)\n    at Object.<anonymous> (D:\\protractor\\Demo_thinksys\\rough\\test.js:70:43)\n    at C:\\Users\\thinksysuser\\AppData\\Roaming\\npm\\node_modules\\protractor\\node_modules\\jasminewd2\\index.js:110:25\n    at new ManagedPromise (C:\\Users\\thinksysuser\\AppData\\Roaming\\npm\\node_modules\\protractor\\node_modules\\selenium-webdriver\\lib\\promise.js:1067:7)\n    at ControlFlow.promise (C:\\Users\\thinksysuser\\AppData\\Roaming\\npm\\node_modules\\protractor\\node_modules\\selenium-webdriver\\lib\\promise.js:2396:12)\n    at schedulerExecute (C:\\Users\\thinksysuser\\AppData\\Roaming\\npm\\node_modules\\protractor\\node_modules\\jasminewd2\\index.js:95:18)\n    at TaskQueue.execute_ (C:\\Users\\thinksysuser\\AppData\\Roaming\\npm\\node_modules\\protractor\\node_modules\\selenium-webdriver\\lib\\promise.js:2970:14)\n    at TaskQueue.executeNext_ (C:\\Users\\thinksysuser\\AppData\\Roaming\\npm\\node_modules\\protractor\\node_modules\\selenium-webdriver\\lib\\promise.js:2953:27)\n    at asyncRun (C:\\Users\\thinksysuser\\AppData\\Roaming\\npm\\node_modules\\protractor\\node_modules\\selenium-webdriver\\lib\\promise.js:2813:27)\n    at C:\\Users\\thinksysuser\\AppData\\Roaming\\npm\\node_modules\\protractor\\node_modules\\selenium-webdriver\\lib\\promise.js:676:7\n    at process._tickCallback (internal/process/next_tick.js:103:7)\nFrom: Task: Run it(\"Login\") in control flow\n    at Object.<anonymous> (C:\\Users\\thinksysuser\\AppData\\Roaming\\npm\\node_modules\\protractor\\node_modules\\jasminewd2\\index.js:94:19)\n    at attemptAsync (C:\\Users\\thinksysuser\\AppData\\Roaming\\npm\\node_modules\\protractor\\node_modules\\jasmine-core\\lib\\jasmine-core\\jasmine.js:1980:24)\n    at QueueRunner.run (C:\\Users\\thinksysuser\\AppData\\Roaming\\npm\\node_modules\\protractor\\node_modules\\jasmine-core\\lib\\jasmine-core\\jasmine.js:1935:9)\n    at QueueRunner.execute (C:\\Users\\thinksysuser\\AppData\\Roaming\\npm\\node_modules\\protractor\\node_modules\\jasmine-core\\lib\\jasmine-core\\jasmine.js:1923:10)\n    at Spec.queueRunnerFactory (C:\\Users\\thinksysuser\\AppData\\Roaming\\npm\\node_modules\\protractor\\node_modules\\jasmine-core\\lib\\jasmine-core\\jasmine.js:714:35)\n    at Spec.execute (C:\\Users\\thinksysuser\\AppData\\Roaming\\npm\\node_modules\\protractor\\node_modules\\jasmine-core\\lib\\jasmine-core\\jasmine.js:371:10)\n    at Object.fn (C:\\Users\\thinksysuser\\AppData\\Roaming\\npm\\node_modules\\protractor\\node_modules\\jasmine-core\\lib\\jasmine-core\\jasmine.js:2579:37)\n    at attemptAsync (C:\\Users\\thinksysuser\\AppData\\Roaming\\npm\\node_modules\\protractor\\node_modules\\jasmine-core\\lib\\jasmine-core\\jasmine.js:1980:24)\n    at QueueRunner.run (C:\\Users\\thinksysuser\\AppData\\Roaming\\npm\\node_modules\\protractor\\node_modules\\jasmine-core\\lib\\jasmine-core\\jasmine.js:1935:9)\n    at QueueRunner.execute (C:\\Users\\thinksysuser\\AppData\\Roaming\\npm\\node_modules\\protractor\\node_modules\\jasmine-core\\lib\\jasmine-core\\jasmine.js:1923:10)\n    at queueRunnerFactory (C:\\Users\\thinksysuser\\AppData\\Roaming\\npm\\node_modules\\protractor\\node_modules\\jasmine-core\\lib\\jasmine-core\\jasmine.js:714:35)\n    at Object.fn (C:\\Users\\thinksysuser\\AppData\\Roaming\\npm\\node_modules\\protractor\\node_modules\\jasmine-core\\lib\\jasmine-core\\jasmine.js:2564:13)\n    at attemptAsync (C:\\Users\\thinksysuser\\AppData\\Roaming\\npm\\node_modules\\protractor\\node_modules\\jasmine-core\\lib\\jasmine-core\\jasmine.js:1980:24)\n    at QueueRunner.run (C:\\Users\\thinksysuser\\AppData\\Roaming\\npm\\node_modules\\protractor\\node_modules\\jasmine-core\\lib\\jasmine-core\\jasmine.js:1935:9)\n    at QueueRunner.execute (C:\\Users\\thinksysuser\\AppData\\Roaming\\npm\\node_modules\\protractor\\node_modules\\jasmine-core\\lib\\jasmine-core\\jasmine.js:1923:10)\n    at queueRunnerFactory (C:\\Users\\thinksysuser\\AppData\\Roaming\\npm\\node_modules\\protractor\\node_modules\\jasmine-core\\lib\\jasmine-core\\jasmine.js:714:35)\n    at TreeProcessor.execute (C:\\Users\\thinksysuser\\AppData\\Roaming\\npm\\node_modules\\protractor\\node_modules\\jasmine-core\\lib\\jasmine-core\\jasmine.js:2426:7)\n    at Env.execute (C:\\Users\\thinksysuser\\AppData\\Roaming\\npm\\node_modules\\protractor\\node_modules\\jasmine-core\\lib\\jasmine-core\\jasmine.js:776:17)\n    at Jasmine.execute (C:\\Users\\thinksysuser\\AppData\\Roaming\\npm\\node_modules\\protractor\\node_modules\\jasmine\\lib\\jasmine.js:184:12)\n    at C:\\Users\\thinksysuser\\AppData\\Roaming\\npm\\node_modules\\protractor\\built\\frameworks\\jasmine.js:132:15\n    at Function.promise (C:\\Users\\thinksysuser\\AppData\\Roaming\\npm\\node_modules\\protractor\\node_modules\\q\\q.js:682:9)\n    at C:\\Users\\thinksysuser\\AppData\\Roaming\\npm\\node_modules\\protractor\\built\\frameworks\\jasmine.js:104:14\n    at _fulfilled (C:\\Users\\thinksysuser\\AppData\\Roaming\\npm\\node_modules\\protractor\\node_modules\\q\\q.js:834:54)\n    at self.promiseDispatch.done (C:\\Users\\thinksysuser\\AppData\\Roaming\\npm\\node_modules\\protractor\\node_modules\\q\\q.js:863:30)\n    at Promise.promise.promiseDispatch (C:\\Users\\thinksysuser\\AppData\\Roaming\\npm\\node_modules\\protractor\\node_modules\\q\\q.js:796:13)\n    at C:\\Users\\thinksysuser\\AppData\\Roaming\\npm\\node_modules\\protractor\\node_modules\\q\\q.js:556:49\n    at runSingle (C:\\Users\\thinksysuser\\AppData\\Roaming\\npm\\node_modules\\protractor\\node_modules\\q\\q.js:137:13)\n    at flush (C:\\Users\\thinksysuser\\AppData\\Roaming\\npm\\node_modules\\protractor\\node_modules\\q\\q.js:125:13)\n    at _combinedTickCallback (internal/process/next_tick.js:67:7)\n    at process._tickCallback (internal/process/next_tick.js:98:9)\nFrom asynchronous test: \nError\n    at Suite.<anonymous> (D:\\protractor\\Demo_thinksys\\rough\\test.js:59:5)\n    at addSpecsToSuite (C:\\Users\\thinksysuser\\AppData\\Roaming\\npm\\node_modules\\protractor\\node_modules\\jasmine-core\\lib\\jasmine-core\\jasmine.js:867:25)\n    at Env.describe (C:\\Users\\thinksysuser\\AppData\\Roaming\\npm\\node_modules\\protractor\\node_modules\\jasmine-core\\lib\\jasmine-core\\jasmine.js:836:7)\n    at describe (C:\\Users\\thinksysuser\\AppData\\Roaming\\npm\\node_modules\\protractor\\node_modules\\jasmine-core\\lib\\jasmine-core\\jasmine.js:3576:18)\n    at Object.<anonymous> (D:\\protractor\\Demo_thinksys\\rough\\test.js:3:1)\n    at Module._compile (module.js:570:32)\n    at Object.Module._extensions..js (module.js:579:10)\n    at Module.load (C:\\node_modules\\coffee-script\\lib\\coffee-script\\register.js:45:36)\n    at tryModuleLoad (module.js:446:12)\n    at Function.Module._load (module.js:438:3)\n    at Module.require (module.js:497:17)\n    at require (internal/module.js:20:19)\n    at C:\\Users\\thinksysuser\\AppData\\Roaming\\npm\\node_modules\\protractor\\node_modules\\jasmine\\lib\\jasmine.js:87:5\n    at Array.forEach (native)\n    at Jasmine.loadSpecs (C:\\Users\\thinksysuser\\AppData\\Roaming\\npm\\node_modules\\protractor\\node_modules\\jasmine\\lib\\jasmine.js:86:18)\n    at Jasmine.execute (C:\\Users\\thinksysuser\\AppData\\Roaming\\npm\\node_modules\\protractor\\node_modules\\jasmine\\lib\\jasmine.js:181:8)\n    at C:\\Users\\thinksysuser\\AppData\\Roaming\\npm\\node_modules\\protractor\\built\\frameworks\\jasmine.js:132:15\n    at Function.promise (C:\\Users\\thinksysuser\\AppData\\Roaming\\npm\\node_modules\\protractor\\node_modules\\q\\q.js:682:9)\n    at C:\\Users\\thinksysuser\\AppData\\Roaming\\npm\\node_modules\\protractor\\built\\frameworks\\jasmine.js:104:14\n    at _fulfilled (C:\\Users\\thinksysuser\\AppData\\Roaming\\npm\\node_modules\\protractor\\node_modules\\q\\q.js:834:54)\n    at self.promiseDispatch.done (C:\\Users\\thinksysuser\\AppData\\Roaming\\npm\\node_modules\\protractor\\node_modules\\q\\q.js:863:30)\n    at Promise.promise.promiseDispatch (C:\\Users\\thinksysuser\\AppData\\Roaming\\npm\\node_modules\\protractor\\node_modules\\q\\q.js:796:13)\n    at C:\\Users\\thinksysuser\\AppData\\Roaming\\npm\\node_modules\\protractor\\node_modules\\q\\q.js:556:49\n    at runSingle (C:\\Users\\thinksysuser\\AppData\\Roaming\\npm\\node_modules\\protractor\\node_modules\\q\\q.js:137:13)\n    at flush (C:\\Users\\thinksysuser\\AppData\\Roaming\\npm\\node_modules\\protractor\\node_modules\\q\\q.js:125:13)\n    at _combinedTickCallback (internal/process/next_tick.js:67:7)\n    at process._tickCallback (internal/process/next_tick.js:98:9)"
      },
      "testCases" : [ {
        "uid" : "a898c0f78a258244",
        "name" : "Login",
        "title" : "Login",
        "time" : {
          "start" : 1493043055532,
          "stop" : 1493043082280,
          "duration" : 26748
        },
        "severity" : "NORMAL",
        "status" : "FAILED"
      }, {
        "uid" : "9fb9ddf743dd33e3",
        "name" : "Login",
        "title" : "Login",
        "time" : {
          "start" : 1493043331148,
          "stop" : 1493043359275,
          "duration" : 28127
        },
        "severity" : "NORMAL",
        "status" : "FAILED"
      }, {
        "uid" : "6ba7076ba53505",
        "name" : "Login",
        "title" : "Login",
        "time" : {
          "start" : 1493043192880,
          "stop" : 1493043220602,
          "duration" : 27722
        },
        "severity" : "NORMAL",
        "status" : "FAILED"
      } ]
    }, {
      "uid" : "10d4e391f456c8c6",
      "failure" : {
        "message" : "Error: Timeout - Async callback was not invoked within timeout specified by jasmine.DEFAULT_TIMEOUT_INTERVAL.",
        "stackTrace" : "Error: Timeout - Async callback was not invoked within timeout specified by jasmine.DEFAULT_TIMEOUT_INTERVAL.\n    at Timeout._onTimeout (C:\\Users\\thinksysuser\\AppData\\Roaming\\npm\\node_modules\\protractor\\node_modules\\jasmine-core\\lib\\jasmine-core\\jasmine.js:1973:23)\n    at ontimeout (timers.js:365:14)\n    at tryOnTimeout (timers.js:237:5)\n    at Timer.listOnTimeout (timers.js:207:5)"
      },
      "testCases" : [ {
        "uid" : "937d5bffa62f0509",
        "name" : "Login",
        "title" : "Login",
        "time" : {
          "start" : 1493371407130,
          "stop" : 1493371445763,
          "duration" : 38633
        },
        "severity" : "NORMAL",
        "status" : "FAILED"
      }, {
        "uid" : "1c105af0acca9fdc",
        "name" : "Login",
        "title" : "Login",
        "time" : {
          "start" : 1493614053869,
          "stop" : 1493614113951,
          "duration" : 60082
        },
        "severity" : "NORMAL",
        "status" : "FAILED"
      }, {
        "uid" : "18aa72af20dc95f7",
        "name" : "Login",
        "title" : "Login",
        "time" : {
          "start" : 1493370171097,
          "stop" : 1493370205950,
          "duration" : 34853
        },
        "severity" : "NORMAL",
        "status" : "FAILED"
      }, {
        "uid" : "30372d76ac025847",
        "name" : "Login",
        "title" : "Login",
        "time" : {
          "start" : 1493369974527,
          "stop" : 1493370034550,
          "duration" : 60023
        },
        "severity" : "NORMAL",
        "status" : "FAILED"
      }, {
        "uid" : "26f389ad47cc0d7c",
        "name" : "Login",
        "title" : "Login",
        "time" : {
          "start" : 1493371600327,
          "stop" : 1493371646873,
          "duration" : 46546
        },
        "severity" : "NORMAL",
        "status" : "FAILED"
      }, {
        "uid" : "a953a6e6b020d110",
        "name" : "Login",
        "title" : "Login",
        "time" : {
          "start" : 1493376582648,
          "stop" : 1493376621772,
          "duration" : 39124
        },
        "severity" : "NORMAL",
        "status" : "FAILED"
      }, {
        "uid" : "ed5b363d34dadc33",
        "name" : "Login",
        "title" : "Login",
        "time" : {
          "start" : 1493367269263,
          "stop" : 1493367307851,
          "duration" : 38588
        },
        "severity" : "NORMAL",
        "status" : "FAILED"
      } ]
    }, {
      "uid" : "61c4a705059acf1c",
      "failure" : {
        "message" : "Expected 'Test Freelancers' to be 'Freelancers'.",
        "stackTrace" : "Error: Failed expectation\n    at D:\\protractor\\Demo_thinksys\\rough\\test.js:74:23\n    at elementArrayFinder_.then (C:\\Users\\thinksysuser\\AppData\\Roaming\\npm\\node_modules\\protractor\\lib\\element.ts:840:22)\n    at ManagedPromise.invokeCallback_ (C:\\Users\\thinksysuser\\AppData\\Roaming\\npm\\node_modules\\protractor\\node_modules\\selenium-webdriver\\lib\\promise.js:1366:14)\n    at TaskQueue.execute_ (C:\\Users\\thinksysuser\\AppData\\Roaming\\npm\\node_modules\\protractor\\node_modules\\selenium-webdriver\\lib\\promise.js:2970:14)\n    at TaskQueue.executeNext_ (C:\\Users\\thinksysuser\\AppData\\Roaming\\npm\\node_modules\\protractor\\node_modules\\selenium-webdriver\\lib\\promise.js:2953:27)\n    at asyncRun (C:\\Users\\thinksysuser\\AppData\\Roaming\\npm\\node_modules\\protractor\\node_modules\\selenium-webdriver\\lib\\promise.js:2813:27)\n    at C:\\Users\\thinksysuser\\AppData\\Roaming\\npm\\node_modules\\protractor\\node_modules\\selenium-webdriver\\lib\\promise.js:676:7\n    at process._tickCallback (internal/process/next_tick.js:103:7)"
      },
      "testCases" : [ {
        "uid" : "e3f6627e7d2db4eb",
        "name" : "Login",
        "title" : "Login",
        "time" : {
          "start" : 1493376501937,
          "stop" : 1493376525230,
          "duration" : 23293
        },
        "severity" : "NORMAL",
        "status" : "FAILED"
      } ]
    }, {
      "uid" : "f442a42bafb1689f",
      "failure" : {
        "message" : "Failed: browser.findElement(...).click(...).sendKeys is not a function",
        "stackTrace" : "TypeError: browser.findElement(...).click(...).sendKeys is not a function\n    at Object.<anonymous> (D:\\protractor\\Demo_thinksys\\rough\\test.js:67:78)\n    at C:\\Users\\thinksysuser\\AppData\\Roaming\\npm\\node_modules\\protractor\\node_modules\\jasminewd2\\index.js:110:25\n    at new ManagedPromise (C:\\Users\\thinksysuser\\AppData\\Roaming\\npm\\node_modules\\protractor\\node_modules\\selenium-webdriver\\lib\\promise.js:1067:7)\n    at ControlFlow.promise (C:\\Users\\thinksysuser\\AppData\\Roaming\\npm\\node_modules\\protractor\\node_modules\\selenium-webdriver\\lib\\promise.js:2396:12)\n    at schedulerExecute (C:\\Users\\thinksysuser\\AppData\\Roaming\\npm\\node_modules\\protractor\\node_modules\\jasminewd2\\index.js:95:18)\n    at TaskQueue.execute_ (C:\\Users\\thinksysuser\\AppData\\Roaming\\npm\\node_modules\\protractor\\node_modules\\selenium-webdriver\\lib\\promise.js:2970:14)\n    at TaskQueue.executeNext_ (C:\\Users\\thinksysuser\\AppData\\Roaming\\npm\\node_modules\\protractor\\node_modules\\selenium-webdriver\\lib\\promise.js:2953:27)\n    at asyncRun (C:\\Users\\thinksysuser\\AppData\\Roaming\\npm\\node_modules\\protractor\\node_modules\\selenium-webdriver\\lib\\promise.js:2813:27)\n    at C:\\Users\\thinksysuser\\AppData\\Roaming\\npm\\node_modules\\protractor\\node_modules\\selenium-webdriver\\lib\\promise.js:676:7\n    at process._tickCallback (internal/process/next_tick.js:103:7)\nFrom: Task: Run it(\"Login\") in control flow\n    at Object.<anonymous> (C:\\Users\\thinksysuser\\AppData\\Roaming\\npm\\node_modules\\protractor\\node_modules\\jasminewd2\\index.js:94:19)\n    at attemptAsync (C:\\Users\\thinksysuser\\AppData\\Roaming\\npm\\node_modules\\protractor\\node_modules\\jasmine-core\\lib\\jasmine-core\\jasmine.js:1980:24)\n    at QueueRunner.run (C:\\Users\\thinksysuser\\AppData\\Roaming\\npm\\node_modules\\protractor\\node_modules\\jasmine-core\\lib\\jasmine-core\\jasmine.js:1935:9)\n    at QueueRunner.execute (C:\\Users\\thinksysuser\\AppData\\Roaming\\npm\\node_modules\\protractor\\node_modules\\jasmine-core\\lib\\jasmine-core\\jasmine.js:1923:10)\n    at Spec.queueRunnerFactory (C:\\Users\\thinksysuser\\AppData\\Roaming\\npm\\node_modules\\protractor\\node_modules\\jasmine-core\\lib\\jasmine-core\\jasmine.js:714:35)\n    at Spec.execute (C:\\Users\\thinksysuser\\AppData\\Roaming\\npm\\node_modules\\protractor\\node_modules\\jasmine-core\\lib\\jasmine-core\\jasmine.js:371:10)\n    at Object.fn (C:\\Users\\thinksysuser\\AppData\\Roaming\\npm\\node_modules\\protractor\\node_modules\\jasmine-core\\lib\\jasmine-core\\jasmine.js:2579:37)\n    at attemptAsync (C:\\Users\\thinksysuser\\AppData\\Roaming\\npm\\node_modules\\protractor\\node_modules\\jasmine-core\\lib\\jasmine-core\\jasmine.js:1980:24)\n    at QueueRunner.run (C:\\Users\\thinksysuser\\AppData\\Roaming\\npm\\node_modules\\protractor\\node_modules\\jasmine-core\\lib\\jasmine-core\\jasmine.js:1935:9)\n    at QueueRunner.execute (C:\\Users\\thinksysuser\\AppData\\Roaming\\npm\\node_modules\\protractor\\node_modules\\jasmine-core\\lib\\jasmine-core\\jasmine.js:1923:10)\n    at queueRunnerFactory (C:\\Users\\thinksysuser\\AppData\\Roaming\\npm\\node_modules\\protractor\\node_modules\\jasmine-core\\lib\\jasmine-core\\jasmine.js:714:35)\n    at Object.fn (C:\\Users\\thinksysuser\\AppData\\Roaming\\npm\\node_modules\\protractor\\node_modules\\jasmine-core\\lib\\jasmine-core\\jasmine.js:2564:13)\n    at attemptAsync (C:\\Users\\thinksysuser\\AppData\\Roaming\\npm\\node_modules\\protractor\\node_modules\\jasmine-core\\lib\\jasmine-core\\jasmine.js:1980:24)\n    at QueueRunner.run (C:\\Users\\thinksysuser\\AppData\\Roaming\\npm\\node_modules\\protractor\\node_modules\\jasmine-core\\lib\\jasmine-core\\jasmine.js:1935:9)\n    at QueueRunner.execute (C:\\Users\\thinksysuser\\AppData\\Roaming\\npm\\node_modules\\protractor\\node_modules\\jasmine-core\\lib\\jasmine-core\\jasmine.js:1923:10)\n    at queueRunnerFactory (C:\\Users\\thinksysuser\\AppData\\Roaming\\npm\\node_modules\\protractor\\node_modules\\jasmine-core\\lib\\jasmine-core\\jasmine.js:714:35)\n    at TreeProcessor.execute (C:\\Users\\thinksysuser\\AppData\\Roaming\\npm\\node_modules\\protractor\\node_modules\\jasmine-core\\lib\\jasmine-core\\jasmine.js:2426:7)\n    at Env.execute (C:\\Users\\thinksysuser\\AppData\\Roaming\\npm\\node_modules\\protractor\\node_modules\\jasmine-core\\lib\\jasmine-core\\jasmine.js:776:17)\n    at Jasmine.execute (C:\\Users\\thinksysuser\\AppData\\Roaming\\npm\\node_modules\\protractor\\node_modules\\jasmine\\lib\\jasmine.js:184:12)\n    at C:\\Users\\thinksysuser\\AppData\\Roaming\\npm\\node_modules\\protractor\\built\\frameworks\\jasmine.js:132:15\n    at Function.promise (C:\\Users\\thinksysuser\\AppData\\Roaming\\npm\\node_modules\\protractor\\node_modules\\q\\q.js:682:9)\n    at C:\\Users\\thinksysuser\\AppData\\Roaming\\npm\\node_modules\\protractor\\built\\frameworks\\jasmine.js:104:14\n    at _fulfilled (C:\\Users\\thinksysuser\\AppData\\Roaming\\npm\\node_modules\\protractor\\node_modules\\q\\q.js:834:54)\n    at self.promiseDispatch.done (C:\\Users\\thinksysuser\\AppData\\Roaming\\npm\\node_modules\\protractor\\node_modules\\q\\q.js:863:30)\n    at Promise.promise.promiseDispatch (C:\\Users\\thinksysuser\\AppData\\Roaming\\npm\\node_modules\\protractor\\node_modules\\q\\q.js:796:13)\n    at C:\\Users\\thinksysuser\\AppData\\Roaming\\npm\\node_modules\\protractor\\node_modules\\q\\q.js:556:49\n    at runSingle (C:\\Users\\thinksysuser\\AppData\\Roaming\\npm\\node_modules\\protractor\\node_modules\\q\\q.js:137:13)\n    at flush (C:\\Users\\thinksysuser\\AppData\\Roaming\\npm\\node_modules\\protractor\\node_modules\\q\\q.js:125:13)\n    at _combinedTickCallback (internal/process/next_tick.js:67:7)\n    at process._tickCallback (internal/process/next_tick.js:98:9)\nFrom asynchronous test: \nError\n    at Suite.<anonymous> (D:\\protractor\\Demo_thinksys\\rough\\test.js:59:5)\n    at addSpecsToSuite (C:\\Users\\thinksysuser\\AppData\\Roaming\\npm\\node_modules\\protractor\\node_modules\\jasmine-core\\lib\\jasmine-core\\jasmine.js:867:25)\n    at Env.describe (C:\\Users\\thinksysuser\\AppData\\Roaming\\npm\\node_modules\\protractor\\node_modules\\jasmine-core\\lib\\jasmine-core\\jasmine.js:836:7)\n    at describe (C:\\Users\\thinksysuser\\AppData\\Roaming\\npm\\node_modules\\protractor\\node_modules\\jasmine-core\\lib\\jasmine-core\\jasmine.js:3576:18)\n    at Object.<anonymous> (D:\\protractor\\Demo_thinksys\\rough\\test.js:3:1)\n    at Module._compile (module.js:570:32)\n    at Object.Module._extensions..js (module.js:579:10)\n    at Module.load (C:\\node_modules\\coffee-script\\lib\\coffee-script\\register.js:45:36)\n    at tryModuleLoad (module.js:446:12)\n    at Function.Module._load (module.js:438:3)\n    at Module.require (module.js:497:17)\n    at require (internal/module.js:20:19)\n    at C:\\Users\\thinksysuser\\AppData\\Roaming\\npm\\node_modules\\protractor\\node_modules\\jasmine\\lib\\jasmine.js:87:5\n    at Array.forEach (native)\n    at Jasmine.loadSpecs (C:\\Users\\thinksysuser\\AppData\\Roaming\\npm\\node_modules\\protractor\\node_modules\\jasmine\\lib\\jasmine.js:86:18)\n    at Jasmine.execute (C:\\Users\\thinksysuser\\AppData\\Roaming\\npm\\node_modules\\protractor\\node_modules\\jasmine\\lib\\jasmine.js:181:8)\n    at C:\\Users\\thinksysuser\\AppData\\Roaming\\npm\\node_modules\\protractor\\built\\frameworks\\jasmine.js:132:15\n    at Function.promise (C:\\Users\\thinksysuser\\AppData\\Roaming\\npm\\node_modules\\protractor\\node_modules\\q\\q.js:682:9)\n    at C:\\Users\\thinksysuser\\AppData\\Roaming\\npm\\node_modules\\protractor\\built\\frameworks\\jasmine.js:104:14\n    at _fulfilled (C:\\Users\\thinksysuser\\AppData\\Roaming\\npm\\node_modules\\protractor\\node_modules\\q\\q.js:834:54)\n    at self.promiseDispatch.done (C:\\Users\\thinksysuser\\AppData\\Roaming\\npm\\node_modules\\protractor\\node_modules\\q\\q.js:863:30)\n    at Promise.promise.promiseDispatch (C:\\Users\\thinksysuser\\AppData\\Roaming\\npm\\node_modules\\protractor\\node_modules\\q\\q.js:796:13)\n    at C:\\Users\\thinksysuser\\AppData\\Roaming\\npm\\node_modules\\protractor\\node_modules\\q\\q.js:556:49\n    at runSingle (C:\\Users\\thinksysuser\\AppData\\Roaming\\npm\\node_modules\\protractor\\node_modules\\q\\q.js:137:13)\n    at flush (C:\\Users\\thinksysuser\\AppData\\Roaming\\npm\\node_modules\\protractor\\node_modules\\q\\q.js:125:13)\n    at _combinedTickCallback (internal/process/next_tick.js:67:7)\n    at process._tickCallback (internal/process/next_tick.js:98:9)"
      },
      "testCases" : [ {
        "uid" : "69a11327debf48e1",
        "name" : "Login",
        "title" : "Login",
        "time" : {
          "start" : 1493365593648,
          "stop" : 1493365593710,
          "duration" : 62
        },
        "severity" : "NORMAL",
        "status" : "FAILED"
      } ]
    }, {
      "uid" : "1afa83e20035623e",
      "failure" : {
        "message" : "Failed: Error while waiting for Protractor to sync with the page: \"window.angular is undefined.  This could be either because this is a non-angular page or because your test involves client-side navigation, which can interfere with Protractor's bootstrapping.  See http://git.io/v4gXM for details\"",
        "stackTrace" : "Error: Error while waiting for Protractor to sync with the page: \"window.angular is undefined.  This could be either because this is a non-angular page or because your test involves client-side navigation, which can interfere with Protractor's bootstrapping.  See http://git.io/v4gXM for details\"\n    at runWaitForAngularScript.then (C:\\Users\\thinksysuser\\AppData\\Roaming\\npm\\node_modules\\protractor\\lib\\browser.ts:655:19)\n    at ManagedPromise.invokeCallback_ (C:\\Users\\thinksysuser\\AppData\\Roaming\\npm\\node_modules\\protractor\\node_modules\\selenium-webdriver\\lib\\promise.js:1366:14)\n    at TaskQueue.execute_ (C:\\Users\\thinksysuser\\AppData\\Roaming\\npm\\node_modules\\protractor\\node_modules\\selenium-webdriver\\lib\\promise.js:2970:14)\n    at TaskQueue.executeNext_ (C:\\Users\\thinksysuser\\AppData\\Roaming\\npm\\node_modules\\protractor\\node_modules\\selenium-webdriver\\lib\\promise.js:2953:27)\n    at asyncRun (C:\\Users\\thinksysuser\\AppData\\Roaming\\npm\\node_modules\\protractor\\node_modules\\selenium-webdriver\\lib\\promise.js:2813:27)\n    at C:\\Users\\thinksysuser\\AppData\\Roaming\\npm\\node_modules\\protractor\\node_modules\\selenium-webdriver\\lib\\promise.js:676:7\n    at process._tickCallback (internal/process/next_tick.js:103:7)\nFrom: Task: WebElement.sendKeys()\n    at Driver.schedule (C:\\Users\\thinksysuser\\AppData\\Roaming\\npm\\node_modules\\protractor\\node_modules\\selenium-webdriver\\lib\\webdriver.js:816:17)\n    at WebElementPromise.schedule_ (C:\\Users\\thinksysuser\\AppData\\Roaming\\npm\\node_modules\\protractor\\node_modules\\selenium-webdriver\\lib\\webdriver.js:1921:25)\n    at WebElementPromise.sendKeys (C:\\Users\\thinksysuser\\AppData\\Roaming\\npm\\node_modules\\protractor\\node_modules\\selenium-webdriver\\lib\\webdriver.js:2084:19)\n    at Object.<anonymous> (D:\\protractor\\Demo_thinksys\\rough\\test.js:65:62)\n    at C:\\Users\\thinksysuser\\AppData\\Roaming\\npm\\node_modules\\protractor\\node_modules\\jasminewd2\\index.js:110:25\n    at new ManagedPromise (C:\\Users\\thinksysuser\\AppData\\Roaming\\npm\\node_modules\\protractor\\node_modules\\selenium-webdriver\\lib\\promise.js:1067:7)\n    at ControlFlow.promise (C:\\Users\\thinksysuser\\AppData\\Roaming\\npm\\node_modules\\protractor\\node_modules\\selenium-webdriver\\lib\\promise.js:2396:12)\n    at schedulerExecute (C:\\Users\\thinksysuser\\AppData\\Roaming\\npm\\node_modules\\protractor\\node_modules\\jasminewd2\\index.js:95:18)\n    at TaskQueue.execute_ (C:\\Users\\thinksysuser\\AppData\\Roaming\\npm\\node_modules\\protractor\\node_modules\\selenium-webdriver\\lib\\promise.js:2970:14)\n    at TaskQueue.executeNext_ (C:\\Users\\thinksysuser\\AppData\\Roaming\\npm\\node_modules\\protractor\\node_modules\\selenium-webdriver\\lib\\promise.js:2953:27)\n    at asyncRun (C:\\Users\\thinksysuser\\AppData\\Roaming\\npm\\node_modules\\protractor\\node_modules\\selenium-webdriver\\lib\\promise.js:2860:25)\n    at C:\\Users\\thinksysuser\\AppData\\Roaming\\npm\\node_modules\\protractor\\node_modules\\selenium-webdriver\\lib\\promise.js:676:7\n    at process._tickCallback (internal/process/next_tick.js:103:7)\nFrom: Task: Run it(\"Login\") in control flow\n    at Object.<anonymous> (C:\\Users\\thinksysuser\\AppData\\Roaming\\npm\\node_modules\\protractor\\node_modules\\jasminewd2\\index.js:94:19)\n    at attemptAsync (C:\\Users\\thinksysuser\\AppData\\Roaming\\npm\\node_modules\\protractor\\node_modules\\jasmine-core\\lib\\jasmine-core\\jasmine.js:1980:24)\n    at QueueRunner.run (C:\\Users\\thinksysuser\\AppData\\Roaming\\npm\\node_modules\\protractor\\node_modules\\jasmine-core\\lib\\jasmine-core\\jasmine.js:1935:9)\n    at QueueRunner.execute (C:\\Users\\thinksysuser\\AppData\\Roaming\\npm\\node_modules\\protractor\\node_modules\\jasmine-core\\lib\\jasmine-core\\jasmine.js:1923:10)\n    at Spec.queueRunnerFactory (C:\\Users\\thinksysuser\\AppData\\Roaming\\npm\\node_modules\\protractor\\node_modules\\jasmine-core\\lib\\jasmine-core\\jasmine.js:714:35)\n    at Spec.execute (C:\\Users\\thinksysuser\\AppData\\Roaming\\npm\\node_modules\\protractor\\node_modules\\jasmine-core\\lib\\jasmine-core\\jasmine.js:371:10)\n    at Object.fn (C:\\Users\\thinksysuser\\AppData\\Roaming\\npm\\node_modules\\protractor\\node_modules\\jasmine-core\\lib\\jasmine-core\\jasmine.js:2579:37)\n    at attemptAsync (C:\\Users\\thinksysuser\\AppData\\Roaming\\npm\\node_modules\\protractor\\node_modules\\jasmine-core\\lib\\jasmine-core\\jasmine.js:1980:24)\n    at QueueRunner.run (C:\\Users\\thinksysuser\\AppData\\Roaming\\npm\\node_modules\\protractor\\node_modules\\jasmine-core\\lib\\jasmine-core\\jasmine.js:1935:9)\n    at QueueRunner.execute (C:\\Users\\thinksysuser\\AppData\\Roaming\\npm\\node_modules\\protractor\\node_modules\\jasmine-core\\lib\\jasmine-core\\jasmine.js:1923:10)\n    at queueRunnerFactory (C:\\Users\\thinksysuser\\AppData\\Roaming\\npm\\node_modules\\protractor\\node_modules\\jasmine-core\\lib\\jasmine-core\\jasmine.js:714:35)\n    at Object.fn (C:\\Users\\thinksysuser\\AppData\\Roaming\\npm\\node_modules\\protractor\\node_modules\\jasmine-core\\lib\\jasmine-core\\jasmine.js:2564:13)\n    at attemptAsync (C:\\Users\\thinksysuser\\AppData\\Roaming\\npm\\node_modules\\protractor\\node_modules\\jasmine-core\\lib\\jasmine-core\\jasmine.js:1980:24)\n    at QueueRunner.run (C:\\Users\\thinksysuser\\AppData\\Roaming\\npm\\node_modules\\protractor\\node_modules\\jasmine-core\\lib\\jasmine-core\\jasmine.js:1935:9)\n    at QueueRunner.execute (C:\\Users\\thinksysuser\\AppData\\Roaming\\npm\\node_modules\\protractor\\node_modules\\jasmine-core\\lib\\jasmine-core\\jasmine.js:1923:10)\n    at queueRunnerFactory (C:\\Users\\thinksysuser\\AppData\\Roaming\\npm\\node_modules\\protractor\\node_modules\\jasmine-core\\lib\\jasmine-core\\jasmine.js:714:35)\n    at TreeProcessor.execute (C:\\Users\\thinksysuser\\AppData\\Roaming\\npm\\node_modules\\protractor\\node_modules\\jasmine-core\\lib\\jasmine-core\\jasmine.js:2426:7)\n    at Env.execute (C:\\Users\\thinksysuser\\AppData\\Roaming\\npm\\node_modules\\protractor\\node_modules\\jasmine-core\\lib\\jasmine-core\\jasmine.js:776:17)\n    at Jasmine.execute (C:\\Users\\thinksysuser\\AppData\\Roaming\\npm\\node_modules\\protractor\\node_modules\\jasmine\\lib\\jasmine.js:184:12)\n    at C:\\Users\\thinksysuser\\AppData\\Roaming\\npm\\node_modules\\protractor\\built\\frameworks\\jasmine.js:132:15\n    at Function.promise (C:\\Users\\thinksysuser\\AppData\\Roaming\\npm\\node_modules\\protractor\\node_modules\\q\\q.js:682:9)\n    at C:\\Users\\thinksysuser\\AppData\\Roaming\\npm\\node_modules\\protractor\\built\\frameworks\\jasmine.js:104:14\n    at _fulfilled (C:\\Users\\thinksysuser\\AppData\\Roaming\\npm\\node_modules\\protractor\\node_modules\\q\\q.js:834:54)\n    at self.promiseDispatch.done (C:\\Users\\thinksysuser\\AppData\\Roaming\\npm\\node_modules\\protractor\\node_modules\\q\\q.js:863:30)\n    at Promise.promise.promiseDispatch (C:\\Users\\thinksysuser\\AppData\\Roaming\\npm\\node_modules\\protractor\\node_modules\\q\\q.js:796:13)\n    at C:\\Users\\thinksysuser\\AppData\\Roaming\\npm\\node_modules\\protractor\\node_modules\\q\\q.js:556:49\n    at runSingle (C:\\Users\\thinksysuser\\AppData\\Roaming\\npm\\node_modules\\protractor\\node_modules\\q\\q.js:137:13)\n    at flush (C:\\Users\\thinksysuser\\AppData\\Roaming\\npm\\node_modules\\protractor\\node_modules\\q\\q.js:125:13)\n    at _combinedTickCallback (internal/process/next_tick.js:67:7)\n    at process._tickCallback (internal/process/next_tick.js:98:9)\nFrom asynchronous test: \nError\n    at Suite.<anonymous> (D:\\protractor\\Demo_thinksys\\rough\\test.js:58:5)\n    at addSpecsToSuite (C:\\Users\\thinksysuser\\AppData\\Roaming\\npm\\node_modules\\protractor\\node_modules\\jasmine-core\\lib\\jasmine-core\\jasmine.js:867:25)\n    at Env.describe (C:\\Users\\thinksysuser\\AppData\\Roaming\\npm\\node_modules\\protractor\\node_modules\\jasmine-core\\lib\\jasmine-core\\jasmine.js:836:7)\n    at describe (C:\\Users\\thinksysuser\\AppData\\Roaming\\npm\\node_modules\\protractor\\node_modules\\jasmine-core\\lib\\jasmine-core\\jasmine.js:3576:18)\n    at Object.<anonymous> (D:\\protractor\\Demo_thinksys\\rough\\test.js:3:1)\n    at Module._compile (module.js:570:32)\n    at Object.Module._extensions..js (module.js:579:10)\n    at Module.load (C:\\node_modules\\coffee-script\\lib\\coffee-script\\register.js:45:36)\n    at tryModuleLoad (module.js:446:12)\n    at Function.Module._load (module.js:438:3)\n    at Module.require (module.js:497:17)\n    at require (internal/module.js:20:19)\n    at C:\\Users\\thinksysuser\\AppData\\Roaming\\npm\\node_modules\\protractor\\node_modules\\jasmine\\lib\\jasmine.js:87:5\n    at Array.forEach (native)\n    at Jasmine.loadSpecs (C:\\Users\\thinksysuser\\AppData\\Roaming\\npm\\node_modules\\protractor\\node_modules\\jasmine\\lib\\jasmine.js:86:18)\n    at Jasmine.execute (C:\\Users\\thinksysuser\\AppData\\Roaming\\npm\\node_modules\\protractor\\node_modules\\jasmine\\lib\\jasmine.js:181:8)\n    at C:\\Users\\thinksysuser\\AppData\\Roaming\\npm\\node_modules\\protractor\\built\\frameworks\\jasmine.js:132:15\n    at Function.promise (C:\\Users\\thinksysuser\\AppData\\Roaming\\npm\\node_modules\\protractor\\node_modules\\q\\q.js:682:9)\n    at C:\\Users\\thinksysuser\\AppData\\Roaming\\npm\\node_modules\\protractor\\built\\frameworks\\jasmine.js:104:14\n    at _fulfilled (C:\\Users\\thinksysuser\\AppData\\Roaming\\npm\\node_modules\\protractor\\node_modules\\q\\q.js:834:54)\n    at self.promiseDispatch.done (C:\\Users\\thinksysuser\\AppData\\Roaming\\npm\\node_modules\\protractor\\node_modules\\q\\q.js:863:30)\n    at Promise.promise.promiseDispatch (C:\\Users\\thinksysuser\\AppData\\Roaming\\npm\\node_modules\\protractor\\node_modules\\q\\q.js:796:13)\n    at C:\\Users\\thinksysuser\\AppData\\Roaming\\npm\\node_modules\\protractor\\node_modules\\q\\q.js:556:49\n    at runSingle (C:\\Users\\thinksysuser\\AppData\\Roaming\\npm\\node_modules\\protractor\\node_modules\\q\\q.js:137:13)\n    at flush (C:\\Users\\thinksysuser\\AppData\\Roaming\\npm\\node_modules\\protractor\\node_modules\\q\\q.js:125:13)\n    at _combinedTickCallback (internal/process/next_tick.js:67:7)\n    at process._tickCallback (internal/process/next_tick.js:98:9)"
      },
      "testCases" : [ {
        "uid" : "1b80cacbb6dc1a9e",
        "name" : "Login",
        "title" : "Login",
        "time" : {
          "start" : 1493040960078,
          "stop" : 1493040970295,
          "duration" : 10217
        },
        "severity" : "NORMAL",
        "status" : "FAILED"
      } ]
    }, {
      "uid" : "f0739ee303cdb9fa",
      "failure" : {
        "message" : "Failed: no such window: target window already closed\nfrom unknown error: web view not found\n  (Session info: chrome=58.0.3029.81)\n  (Driver info: chromedriver=2.29.461591 (62ebf098771772160f391d75e589dc567915b233),platform=Windows NT 6.1.7601 SP1 x86)",
        "stackTrace" : "NoSuchWindowError: no such window: target window already closed\nfrom unknown error: web view not found\n  (Session info: chrome=58.0.3029.81)\n  (Driver info: chromedriver=2.29.461591 (62ebf098771772160f391d75e589dc567915b233),platform=Windows NT 6.1.7601 SP1 x86)\n    at WebDriverError (C:\\Users\\thinksysuser\\AppData\\Roaming\\npm\\node_modules\\protractor\\node_modules\\selenium-webdriver\\lib\\error.js:27:5)\n    at NoSuchWindowError (C:\\Users\\thinksysuser\\AppData\\Roaming\\npm\\node_modules\\protractor\\node_modules\\selenium-webdriver\\lib\\error.js:192:5)\n    at Object.checkLegacyResponse (C:\\Users\\thinksysuser\\AppData\\Roaming\\npm\\node_modules\\protractor\\node_modules\\selenium-webdriver\\lib\\error.js:505:15)\n    at parseHttpResponse (C:\\Users\\thinksysuser\\AppData\\Roaming\\npm\\node_modules\\protractor\\node_modules\\selenium-webdriver\\lib\\http.js:509:13)\n    at doSend.then.response (C:\\Users\\thinksysuser\\AppData\\Roaming\\npm\\node_modules\\protractor\\node_modules\\selenium-webdriver\\lib\\http.js:440:13)\n    at process._tickCallback (internal/process/next_tick.js:103:7)\nFrom: Task: WebDriver.findElements(By(xpath, //*[@label='Email Address']))\n    at Driver.schedule (C:\\Users\\thinksysuser\\AppData\\Roaming\\npm\\node_modules\\protractor\\node_modules\\selenium-webdriver\\lib\\webdriver.js:816:17)\n    at Driver.findElements (C:\\Users\\thinksysuser\\AppData\\Roaming\\npm\\node_modules\\protractor\\node_modules\\selenium-webdriver\\lib\\webdriver.js:1057:22)\n    at ptor.waitForAngular.then (C:\\Users\\thinksysuser\\AppData\\Roaming\\npm\\node_modules\\protractor\\lib\\element.ts:166:36)\n    at ManagedPromise.invokeCallback_ (C:\\Users\\thinksysuser\\AppData\\Roaming\\npm\\node_modules\\protractor\\node_modules\\selenium-webdriver\\lib\\promise.js:1366:14)\n    at TaskQueue.execute_ (C:\\Users\\thinksysuser\\AppData\\Roaming\\npm\\node_modules\\protractor\\node_modules\\selenium-webdriver\\lib\\promise.js:2970:14)\n    at TaskQueue.executeNext_ (C:\\Users\\thinksysuser\\AppData\\Roaming\\npm\\node_modules\\protractor\\node_modules\\selenium-webdriver\\lib\\promise.js:2953:27)\n    at asyncRun (C:\\Users\\thinksysuser\\AppData\\Roaming\\npm\\node_modules\\protractor\\node_modules\\selenium-webdriver\\lib\\promise.js:2813:27)\n    at C:\\Users\\thinksysuser\\AppData\\Roaming\\npm\\node_modules\\protractor\\node_modules\\selenium-webdriver\\lib\\promise.js:676:7\n    at process._tickCallback (internal/process/next_tick.js:103:7)\nFrom: Task: WebElement.sendKeys()\n    at Driver.schedule (C:\\Users\\thinksysuser\\AppData\\Roaming\\npm\\node_modules\\protractor\\node_modules\\selenium-webdriver\\lib\\webdriver.js:816:17)\n    at WebElementPromise.schedule_ (C:\\Users\\thinksysuser\\AppData\\Roaming\\npm\\node_modules\\protractor\\node_modules\\selenium-webdriver\\lib\\webdriver.js:1921:25)\n    at WebElementPromise.sendKeys (C:\\Users\\thinksysuser\\AppData\\Roaming\\npm\\node_modules\\protractor\\node_modules\\selenium-webdriver\\lib\\webdriver.js:2084:19)\n    at Object.<anonymous> (D:\\protractor\\Demo_thinksys\\rough\\test.js:67:70)\n    at C:\\Users\\thinksysuser\\AppData\\Roaming\\npm\\node_modules\\protractor\\node_modules\\jasminewd2\\index.js:110:25\n    at new ManagedPromise (C:\\Users\\thinksysuser\\AppData\\Roaming\\npm\\node_modules\\protractor\\node_modules\\selenium-webdriver\\lib\\promise.js:1067:7)\n    at ControlFlow.promise (C:\\Users\\thinksysuser\\AppData\\Roaming\\npm\\node_modules\\protractor\\node_modules\\selenium-webdriver\\lib\\promise.js:2396:12)\n    at schedulerExecute (C:\\Users\\thinksysuser\\AppData\\Roaming\\npm\\node_modules\\protractor\\node_modules\\jasminewd2\\index.js:95:18)\n    at TaskQueue.execute_ (C:\\Users\\thinksysuser\\AppData\\Roaming\\npm\\node_modules\\protractor\\node_modules\\selenium-webdriver\\lib\\promise.js:2970:14)\n    at TaskQueue.executeNext_ (C:\\Users\\thinksysuser\\AppData\\Roaming\\npm\\node_modules\\protractor\\node_modules\\selenium-webdriver\\lib\\promise.js:2953:27)\n    at asyncRun (C:\\Users\\thinksysuser\\AppData\\Roaming\\npm\\node_modules\\protractor\\node_modules\\selenium-webdriver\\lib\\promise.js:2813:27)\n    at C:\\Users\\thinksysuser\\AppData\\Roaming\\npm\\node_modules\\protractor\\node_modules\\selenium-webdriver\\lib\\promise.js:676:7\n    at process._tickCallback (internal/process/next_tick.js:103:7)\nFrom: Task: Run it(\"Login\") in control flow\n    at Object.<anonymous> (C:\\Users\\thinksysuser\\AppData\\Roaming\\npm\\node_modules\\protractor\\node_modules\\jasminewd2\\index.js:94:19)\n    at attemptAsync (C:\\Users\\thinksysuser\\AppData\\Roaming\\npm\\node_modules\\protractor\\node_modules\\jasmine-core\\lib\\jasmine-core\\jasmine.js:1980:24)\n    at QueueRunner.run (C:\\Users\\thinksysuser\\AppData\\Roaming\\npm\\node_modules\\protractor\\node_modules\\jasmine-core\\lib\\jasmine-core\\jasmine.js:1935:9)\n    at QueueRunner.execute (C:\\Users\\thinksysuser\\AppData\\Roaming\\npm\\node_modules\\protractor\\node_modules\\jasmine-core\\lib\\jasmine-core\\jasmine.js:1923:10)\n    at Spec.queueRunnerFactory (C:\\Users\\thinksysuser\\AppData\\Roaming\\npm\\node_modules\\protractor\\node_modules\\jasmine-core\\lib\\jasmine-core\\jasmine.js:714:35)\n    at Spec.execute (C:\\Users\\thinksysuser\\AppData\\Roaming\\npm\\node_modules\\protractor\\node_modules\\jasmine-core\\lib\\jasmine-core\\jasmine.js:371:10)\n    at Object.fn (C:\\Users\\thinksysuser\\AppData\\Roaming\\npm\\node_modules\\protractor\\node_modules\\jasmine-core\\lib\\jasmine-core\\jasmine.js:2579:37)\n    at attemptAsync (C:\\Users\\thinksysuser\\AppData\\Roaming\\npm\\node_modules\\protractor\\node_modules\\jasmine-core\\lib\\jasmine-core\\jasmine.js:1980:24)\n    at QueueRunner.run (C:\\Users\\thinksysuser\\AppData\\Roaming\\npm\\node_modules\\protractor\\node_modules\\jasmine-core\\lib\\jasmine-core\\jasmine.js:1935:9)\n    at QueueRunner.execute (C:\\Users\\thinksysuser\\AppData\\Roaming\\npm\\node_modules\\protractor\\node_modules\\jasmine-core\\lib\\jasmine-core\\jasmine.js:1923:10)\n    at queueRunnerFactory (C:\\Users\\thinksysuser\\AppData\\Roaming\\npm\\node_modules\\protractor\\node_modules\\jasmine-core\\lib\\jasmine-core\\jasmine.js:714:35)\n    at Object.fn (C:\\Users\\thinksysuser\\AppData\\Roaming\\npm\\node_modules\\protractor\\node_modules\\jasmine-core\\lib\\jasmine-core\\jasmine.js:2564:13)\n    at attemptAsync (C:\\Users\\thinksysuser\\AppData\\Roaming\\npm\\node_modules\\protractor\\node_modules\\jasmine-core\\lib\\jasmine-core\\jasmine.js:1980:24)\n    at QueueRunner.run (C:\\Users\\thinksysuser\\AppData\\Roaming\\npm\\node_modules\\protractor\\node_modules\\jasmine-core\\lib\\jasmine-core\\jasmine.js:1935:9)\n    at QueueRunner.execute (C:\\Users\\thinksysuser\\AppData\\Roaming\\npm\\node_modules\\protractor\\node_modules\\jasmine-core\\lib\\jasmine-core\\jasmine.js:1923:10)\n    at queueRunnerFactory (C:\\Users\\thinksysuser\\AppData\\Roaming\\npm\\node_modules\\protractor\\node_modules\\jasmine-core\\lib\\jasmine-core\\jasmine.js:714:35)\n    at TreeProcessor.execute (C:\\Users\\thinksysuser\\AppData\\Roaming\\npm\\node_modules\\protractor\\node_modules\\jasmine-core\\lib\\jasmine-core\\jasmine.js:2426:7)\n    at Env.execute (C:\\Users\\thinksysuser\\AppData\\Roaming\\npm\\node_modules\\protractor\\node_modules\\jasmine-core\\lib\\jasmine-core\\jasmine.js:776:17)\n    at Jasmine.execute (C:\\Users\\thinksysuser\\AppData\\Roaming\\npm\\node_modules\\protractor\\node_modules\\jasmine\\lib\\jasmine.js:184:12)\n    at C:\\Users\\thinksysuser\\AppData\\Roaming\\npm\\node_modules\\protractor\\built\\frameworks\\jasmine.js:132:15\n    at Function.promise (C:\\Users\\thinksysuser\\AppData\\Roaming\\npm\\node_modules\\protractor\\node_modules\\q\\q.js:682:9)\n    at C:\\Users\\thinksysuser\\AppData\\Roaming\\npm\\node_modules\\protractor\\built\\frameworks\\jasmine.js:104:14\n    at _fulfilled (C:\\Users\\thinksysuser\\AppData\\Roaming\\npm\\node_modules\\protractor\\node_modules\\q\\q.js:834:54)\n    at self.promiseDispatch.done (C:\\Users\\thinksysuser\\AppData\\Roaming\\npm\\node_modules\\protractor\\node_modules\\q\\q.js:863:30)\n    at Promise.promise.promiseDispatch (C:\\Users\\thinksysuser\\AppData\\Roaming\\npm\\node_modules\\protractor\\node_modules\\q\\q.js:796:13)\n    at C:\\Users\\thinksysuser\\AppData\\Roaming\\npm\\node_modules\\protractor\\node_modules\\q\\q.js:556:49\n    at runSingle (C:\\Users\\thinksysuser\\AppData\\Roaming\\npm\\node_modules\\protractor\\node_modules\\q\\q.js:137:13)\n    at flush (C:\\Users\\thinksysuser\\AppData\\Roaming\\npm\\node_modules\\protractor\\node_modules\\q\\q.js:125:13)\n    at _combinedTickCallback (internal/process/next_tick.js:67:7)\n    at process._tickCallback (internal/process/next_tick.js:98:9)\nFrom asynchronous test: \nError\n    at Suite.<anonymous> (D:\\protractor\\Demo_thinksys\\rough\\test.js:59:5)\n    at addSpecsToSuite (C:\\Users\\thinksysuser\\AppData\\Roaming\\npm\\node_modules\\protractor\\node_modules\\jasmine-core\\lib\\jasmine-core\\jasmine.js:867:25)\n    at Env.describe (C:\\Users\\thinksysuser\\AppData\\Roaming\\npm\\node_modules\\protractor\\node_modules\\jasmine-core\\lib\\jasmine-core\\jasmine.js:836:7)\n    at describe (C:\\Users\\thinksysuser\\AppData\\Roaming\\npm\\node_modules\\protractor\\node_modules\\jasmine-core\\lib\\jasmine-core\\jasmine.js:3576:18)\n    at Object.<anonymous> (D:\\protractor\\Demo_thinksys\\rough\\test.js:3:1)\n    at Module._compile (module.js:570:32)\n    at Object.Module._extensions..js (module.js:579:10)\n    at Module.load (C:\\node_modules\\coffee-script\\lib\\coffee-script\\register.js:45:36)\n    at tryModuleLoad (module.js:446:12)\n    at Function.Module._load (module.js:438:3)\n    at Module.require (module.js:497:17)\n    at require (internal/module.js:20:19)\n    at C:\\Users\\thinksysuser\\AppData\\Roaming\\npm\\node_modules\\protractor\\node_modules\\jasmine\\lib\\jasmine.js:87:5\n    at Array.forEach (native)\n    at Jasmine.loadSpecs (C:\\Users\\thinksysuser\\AppData\\Roaming\\npm\\node_modules\\protractor\\node_modules\\jasmine\\lib\\jasmine.js:86:18)\n    at Jasmine.execute (C:\\Users\\thinksysuser\\AppData\\Roaming\\npm\\node_modules\\protractor\\node_modules\\jasmine\\lib\\jasmine.js:181:8)\n    at C:\\Users\\thinksysuser\\AppData\\Roaming\\npm\\node_modules\\protractor\\built\\frameworks\\jasmine.js:132:15\n    at Function.promise (C:\\Users\\thinksysuser\\AppData\\Roaming\\npm\\node_modules\\protractor\\node_modules\\q\\q.js:682:9)\n    at C:\\Users\\thinksysuser\\AppData\\Roaming\\npm\\node_modules\\protractor\\built\\frameworks\\jasmine.js:104:14\n    at _fulfilled (C:\\Users\\thinksysuser\\AppData\\Roaming\\npm\\node_modules\\protractor\\node_modules\\q\\q.js:834:54)\n    at self.promiseDispatch.done (C:\\Users\\thinksysuser\\AppData\\Roaming\\npm\\node_modules\\protractor\\node_modules\\q\\q.js:863:30)\n    at Promise.promise.promiseDispatch (C:\\Users\\thinksysuser\\AppData\\Roaming\\npm\\node_modules\\protractor\\node_modules\\q\\q.js:796:13)\n    at C:\\Users\\thinksysuser\\AppData\\Roaming\\npm\\node_modules\\protractor\\node_modules\\q\\q.js:556:49\n    at runSingle (C:\\Users\\thinksysuser\\AppData\\Roaming\\npm\\node_modules\\protractor\\node_modules\\q\\q.js:137:13)\n    at flush (C:\\Users\\thinksysuser\\AppData\\Roaming\\npm\\node_modules\\protractor\\node_modules\\q\\q.js:125:13)\n    at _combinedTickCallback (internal/process/next_tick.js:67:7)\n    at process._tickCallback (internal/process/next_tick.js:98:9)"
      },
      "testCases" : [ {
        "uid" : "396385836fe4f592",
        "name" : "Login",
        "title" : "Login",
        "time" : {
          "start" : 1493368296955,
          "stop" : 1493368300012,
          "duration" : 3057
        },
        "severity" : "NORMAL",
        "status" : "FAILED"
      } ]
    }, {
      "uid" : "3aff2adf2a2ede76",
      "failure" : {
        "message" : "Failed: Wait condition must be a promise-like object, function, or a Condition object",
        "stackTrace" : "TypeError: Wait condition must be a promise-like object, function, or a Condition object\n    at TypeError (native)\n    at Driver.wait (C:\\Users\\thinksysuser\\AppData\\Roaming\\npm\\node_modules\\protractor\\node_modules\\selenium-webdriver\\lib\\webdriver.js:937:13)\n    at run (C:\\Users\\thinksysuser\\AppData\\Roaming\\npm\\node_modules\\protractor\\lib\\browser.ts:65:27)\n    at ProtractorBrowser.to.(anonymous function) [as wait] (C:\\Users\\thinksysuser\\AppData\\Roaming\\npm\\node_modules\\protractor\\lib\\browser.ts:73:12)\n    at Object.<anonymous> (D:\\protractor\\Demo_thinksys\\rough\\test.js:68:17)\n    at C:\\Users\\thinksysuser\\AppData\\Roaming\\npm\\node_modules\\protractor\\node_modules\\jasminewd2\\index.js:110:25\n    at new ManagedPromise (C:\\Users\\thinksysuser\\AppData\\Roaming\\npm\\node_modules\\protractor\\node_modules\\selenium-webdriver\\lib\\promise.js:1067:7)\n    at ControlFlow.promise (C:\\Users\\thinksysuser\\AppData\\Roaming\\npm\\node_modules\\protractor\\node_modules\\selenium-webdriver\\lib\\promise.js:2396:12)\n    at schedulerExecute (C:\\Users\\thinksysuser\\AppData\\Roaming\\npm\\node_modules\\protractor\\node_modules\\jasminewd2\\index.js:95:18)\n    at TaskQueue.execute_ (C:\\Users\\thinksysuser\\AppData\\Roaming\\npm\\node_modules\\protractor\\node_modules\\selenium-webdriver\\lib\\promise.js:2970:14)\n    at TaskQueue.executeNext_ (C:\\Users\\thinksysuser\\AppData\\Roaming\\npm\\node_modules\\protractor\\node_modules\\selenium-webdriver\\lib\\promise.js:2953:27)\n    at asyncRun (C:\\Users\\thinksysuser\\AppData\\Roaming\\npm\\node_modules\\protractor\\node_modules\\selenium-webdriver\\lib\\promise.js:2813:27)\n    at C:\\Users\\thinksysuser\\AppData\\Roaming\\npm\\node_modules\\protractor\\node_modules\\selenium-webdriver\\lib\\promise.js:676:7\n    at process._tickCallback (internal/process/next_tick.js:103:7)\nFrom: Task: Run it(\"Login\") in control flow\n    at Object.<anonymous> (C:\\Users\\thinksysuser\\AppData\\Roaming\\npm\\node_modules\\protractor\\node_modules\\jasminewd2\\index.js:94:19)\n    at attemptAsync (C:\\Users\\thinksysuser\\AppData\\Roaming\\npm\\node_modules\\protractor\\node_modules\\jasmine-core\\lib\\jasmine-core\\jasmine.js:1980:24)\n    at QueueRunner.run (C:\\Users\\thinksysuser\\AppData\\Roaming\\npm\\node_modules\\protractor\\node_modules\\jasmine-core\\lib\\jasmine-core\\jasmine.js:1935:9)\n    at QueueRunner.execute (C:\\Users\\thinksysuser\\AppData\\Roaming\\npm\\node_modules\\protractor\\node_modules\\jasmine-core\\lib\\jasmine-core\\jasmine.js:1923:10)\n    at Spec.queueRunnerFactory (C:\\Users\\thinksysuser\\AppData\\Roaming\\npm\\node_modules\\protractor\\node_modules\\jasmine-core\\lib\\jasmine-core\\jasmine.js:714:35)\n    at Spec.execute (C:\\Users\\thinksysuser\\AppData\\Roaming\\npm\\node_modules\\protractor\\node_modules\\jasmine-core\\lib\\jasmine-core\\jasmine.js:371:10)\n    at Object.fn (C:\\Users\\thinksysuser\\AppData\\Roaming\\npm\\node_modules\\protractor\\node_modules\\jasmine-core\\lib\\jasmine-core\\jasmine.js:2579:37)\n    at attemptAsync (C:\\Users\\thinksysuser\\AppData\\Roaming\\npm\\node_modules\\protractor\\node_modules\\jasmine-core\\lib\\jasmine-core\\jasmine.js:1980:24)\n    at QueueRunner.run (C:\\Users\\thinksysuser\\AppData\\Roaming\\npm\\node_modules\\protractor\\node_modules\\jasmine-core\\lib\\jasmine-core\\jasmine.js:1935:9)\n    at QueueRunner.execute (C:\\Users\\thinksysuser\\AppData\\Roaming\\npm\\node_modules\\protractor\\node_modules\\jasmine-core\\lib\\jasmine-core\\jasmine.js:1923:10)\n    at queueRunnerFactory (C:\\Users\\thinksysuser\\AppData\\Roaming\\npm\\node_modules\\protractor\\node_modules\\jasmine-core\\lib\\jasmine-core\\jasmine.js:714:35)\n    at Object.fn (C:\\Users\\thinksysuser\\AppData\\Roaming\\npm\\node_modules\\protractor\\node_modules\\jasmine-core\\lib\\jasmine-core\\jasmine.js:2564:13)\n    at attemptAsync (C:\\Users\\thinksysuser\\AppData\\Roaming\\npm\\node_modules\\protractor\\node_modules\\jasmine-core\\lib\\jasmine-core\\jasmine.js:1980:24)\n    at QueueRunner.run (C:\\Users\\thinksysuser\\AppData\\Roaming\\npm\\node_modules\\protractor\\node_modules\\jasmine-core\\lib\\jasmine-core\\jasmine.js:1935:9)\n    at QueueRunner.execute (C:\\Users\\thinksysuser\\AppData\\Roaming\\npm\\node_modules\\protractor\\node_modules\\jasmine-core\\lib\\jasmine-core\\jasmine.js:1923:10)\n    at queueRunnerFactory (C:\\Users\\thinksysuser\\AppData\\Roaming\\npm\\node_modules\\protractor\\node_modules\\jasmine-core\\lib\\jasmine-core\\jasmine.js:714:35)\n    at TreeProcessor.execute (C:\\Users\\thinksysuser\\AppData\\Roaming\\npm\\node_modules\\protractor\\node_modules\\jasmine-core\\lib\\jasmine-core\\jasmine.js:2426:7)\n    at Env.execute (C:\\Users\\thinksysuser\\AppData\\Roaming\\npm\\node_modules\\protractor\\node_modules\\jasmine-core\\lib\\jasmine-core\\jasmine.js:776:17)\n    at Jasmine.execute (C:\\Users\\thinksysuser\\AppData\\Roaming\\npm\\node_modules\\protractor\\node_modules\\jasmine\\lib\\jasmine.js:184:12)\n    at C:\\Users\\thinksysuser\\AppData\\Roaming\\npm\\node_modules\\protractor\\built\\frameworks\\jasmine.js:132:15\n    at Function.promise (C:\\Users\\thinksysuser\\AppData\\Roaming\\npm\\node_modules\\protractor\\node_modules\\q\\q.js:682:9)\n    at C:\\Users\\thinksysuser\\AppData\\Roaming\\npm\\node_modules\\protractor\\built\\frameworks\\jasmine.js:104:14\n    at _fulfilled (C:\\Users\\thinksysuser\\AppData\\Roaming\\npm\\node_modules\\protractor\\node_modules\\q\\q.js:834:54)\n    at self.promiseDispatch.done (C:\\Users\\thinksysuser\\AppData\\Roaming\\npm\\node_modules\\protractor\\node_modules\\q\\q.js:863:30)\n    at Promise.promise.promiseDispatch (C:\\Users\\thinksysuser\\AppData\\Roaming\\npm\\node_modules\\protractor\\node_modules\\q\\q.js:796:13)\n    at C:\\Users\\thinksysuser\\AppData\\Roaming\\npm\\node_modules\\protractor\\node_modules\\q\\q.js:556:49\n    at runSingle (C:\\Users\\thinksysuser\\AppData\\Roaming\\npm\\node_modules\\protractor\\node_modules\\q\\q.js:137:13)\n    at flush (C:\\Users\\thinksysuser\\AppData\\Roaming\\npm\\node_modules\\protractor\\node_modules\\q\\q.js:125:13)\n    at _combinedTickCallback (internal/process/next_tick.js:67:7)\n    at process._tickCallback (internal/process/next_tick.js:98:9)\nFrom asynchronous test: \nError\n    at Suite.<anonymous> (D:\\protractor\\Demo_thinksys\\rough\\test.js:59:5)\n    at addSpecsToSuite (C:\\Users\\thinksysuser\\AppData\\Roaming\\npm\\node_modules\\protractor\\node_modules\\jasmine-core\\lib\\jasmine-core\\jasmine.js:867:25)\n    at Env.describe (C:\\Users\\thinksysuser\\AppData\\Roaming\\npm\\node_modules\\protractor\\node_modules\\jasmine-core\\lib\\jasmine-core\\jasmine.js:836:7)\n    at describe (C:\\Users\\thinksysuser\\AppData\\Roaming\\npm\\node_modules\\protractor\\node_modules\\jasmine-core\\lib\\jasmine-core\\jasmine.js:3576:18)\n    at Object.<anonymous> (D:\\protractor\\Demo_thinksys\\rough\\test.js:3:1)\n    at Module._compile (module.js:570:32)\n    at Object.Module._extensions..js (module.js:579:10)\n    at Module.load (C:\\node_modules\\coffee-script\\lib\\coffee-script\\register.js:45:36)\n    at tryModuleLoad (module.js:446:12)\n    at Function.Module._load (module.js:438:3)\n    at Module.require (module.js:497:17)\n    at require (internal/module.js:20:19)\n    at C:\\Users\\thinksysuser\\AppData\\Roaming\\npm\\node_modules\\protractor\\node_modules\\jasmine\\lib\\jasmine.js:87:5\n    at Array.forEach (native)\n    at Jasmine.loadSpecs (C:\\Users\\thinksysuser\\AppData\\Roaming\\npm\\node_modules\\protractor\\node_modules\\jasmine\\lib\\jasmine.js:86:18)\n    at Jasmine.execute (C:\\Users\\thinksysuser\\AppData\\Roaming\\npm\\node_modules\\protractor\\node_modules\\jasmine\\lib\\jasmine.js:181:8)\n    at C:\\Users\\thinksysuser\\AppData\\Roaming\\npm\\node_modules\\protractor\\built\\frameworks\\jasmine.js:132:15\n    at Function.promise (C:\\Users\\thinksysuser\\AppData\\Roaming\\npm\\node_modules\\protractor\\node_modules\\q\\q.js:682:9)\n    at C:\\Users\\thinksysuser\\AppData\\Roaming\\npm\\node_modules\\protractor\\built\\frameworks\\jasmine.js:104:14\n    at _fulfilled (C:\\Users\\thinksysuser\\AppData\\Roaming\\npm\\node_modules\\protractor\\node_modules\\q\\q.js:834:54)\n    at self.promiseDispatch.done (C:\\Users\\thinksysuser\\AppData\\Roaming\\npm\\node_modules\\protractor\\node_modules\\q\\q.js:863:30)\n    at Promise.promise.promiseDispatch (C:\\Users\\thinksysuser\\AppData\\Roaming\\npm\\node_modules\\protractor\\node_modules\\q\\q.js:796:13)\n    at C:\\Users\\thinksysuser\\AppData\\Roaming\\npm\\node_modules\\protractor\\node_modules\\q\\q.js:556:49\n    at runSingle (C:\\Users\\thinksysuser\\AppData\\Roaming\\npm\\node_modules\\protractor\\node_modules\\q\\q.js:137:13)\n    at flush (C:\\Users\\thinksysuser\\AppData\\Roaming\\npm\\node_modules\\protractor\\node_modules\\q\\q.js:125:13)\n    at _combinedTickCallback (internal/process/next_tick.js:67:7)\n    at process._tickCallback (internal/process/next_tick.js:98:9)"
      },
      "testCases" : [ {
        "uid" : "e1ecf281d0dd7dc4",
        "name" : "Login",
        "title" : "Login",
        "time" : {
          "start" : 1493368322215,
          "stop" : 1493368322274,
          "duration" : 59
        },
        "severity" : "NORMAL",
        "status" : "FAILED"
      }, {
        "uid" : "1dad1a61d7bd083e",
        "name" : "Login",
        "title" : "Login",
        "time" : {
          "start" : 1493368998928,
          "stop" : 1493368998981,
          "duration" : 53
        },
        "severity" : "NORMAL",
        "status" : "FAILED"
      }, {
        "uid" : "237e2ac4f1fbe75b",
        "name" : "Login",
        "title" : "Login",
        "time" : {
          "start" : 1493369271562,
          "stop" : 1493369271625,
          "duration" : 63
        },
        "severity" : "NORMAL",
        "status" : "FAILED"
      }, {
        "uid" : "1967cf599e67edb2",
        "name" : "Login",
        "title" : "Login",
        "time" : {
          "start" : 1493369188554,
          "stop" : 1493369188604,
          "duration" : 50
        },
        "severity" : "NORMAL",
        "status" : "FAILED"
      } ]
    }, {
      "uid" : "fa87add1ac3d7045",
      "failure" : {
        "message" : "Failed: invalid selector: Unable to locate an element with the xpath expression .//*[@class='ellipsis m-0-top-bottom' because of the following error:\nSyntaxError: Failed to execute 'evaluate' on 'Document': The string './/*[@class='ellipsis m-0-top-bottom'' is not a valid XPath expression.\n  (Session info: chrome=58.0.3029.81)\n  (Driver info: chromedriver=2.29.461591 (62ebf098771772160f391d75e589dc567915b233),platform=Windows NT 6.1.7601 SP1 x86)",
        "stackTrace" : "InvalidSelectorError: invalid selector: Unable to locate an element with the xpath expression .//*[@class='ellipsis m-0-top-bottom' because of the following error:\nSyntaxError: Failed to execute 'evaluate' on 'Document': The string './/*[@class='ellipsis m-0-top-bottom'' is not a valid XPath expression.\n  (Session info: chrome=58.0.3029.81)\n  (Driver info: chromedriver=2.29.461591 (62ebf098771772160f391d75e589dc567915b233),platform=Windows NT 6.1.7601 SP1 x86)\n    at WebDriverError (C:\\Users\\thinksysuser\\AppData\\Roaming\\npm\\node_modules\\protractor\\node_modules\\selenium-webdriver\\lib\\error.js:27:5)\n    at InvalidSelectorError (C:\\Users\\thinksysuser\\AppData\\Roaming\\npm\\node_modules\\protractor\\node_modules\\selenium-webdriver\\lib\\error.js:111:5)\n    at Object.checkLegacyResponse (C:\\Users\\thinksysuser\\AppData\\Roaming\\npm\\node_modules\\protractor\\node_modules\\selenium-webdriver\\lib\\error.js:505:15)\n    at parseHttpResponse (C:\\Users\\thinksysuser\\AppData\\Roaming\\npm\\node_modules\\protractor\\node_modules\\selenium-webdriver\\lib\\http.js:509:13)\n    at doSend.then.response (C:\\Users\\thinksysuser\\AppData\\Roaming\\npm\\node_modules\\protractor\\node_modules\\selenium-webdriver\\lib\\http.js:440:13)\n    at process._tickCallback (internal/process/next_tick.js:103:7)\nFrom: Task: WebDriver.findElements(By(xpath, .//*[@class='ellipsis m-0-top-bottom'))\n    at Driver.schedule (C:\\Users\\thinksysuser\\AppData\\Roaming\\npm\\node_modules\\protractor\\node_modules\\selenium-webdriver\\lib\\webdriver.js:816:17)\n    at Driver.findElements (C:\\Users\\thinksysuser\\AppData\\Roaming\\npm\\node_modules\\protractor\\node_modules\\selenium-webdriver\\lib\\webdriver.js:1057:22)\n    at ptor.waitForAngular.then (C:\\Users\\thinksysuser\\AppData\\Roaming\\npm\\node_modules\\protractor\\lib\\element.ts:166:36)\n    at ManagedPromise.invokeCallback_ (C:\\Users\\thinksysuser\\AppData\\Roaming\\npm\\node_modules\\protractor\\node_modules\\selenium-webdriver\\lib\\promise.js:1366:14)\n    at TaskQueue.execute_ (C:\\Users\\thinksysuser\\AppData\\Roaming\\npm\\node_modules\\protractor\\node_modules\\selenium-webdriver\\lib\\promise.js:2970:14)\n    at TaskQueue.executeNext_ (C:\\Users\\thinksysuser\\AppData\\Roaming\\npm\\node_modules\\protractor\\node_modules\\selenium-webdriver\\lib\\promise.js:2953:27)\n    at asyncRun (C:\\Users\\thinksysuser\\AppData\\Roaming\\npm\\node_modules\\protractor\\node_modules\\selenium-webdriver\\lib\\promise.js:2813:27)\n    at C:\\Users\\thinksysuser\\AppData\\Roaming\\npm\\node_modules\\protractor\\node_modules\\selenium-webdriver\\lib\\promise.js:676:7\n    at process._tickCallback (internal/process/next_tick.js:103:7)Error\n    at ElementArrayFinder.applyAction_ (C:\\Users\\thinksysuser\\AppData\\Roaming\\npm\\node_modules\\protractor\\lib\\element.ts:482:23)\n    at ElementArrayFinder.(anonymous function) [as getText] (C:\\Users\\thinksysuser\\AppData\\Roaming\\npm\\node_modules\\protractor\\lib\\element.ts:96:21)\n    at ElementFinder.(anonymous function) [as getText] (C:\\Users\\thinksysuser\\AppData\\Roaming\\npm\\node_modules\\protractor\\lib\\element.ts:873:14)\n    at Object.<anonymous> (D:\\protractor\\Demo_thinksys\\rough\\test.js:72:68)\n    at C:\\Users\\thinksysuser\\AppData\\Roaming\\npm\\node_modules\\protractor\\node_modules\\jasminewd2\\index.js:110:25\n    at new ManagedPromise (C:\\Users\\thinksysuser\\AppData\\Roaming\\npm\\node_modules\\protractor\\node_modules\\selenium-webdriver\\lib\\promise.js:1067:7)\n    at ControlFlow.promise (C:\\Users\\thinksysuser\\AppData\\Roaming\\npm\\node_modules\\protractor\\node_modules\\selenium-webdriver\\lib\\promise.js:2396:12)\n    at schedulerExecute (C:\\Users\\thinksysuser\\AppData\\Roaming\\npm\\node_modules\\protractor\\node_modules\\jasminewd2\\index.js:95:18)\n    at TaskQueue.execute_ (C:\\Users\\thinksysuser\\AppData\\Roaming\\npm\\node_modules\\protractor\\node_modules\\selenium-webdriver\\lib\\promise.js:2970:14)\n    at TaskQueue.executeNext_ (C:\\Users\\thinksysuser\\AppData\\Roaming\\npm\\node_modules\\protractor\\node_modules\\selenium-webdriver\\lib\\promise.js:2953:27)\n    at asyncRun (C:\\Users\\thinksysuser\\AppData\\Roaming\\npm\\node_modules\\protractor\\node_modules\\selenium-webdriver\\lib\\promise.js:2813:27)\n    at C:\\Users\\thinksysuser\\AppData\\Roaming\\npm\\node_modules\\protractor\\node_modules\\selenium-webdriver\\lib\\promise.js:676:7\n    at process._tickCallback (internal/process/next_tick.js:103:7)\nFrom: Task: Run it(\"Login\") in control flow\n    at Object.<anonymous> (C:\\Users\\thinksysuser\\AppData\\Roaming\\npm\\node_modules\\protractor\\node_modules\\jasminewd2\\index.js:94:19)\n    at attemptAsync (C:\\Users\\thinksysuser\\AppData\\Roaming\\npm\\node_modules\\protractor\\node_modules\\jasmine-core\\lib\\jasmine-core\\jasmine.js:1980:24)\n    at QueueRunner.run (C:\\Users\\thinksysuser\\AppData\\Roaming\\npm\\node_modules\\protractor\\node_modules\\jasmine-core\\lib\\jasmine-core\\jasmine.js:1935:9)\n    at QueueRunner.execute (C:\\Users\\thinksysuser\\AppData\\Roaming\\npm\\node_modules\\protractor\\node_modules\\jasmine-core\\lib\\jasmine-core\\jasmine.js:1923:10)\n    at Spec.queueRunnerFactory (C:\\Users\\thinksysuser\\AppData\\Roaming\\npm\\node_modules\\protractor\\node_modules\\jasmine-core\\lib\\jasmine-core\\jasmine.js:714:35)\n    at Spec.execute (C:\\Users\\thinksysuser\\AppData\\Roaming\\npm\\node_modules\\protractor\\node_modules\\jasmine-core\\lib\\jasmine-core\\jasmine.js:371:10)\n    at Object.fn (C:\\Users\\thinksysuser\\AppData\\Roaming\\npm\\node_modules\\protractor\\node_modules\\jasmine-core\\lib\\jasmine-core\\jasmine.js:2579:37)\n    at attemptAsync (C:\\Users\\thinksysuser\\AppData\\Roaming\\npm\\node_modules\\protractor\\node_modules\\jasmine-core\\lib\\jasmine-core\\jasmine.js:1980:24)\n    at QueueRunner.run (C:\\Users\\thinksysuser\\AppData\\Roaming\\npm\\node_modules\\protractor\\node_modules\\jasmine-core\\lib\\jasmine-core\\jasmine.js:1935:9)\n    at QueueRunner.execute (C:\\Users\\thinksysuser\\AppData\\Roaming\\npm\\node_modules\\protractor\\node_modules\\jasmine-core\\lib\\jasmine-core\\jasmine.js:1923:10)\n    at queueRunnerFactory (C:\\Users\\thinksysuser\\AppData\\Roaming\\npm\\node_modules\\protractor\\node_modules\\jasmine-core\\lib\\jasmine-core\\jasmine.js:714:35)\n    at Object.fn (C:\\Users\\thinksysuser\\AppData\\Roaming\\npm\\node_modules\\protractor\\node_modules\\jasmine-core\\lib\\jasmine-core\\jasmine.js:2564:13)\n    at attemptAsync (C:\\Users\\thinksysuser\\AppData\\Roaming\\npm\\node_modules\\protractor\\node_modules\\jasmine-core\\lib\\jasmine-core\\jasmine.js:1980:24)\n    at QueueRunner.run (C:\\Users\\thinksysuser\\AppData\\Roaming\\npm\\node_modules\\protractor\\node_modules\\jasmine-core\\lib\\jasmine-core\\jasmine.js:1935:9)\n    at QueueRunner.execute (C:\\Users\\thinksysuser\\AppData\\Roaming\\npm\\node_modules\\protractor\\node_modules\\jasmine-core\\lib\\jasmine-core\\jasmine.js:1923:10)\n    at queueRunnerFactory (C:\\Users\\thinksysuser\\AppData\\Roaming\\npm\\node_modules\\protractor\\node_modules\\jasmine-core\\lib\\jasmine-core\\jasmine.js:714:35)\n    at TreeProcessor.execute (C:\\Users\\thinksysuser\\AppData\\Roaming\\npm\\node_modules\\protractor\\node_modules\\jasmine-core\\lib\\jasmine-core\\jasmine.js:2426:7)\n    at Env.execute (C:\\Users\\thinksysuser\\AppData\\Roaming\\npm\\node_modules\\protractor\\node_modules\\jasmine-core\\lib\\jasmine-core\\jasmine.js:776:17)\n    at Jasmine.execute (C:\\Users\\thinksysuser\\AppData\\Roaming\\npm\\node_modules\\protractor\\node_modules\\jasmine\\lib\\jasmine.js:184:12)\n    at C:\\Users\\thinksysuser\\AppData\\Roaming\\npm\\node_modules\\protractor\\built\\frameworks\\jasmine.js:132:15\n    at Function.promise (C:\\Users\\thinksysuser\\AppData\\Roaming\\npm\\node_modules\\protractor\\node_modules\\q\\q.js:682:9)\n    at C:\\Users\\thinksysuser\\AppData\\Roaming\\npm\\node_modules\\protractor\\built\\frameworks\\jasmine.js:104:14\n    at _fulfilled (C:\\Users\\thinksysuser\\AppData\\Roaming\\npm\\node_modules\\protractor\\node_modules\\q\\q.js:834:54)\n    at self.promiseDispatch.done (C:\\Users\\thinksysuser\\AppData\\Roaming\\npm\\node_modules\\protractor\\node_modules\\q\\q.js:863:30)\n    at Promise.promise.promiseDispatch (C:\\Users\\thinksysuser\\AppData\\Roaming\\npm\\node_modules\\protractor\\node_modules\\q\\q.js:796:13)\n    at C:\\Users\\thinksysuser\\AppData\\Roaming\\npm\\node_modules\\protractor\\node_modules\\q\\q.js:556:49\n    at runSingle (C:\\Users\\thinksysuser\\AppData\\Roaming\\npm\\node_modules\\protractor\\node_modules\\q\\q.js:137:13)\n    at flush (C:\\Users\\thinksysuser\\AppData\\Roaming\\npm\\node_modules\\protractor\\node_modules\\q\\q.js:125:13)\n    at _combinedTickCallback (internal/process/next_tick.js:67:7)\n    at process._tickCallback (internal/process/next_tick.js:98:9)\nFrom asynchronous test: \nError\n    at Suite.<anonymous> (D:\\protractor\\Demo_thinksys\\rough\\test.js:59:5)\n    at addSpecsToSuite (C:\\Users\\thinksysuser\\AppData\\Roaming\\npm\\node_modules\\protractor\\node_modules\\jasmine-core\\lib\\jasmine-core\\jasmine.js:867:25)\n    at Env.describe (C:\\Users\\thinksysuser\\AppData\\Roaming\\npm\\node_modules\\protractor\\node_modules\\jasmine-core\\lib\\jasmine-core\\jasmine.js:836:7)\n    at describe (C:\\Users\\thinksysuser\\AppData\\Roaming\\npm\\node_modules\\protractor\\node_modules\\jasmine-core\\lib\\jasmine-core\\jasmine.js:3576:18)\n    at Object.<anonymous> (D:\\protractor\\Demo_thinksys\\rough\\test.js:3:1)\n    at Module._compile (module.js:570:32)\n    at Object.Module._extensions..js (module.js:579:10)\n    at Module.load (C:\\node_modules\\coffee-script\\lib\\coffee-script\\register.js:45:36)\n    at tryModuleLoad (module.js:446:12)\n    at Function.Module._load (module.js:438:3)\n    at Module.require (module.js:497:17)\n    at require (internal/module.js:20:19)\n    at C:\\Users\\thinksysuser\\AppData\\Roaming\\npm\\node_modules\\protractor\\node_modules\\jasmine\\lib\\jasmine.js:87:5\n    at Array.forEach (native)\n    at Jasmine.loadSpecs (C:\\Users\\thinksysuser\\AppData\\Roaming\\npm\\node_modules\\protractor\\node_modules\\jasmine\\lib\\jasmine.js:86:18)\n    at Jasmine.execute (C:\\Users\\thinksysuser\\AppData\\Roaming\\npm\\node_modules\\protractor\\node_modules\\jasmine\\lib\\jasmine.js:181:8)\n    at C:\\Users\\thinksysuser\\AppData\\Roaming\\npm\\node_modules\\protractor\\built\\frameworks\\jasmine.js:132:15\n    at Function.promise (C:\\Users\\thinksysuser\\AppData\\Roaming\\npm\\node_modules\\protractor\\node_modules\\q\\q.js:682:9)\n    at C:\\Users\\thinksysuser\\AppData\\Roaming\\npm\\node_modules\\protractor\\built\\frameworks\\jasmine.js:104:14\n    at _fulfilled (C:\\Users\\thinksysuser\\AppData\\Roaming\\npm\\node_modules\\protractor\\node_modules\\q\\q.js:834:54)\n    at self.promiseDispatch.done (C:\\Users\\thinksysuser\\AppData\\Roaming\\npm\\node_modules\\protractor\\node_modules\\q\\q.js:863:30)\n    at Promise.promise.promiseDispatch (C:\\Users\\thinksysuser\\AppData\\Roaming\\npm\\node_modules\\protractor\\node_modules\\q\\q.js:796:13)\n    at C:\\Users\\thinksysuser\\AppData\\Roaming\\npm\\node_modules\\protractor\\node_modules\\q\\q.js:556:49\n    at runSingle (C:\\Users\\thinksysuser\\AppData\\Roaming\\npm\\node_modules\\protractor\\node_modules\\q\\q.js:137:13)\n    at flush (C:\\Users\\thinksysuser\\AppData\\Roaming\\npm\\node_modules\\protractor\\node_modules\\q\\q.js:125:13)\n    at _combinedTickCallback (internal/process/next_tick.js:67:7)\n    at process._tickCallback (internal/process/next_tick.js:98:9)"
      },
      "testCases" : [ {
        "uid" : "23a3b75177c235b9",
        "name" : "Login",
        "title" : "Login",
        "time" : {
          "start" : 1493376348461,
          "stop" : 1493376371349,
          "duration" : 22888
        },
        "severity" : "NORMAL",
        "status" : "FAILED"
      } ]
    }, {
      "uid" : "2c72034fc7b85e96",
      "failure" : {
        "message" : "Failed: chrome not reachable\n  (Session info: chrome=58.0.3029.81)\n  (Driver info: chromedriver=2.29.461591 (62ebf098771772160f391d75e589dc567915b233),platform=Windows NT 6.1.7601 SP1 x86)",
        "stackTrace" : "WebDriverError: chrome not reachable\n  (Session info: chrome=58.0.3029.81)\n  (Driver info: chromedriver=2.29.461591 (62ebf098771772160f391d75e589dc567915b233),platform=Windows NT 6.1.7601 SP1 x86)\n    at WebDriverError (C:\\Users\\thinksysuser\\AppData\\Roaming\\npm\\node_modules\\protractor\\node_modules\\selenium-webdriver\\lib\\error.js:27:5)\n    at Object.checkLegacyResponse (C:\\Users\\thinksysuser\\AppData\\Roaming\\npm\\node_modules\\protractor\\node_modules\\selenium-webdriver\\lib\\error.js:505:15)\n    at parseHttpResponse (C:\\Users\\thinksysuser\\AppData\\Roaming\\npm\\node_modules\\protractor\\node_modules\\selenium-webdriver\\lib\\http.js:509:13)\n    at doSend.then.response (C:\\Users\\thinksysuser\\AppData\\Roaming\\npm\\node_modules\\protractor\\node_modules\\selenium-webdriver\\lib\\http.js:440:13)\n    at process._tickCallback (internal/process/next_tick.js:103:7)\nFrom: Task: WebDriver.executeScript()\n    at Driver.schedule (C:\\Users\\thinksysuser\\AppData\\Roaming\\npm\\node_modules\\protractor\\node_modules\\selenium-webdriver\\lib\\webdriver.js:816:17)\n    at Driver.executeScript (C:\\Users\\thinksysuser\\AppData\\Roaming\\npm\\node_modules\\protractor\\node_modules\\selenium-webdriver\\lib\\webdriver.js:887:16)\n    at C:\\Users\\thinksysuser\\AppData\\Roaming\\npm\\node_modules\\protractor\\node_modules\\selenium-webdriver\\lib\\by.js:191:35\n    at call (C:\\Users\\thinksysuser\\AppData\\Roaming\\npm\\node_modules\\protractor\\node_modules\\selenium-webdriver\\lib\\webdriver.js:1075:28)\n    at C:\\Users\\thinksysuser\\AppData\\Roaming\\npm\\node_modules\\protractor\\node_modules\\selenium-webdriver\\lib\\webdriver.js:916:19\n    at ManagedPromise.invokeCallback_ (C:\\Users\\thinksysuser\\AppData\\Roaming\\npm\\node_modules\\protractor\\node_modules\\selenium-webdriver\\lib\\promise.js:1366:14)\n    at TaskQueue.execute_ (C:\\Users\\thinksysuser\\AppData\\Roaming\\npm\\node_modules\\protractor\\node_modules\\selenium-webdriver\\lib\\promise.js:2970:14)\n    at TaskQueue.executeNext_ (C:\\Users\\thinksysuser\\AppData\\Roaming\\npm\\node_modules\\protractor\\node_modules\\selenium-webdriver\\lib\\promise.js:2953:27)\n    at asyncRun (C:\\Users\\thinksysuser\\AppData\\Roaming\\npm\\node_modules\\protractor\\node_modules\\selenium-webdriver\\lib\\promise.js:2860:25)\n    at C:\\Users\\thinksysuser\\AppData\\Roaming\\npm\\node_modules\\protractor\\node_modules\\selenium-webdriver\\lib\\promise.js:676:7\n    at process._tickCallback (internal/process/next_tick.js:103:7)\nFrom: Task: WebDriver.call(function)\n    at Driver.call (C:\\Users\\thinksysuser\\AppData\\Roaming\\npm\\node_modules\\protractor\\node_modules\\selenium-webdriver\\lib\\webdriver.js:910:23)\n    at Driver.findElementsInternal_ (C:\\Users\\thinksysuser\\AppData\\Roaming\\npm\\node_modules\\protractor\\node_modules\\selenium-webdriver\\lib\\webdriver.js:1075:17)\n    at Driver.findElements (C:\\Users\\thinksysuser\\AppData\\Roaming\\npm\\node_modules\\protractor\\node_modules\\selenium-webdriver\\lib\\webdriver.js:1052:19)\n    at Object.findElementsOverride (C:\\Users\\thinksysuser\\AppData\\Roaming\\npm\\node_modules\\protractor\\lib\\locators.ts:195:23)\n    at ptor.waitForAngular.then (C:\\Users\\thinksysuser\\AppData\\Roaming\\npm\\node_modules\\protractor\\lib\\element.ts:164:32)\n    at ManagedPromise.invokeCallback_ (C:\\Users\\thinksysuser\\AppData\\Roaming\\npm\\node_modules\\protractor\\node_modules\\selenium-webdriver\\lib\\promise.js:1366:14)\n    at TaskQueue.execute_ (C:\\Users\\thinksysuser\\AppData\\Roaming\\npm\\node_modules\\protractor\\node_modules\\selenium-webdriver\\lib\\promise.js:2970:14)\n    at TaskQueue.executeNext_ (C:\\Users\\thinksysuser\\AppData\\Roaming\\npm\\node_modules\\protractor\\node_modules\\selenium-webdriver\\lib\\promise.js:2953:27)\n    at asyncRun (C:\\Users\\thinksysuser\\AppData\\Roaming\\npm\\node_modules\\protractor\\node_modules\\selenium-webdriver\\lib\\promise.js:2813:27)\n    at C:\\Users\\thinksysuser\\AppData\\Roaming\\npm\\node_modules\\protractor\\node_modules\\selenium-webdriver\\lib\\promise.js:676:7\n    at process._tickCallback (internal/process/next_tick.js:103:7)Error\n    at ElementArrayFinder.applyAction_ (C:\\Users\\thinksysuser\\AppData\\Roaming\\npm\\node_modules\\protractor\\lib\\element.ts:482:23)\n    at ElementArrayFinder.(anonymous function) [as sendKeys] (C:\\Users\\thinksysuser\\AppData\\Roaming\\npm\\node_modules\\protractor\\lib\\element.ts:96:21)\n    at ElementFinder.(anonymous function) [as sendKeys] (C:\\Users\\thinksysuser\\AppData\\Roaming\\npm\\node_modules\\protractor\\lib\\element.ts:873:14)\n    at Object.<anonymous> (D:\\protractor\\Demo_thinksys\\rough\\test.js:63:36)\n    at C:\\Users\\thinksysuser\\AppData\\Roaming\\npm\\node_modules\\protractor\\node_modules\\jasminewd2\\index.js:110:25\n    at new ManagedPromise (C:\\Users\\thinksysuser\\AppData\\Roaming\\npm\\node_modules\\protractor\\node_modules\\selenium-webdriver\\lib\\promise.js:1067:7)\n    at ControlFlow.promise (C:\\Users\\thinksysuser\\AppData\\Roaming\\npm\\node_modules\\protractor\\node_modules\\selenium-webdriver\\lib\\promise.js:2396:12)\n    at schedulerExecute (C:\\Users\\thinksysuser\\AppData\\Roaming\\npm\\node_modules\\protractor\\node_modules\\jasminewd2\\index.js:95:18)\n    at TaskQueue.execute_ (C:\\Users\\thinksysuser\\AppData\\Roaming\\npm\\node_modules\\protractor\\node_modules\\selenium-webdriver\\lib\\promise.js:2970:14)\n    at TaskQueue.executeNext_ (C:\\Users\\thinksysuser\\AppData\\Roaming\\npm\\node_modules\\protractor\\node_modules\\selenium-webdriver\\lib\\promise.js:2953:27)\n    at asyncRun (C:\\Users\\thinksysuser\\AppData\\Roaming\\npm\\node_modules\\protractor\\node_modules\\selenium-webdriver\\lib\\promise.js:2813:27)\n    at C:\\Users\\thinksysuser\\AppData\\Roaming\\npm\\node_modules\\protractor\\node_modules\\selenium-webdriver\\lib\\promise.js:676:7\n    at process._tickCallback (internal/process/next_tick.js:103:7)\nFrom: Task: Run it(\"Login\") in control flow\n    at Object.<anonymous> (C:\\Users\\thinksysuser\\AppData\\Roaming\\npm\\node_modules\\protractor\\node_modules\\jasminewd2\\index.js:94:19)\n    at attemptAsync (C:\\Users\\thinksysuser\\AppData\\Roaming\\npm\\node_modules\\protractor\\node_modules\\jasmine-core\\lib\\jasmine-core\\jasmine.js:1980:24)\n    at QueueRunner.run (C:\\Users\\thinksysuser\\AppData\\Roaming\\npm\\node_modules\\protractor\\node_modules\\jasmine-core\\lib\\jasmine-core\\jasmine.js:1935:9)\n    at QueueRunner.execute (C:\\Users\\thinksysuser\\AppData\\Roaming\\npm\\node_modules\\protractor\\node_modules\\jasmine-core\\lib\\jasmine-core\\jasmine.js:1923:10)\n    at Spec.queueRunnerFactory (C:\\Users\\thinksysuser\\AppData\\Roaming\\npm\\node_modules\\protractor\\node_modules\\jasmine-core\\lib\\jasmine-core\\jasmine.js:714:35)\n    at Spec.execute (C:\\Users\\thinksysuser\\AppData\\Roaming\\npm\\node_modules\\protractor\\node_modules\\jasmine-core\\lib\\jasmine-core\\jasmine.js:371:10)\n    at Object.fn (C:\\Users\\thinksysuser\\AppData\\Roaming\\npm\\node_modules\\protractor\\node_modules\\jasmine-core\\lib\\jasmine-core\\jasmine.js:2579:37)\n    at attemptAsync (C:\\Users\\thinksysuser\\AppData\\Roaming\\npm\\node_modules\\protractor\\node_modules\\jasmine-core\\lib\\jasmine-core\\jasmine.js:1980:24)\n    at QueueRunner.run (C:\\Users\\thinksysuser\\AppData\\Roaming\\npm\\node_modules\\protractor\\node_modules\\jasmine-core\\lib\\jasmine-core\\jasmine.js:1935:9)\n    at QueueRunner.execute (C:\\Users\\thinksysuser\\AppData\\Roaming\\npm\\node_modules\\protractor\\node_modules\\jasmine-core\\lib\\jasmine-core\\jasmine.js:1923:10)\n    at queueRunnerFactory (C:\\Users\\thinksysuser\\AppData\\Roaming\\npm\\node_modules\\protractor\\node_modules\\jasmine-core\\lib\\jasmine-core\\jasmine.js:714:35)\n    at Object.fn (C:\\Users\\thinksysuser\\AppData\\Roaming\\npm\\node_modules\\protractor\\node_modules\\jasmine-core\\lib\\jasmine-core\\jasmine.js:2564:13)\n    at attemptAsync (C:\\Users\\thinksysuser\\AppData\\Roaming\\npm\\node_modules\\protractor\\node_modules\\jasmine-core\\lib\\jasmine-core\\jasmine.js:1980:24)\n    at QueueRunner.run (C:\\Users\\thinksysuser\\AppData\\Roaming\\npm\\node_modules\\protractor\\node_modules\\jasmine-core\\lib\\jasmine-core\\jasmine.js:1935:9)\n    at QueueRunner.execute (C:\\Users\\thinksysuser\\AppData\\Roaming\\npm\\node_modules\\protractor\\node_modules\\jasmine-core\\lib\\jasmine-core\\jasmine.js:1923:10)\n    at queueRunnerFactory (C:\\Users\\thinksysuser\\AppData\\Roaming\\npm\\node_modules\\protractor\\node_modules\\jasmine-core\\lib\\jasmine-core\\jasmine.js:714:35)\n    at TreeProcessor.execute (C:\\Users\\thinksysuser\\AppData\\Roaming\\npm\\node_modules\\protractor\\node_modules\\jasmine-core\\lib\\jasmine-core\\jasmine.js:2426:7)\n    at Env.execute (C:\\Users\\thinksysuser\\AppData\\Roaming\\npm\\node_modules\\protractor\\node_modules\\jasmine-core\\lib\\jasmine-core\\jasmine.js:776:17)\n    at Jasmine.execute (C:\\Users\\thinksysuser\\AppData\\Roaming\\npm\\node_modules\\protractor\\node_modules\\jasmine\\lib\\jasmine.js:184:12)\n    at C:\\Users\\thinksysuser\\AppData\\Roaming\\npm\\node_modules\\protractor\\built\\frameworks\\jasmine.js:132:15\n    at Function.promise (C:\\Users\\thinksysuser\\AppData\\Roaming\\npm\\node_modules\\protractor\\node_modules\\q\\q.js:682:9)\n    at C:\\Users\\thinksysuser\\AppData\\Roaming\\npm\\node_modules\\protractor\\built\\frameworks\\jasmine.js:104:14\n    at _fulfilled (C:\\Users\\thinksysuser\\AppData\\Roaming\\npm\\node_modules\\protractor\\node_modules\\q\\q.js:834:54)\n    at self.promiseDispatch.done (C:\\Users\\thinksysuser\\AppData\\Roaming\\npm\\node_modules\\protractor\\node_modules\\q\\q.js:863:30)\n    at Promise.promise.promiseDispatch (C:\\Users\\thinksysuser\\AppData\\Roaming\\npm\\node_modules\\protractor\\node_modules\\q\\q.js:796:13)\n    at C:\\Users\\thinksysuser\\AppData\\Roaming\\npm\\node_modules\\protractor\\node_modules\\q\\q.js:556:49\n    at runSingle (C:\\Users\\thinksysuser\\AppData\\Roaming\\npm\\node_modules\\protractor\\node_modules\\q\\q.js:137:13)\n    at flush (C:\\Users\\thinksysuser\\AppData\\Roaming\\npm\\node_modules\\protractor\\node_modules\\q\\q.js:125:13)\n    at _combinedTickCallback (internal/process/next_tick.js:67:7)\n    at process._tickCallback (internal/process/next_tick.js:98:9)\nFrom asynchronous test: \nError\n    at Suite.<anonymous> (D:\\protractor\\Demo_thinksys\\rough\\test.js:59:5)\n    at addSpecsToSuite (C:\\Users\\thinksysuser\\AppData\\Roaming\\npm\\node_modules\\protractor\\node_modules\\jasmine-core\\lib\\jasmine-core\\jasmine.js:867:25)\n    at Env.describe (C:\\Users\\thinksysuser\\AppData\\Roaming\\npm\\node_modules\\protractor\\node_modules\\jasmine-core\\lib\\jasmine-core\\jasmine.js:836:7)\n    at describe (C:\\Users\\thinksysuser\\AppData\\Roaming\\npm\\node_modules\\protractor\\node_modules\\jasmine-core\\lib\\jasmine-core\\jasmine.js:3576:18)\n    at Object.<anonymous> (D:\\protractor\\Demo_thinksys\\rough\\test.js:3:1)\n    at Module._compile (module.js:570:32)\n    at Object.Module._extensions..js (module.js:579:10)\n    at Module.load (C:\\node_modules\\coffee-script\\lib\\coffee-script\\register.js:45:36)\n    at tryModuleLoad (module.js:446:12)\n    at Function.Module._load (module.js:438:3)\n    at Module.require (module.js:497:17)\n    at require (internal/module.js:20:19)\n    at C:\\Users\\thinksysuser\\AppData\\Roaming\\npm\\node_modules\\protractor\\node_modules\\jasmine\\lib\\jasmine.js:87:5\n    at Array.forEach (native)\n    at Jasmine.loadSpecs (C:\\Users\\thinksysuser\\AppData\\Roaming\\npm\\node_modules\\protractor\\node_modules\\jasmine\\lib\\jasmine.js:86:18)\n    at Jasmine.execute (C:\\Users\\thinksysuser\\AppData\\Roaming\\npm\\node_modules\\protractor\\node_modules\\jasmine\\lib\\jasmine.js:181:8)\n    at C:\\Users\\thinksysuser\\AppData\\Roaming\\npm\\node_modules\\protractor\\built\\frameworks\\jasmine.js:132:15\n    at Function.promise (C:\\Users\\thinksysuser\\AppData\\Roaming\\npm\\node_modules\\protractor\\node_modules\\q\\q.js:682:9)\n    at C:\\Users\\thinksysuser\\AppData\\Roaming\\npm\\node_modules\\protractor\\built\\frameworks\\jasmine.js:104:14\n    at _fulfilled (C:\\Users\\thinksysuser\\AppData\\Roaming\\npm\\node_modules\\protractor\\node_modules\\q\\q.js:834:54)\n    at self.promiseDispatch.done (C:\\Users\\thinksysuser\\AppData\\Roaming\\npm\\node_modules\\protractor\\node_modules\\q\\q.js:863:30)\n    at Promise.promise.promiseDispatch (C:\\Users\\thinksysuser\\AppData\\Roaming\\npm\\node_modules\\protractor\\node_modules\\q\\q.js:796:13)\n    at C:\\Users\\thinksysuser\\AppData\\Roaming\\npm\\node_modules\\protractor\\node_modules\\q\\q.js:556:49\n    at runSingle (C:\\Users\\thinksysuser\\AppData\\Roaming\\npm\\node_modules\\protractor\\node_modules\\q\\q.js:137:13)\n    at flush (C:\\Users\\thinksysuser\\AppData\\Roaming\\npm\\node_modules\\protractor\\node_modules\\q\\q.js:125:13)\n    at _combinedTickCallback (internal/process/next_tick.js:67:7)\n    at process._tickCallback (internal/process/next_tick.js:98:9)"
      },
      "testCases" : [ {
        "uid" : "a8a2856d677b6f67",
        "name" : "Login",
        "title" : "Login",
        "time" : {
          "start" : 1493376489208,
          "stop" : 1493376496765,
          "duration" : 7557
        },
        "severity" : "NORMAL",
        "status" : "FAILED"
      } ]
    }, {
      "uid" : "dda8b4e024af721f",
      "failure" : {
        "message" : "Failed: expect(...).toEquals is not a function",
        "stackTrace" : "TypeError: expect(...).toEquals is not a function\n    at D:\\protractor\\Demo_thinksys\\rough\\test.js:74:23\n    at elementArrayFinder_.then (C:\\Users\\thinksysuser\\AppData\\Roaming\\npm\\node_modules\\protractor\\lib\\element.ts:840:22)\n    at ManagedPromise.invokeCallback_ (C:\\Users\\thinksysuser\\AppData\\Roaming\\npm\\node_modules\\protractor\\node_modules\\selenium-webdriver\\lib\\promise.js:1366:14)\n    at TaskQueue.execute_ (C:\\Users\\thinksysuser\\AppData\\Roaming\\npm\\node_modules\\protractor\\node_modules\\selenium-webdriver\\lib\\promise.js:2970:14)\n    at TaskQueue.executeNext_ (C:\\Users\\thinksysuser\\AppData\\Roaming\\npm\\node_modules\\protractor\\node_modules\\selenium-webdriver\\lib\\promise.js:2953:27)\n    at asyncRun (C:\\Users\\thinksysuser\\AppData\\Roaming\\npm\\node_modules\\protractor\\node_modules\\selenium-webdriver\\lib\\promise.js:2813:27)\n    at C:\\Users\\thinksysuser\\AppData\\Roaming\\npm\\node_modules\\protractor\\node_modules\\selenium-webdriver\\lib\\promise.js:676:7\n    at process._tickCallback (internal/process/next_tick.js:103:7)\nFrom: Task: Run it(\"Login\") in control flow\n    at Object.<anonymous> (C:\\Users\\thinksysuser\\AppData\\Roaming\\npm\\node_modules\\protractor\\node_modules\\jasminewd2\\index.js:94:19)\n    at attemptAsync (C:\\Users\\thinksysuser\\AppData\\Roaming\\npm\\node_modules\\protractor\\node_modules\\jasmine-core\\lib\\jasmine-core\\jasmine.js:1980:24)\n    at QueueRunner.run (C:\\Users\\thinksysuser\\AppData\\Roaming\\npm\\node_modules\\protractor\\node_modules\\jasmine-core\\lib\\jasmine-core\\jasmine.js:1935:9)\n    at QueueRunner.execute (C:\\Users\\thinksysuser\\AppData\\Roaming\\npm\\node_modules\\protractor\\node_modules\\jasmine-core\\lib\\jasmine-core\\jasmine.js:1923:10)\n    at Spec.queueRunnerFactory (C:\\Users\\thinksysuser\\AppData\\Roaming\\npm\\node_modules\\protractor\\node_modules\\jasmine-core\\lib\\jasmine-core\\jasmine.js:714:35)\n    at Spec.execute (C:\\Users\\thinksysuser\\AppData\\Roaming\\npm\\node_modules\\protractor\\node_modules\\jasmine-core\\lib\\jasmine-core\\jasmine.js:371:10)\n    at Object.fn (C:\\Users\\thinksysuser\\AppData\\Roaming\\npm\\node_modules\\protractor\\node_modules\\jasmine-core\\lib\\jasmine-core\\jasmine.js:2579:37)\n    at attemptAsync (C:\\Users\\thinksysuser\\AppData\\Roaming\\npm\\node_modules\\protractor\\node_modules\\jasmine-core\\lib\\jasmine-core\\jasmine.js:1980:24)\n    at QueueRunner.run (C:\\Users\\thinksysuser\\AppData\\Roaming\\npm\\node_modules\\protractor\\node_modules\\jasmine-core\\lib\\jasmine-core\\jasmine.js:1935:9)\n    at QueueRunner.execute (C:\\Users\\thinksysuser\\AppData\\Roaming\\npm\\node_modules\\protractor\\node_modules\\jasmine-core\\lib\\jasmine-core\\jasmine.js:1923:10)\n    at queueRunnerFactory (C:\\Users\\thinksysuser\\AppData\\Roaming\\npm\\node_modules\\protractor\\node_modules\\jasmine-core\\lib\\jasmine-core\\jasmine.js:714:35)\n    at Object.fn (C:\\Users\\thinksysuser\\AppData\\Roaming\\npm\\node_modules\\protractor\\node_modules\\jasmine-core\\lib\\jasmine-core\\jasmine.js:2564:13)\n    at attemptAsync (C:\\Users\\thinksysuser\\AppData\\Roaming\\npm\\node_modules\\protractor\\node_modules\\jasmine-core\\lib\\jasmine-core\\jasmine.js:1980:24)\n    at QueueRunner.run (C:\\Users\\thinksysuser\\AppData\\Roaming\\npm\\node_modules\\protractor\\node_modules\\jasmine-core\\lib\\jasmine-core\\jasmine.js:1935:9)\n    at QueueRunner.execute (C:\\Users\\thinksysuser\\AppData\\Roaming\\npm\\node_modules\\protractor\\node_modules\\jasmine-core\\lib\\jasmine-core\\jasmine.js:1923:10)\n    at queueRunnerFactory (C:\\Users\\thinksysuser\\AppData\\Roaming\\npm\\node_modules\\protractor\\node_modules\\jasmine-core\\lib\\jasmine-core\\jasmine.js:714:35)\n    at TreeProcessor.execute (C:\\Users\\thinksysuser\\AppData\\Roaming\\npm\\node_modules\\protractor\\node_modules\\jasmine-core\\lib\\jasmine-core\\jasmine.js:2426:7)\n    at Env.execute (C:\\Users\\thinksysuser\\AppData\\Roaming\\npm\\node_modules\\protractor\\node_modules\\jasmine-core\\lib\\jasmine-core\\jasmine.js:776:17)\n    at Jasmine.execute (C:\\Users\\thinksysuser\\AppData\\Roaming\\npm\\node_modules\\protractor\\node_modules\\jasmine\\lib\\jasmine.js:184:12)\n    at C:\\Users\\thinksysuser\\AppData\\Roaming\\npm\\node_modules\\protractor\\built\\frameworks\\jasmine.js:132:15\n    at Function.promise (C:\\Users\\thinksysuser\\AppData\\Roaming\\npm\\node_modules\\protractor\\node_modules\\q\\q.js:682:9)\n    at C:\\Users\\thinksysuser\\AppData\\Roaming\\npm\\node_modules\\protractor\\built\\frameworks\\jasmine.js:104:14\n    at _fulfilled (C:\\Users\\thinksysuser\\AppData\\Roaming\\npm\\node_modules\\protractor\\node_modules\\q\\q.js:834:54)\n    at self.promiseDispatch.done (C:\\Users\\thinksysuser\\AppData\\Roaming\\npm\\node_modules\\protractor\\node_modules\\q\\q.js:863:30)\n    at Promise.promise.promiseDispatch (C:\\Users\\thinksysuser\\AppData\\Roaming\\npm\\node_modules\\protractor\\node_modules\\q\\q.js:796:13)\n    at C:\\Users\\thinksysuser\\AppData\\Roaming\\npm\\node_modules\\protractor\\node_modules\\q\\q.js:556:49\n    at runSingle (C:\\Users\\thinksysuser\\AppData\\Roaming\\npm\\node_modules\\protractor\\node_modules\\q\\q.js:137:13)\n    at flush (C:\\Users\\thinksysuser\\AppData\\Roaming\\npm\\node_modules\\protractor\\node_modules\\q\\q.js:125:13)\n    at _combinedTickCallback (internal/process/next_tick.js:67:7)\n    at process._tickCallback (internal/process/next_tick.js:98:9)\nFrom asynchronous test: \nError\n    at Suite.<anonymous> (D:\\protractor\\Demo_thinksys\\rough\\test.js:59:5)\n    at addSpecsToSuite (C:\\Users\\thinksysuser\\AppData\\Roaming\\npm\\node_modules\\protractor\\node_modules\\jasmine-core\\lib\\jasmine-core\\jasmine.js:867:25)\n    at Env.describe (C:\\Users\\thinksysuser\\AppData\\Roaming\\npm\\node_modules\\protractor\\node_modules\\jasmine-core\\lib\\jasmine-core\\jasmine.js:836:7)\n    at describe (C:\\Users\\thinksysuser\\AppData\\Roaming\\npm\\node_modules\\protractor\\node_modules\\jasmine-core\\lib\\jasmine-core\\jasmine.js:3576:18)\n    at Object.<anonymous> (D:\\protractor\\Demo_thinksys\\rough\\test.js:3:1)\n    at Module._compile (module.js:570:32)\n    at Object.Module._extensions..js (module.js:579:10)\n    at Module.load (C:\\node_modules\\coffee-script\\lib\\coffee-script\\register.js:45:36)\n    at tryModuleLoad (module.js:446:12)\n    at Function.Module._load (module.js:438:3)\n    at Module.require (module.js:497:17)\n    at require (internal/module.js:20:19)\n    at C:\\Users\\thinksysuser\\AppData\\Roaming\\npm\\node_modules\\protractor\\node_modules\\jasmine\\lib\\jasmine.js:87:5\n    at Array.forEach (native)\n    at Jasmine.loadSpecs (C:\\Users\\thinksysuser\\AppData\\Roaming\\npm\\node_modules\\protractor\\node_modules\\jasmine\\lib\\jasmine.js:86:18)\n    at Jasmine.execute (C:\\Users\\thinksysuser\\AppData\\Roaming\\npm\\node_modules\\protractor\\node_modules\\jasmine\\lib\\jasmine.js:181:8)\n    at C:\\Users\\thinksysuser\\AppData\\Roaming\\npm\\node_modules\\protractor\\built\\frameworks\\jasmine.js:132:15\n    at Function.promise (C:\\Users\\thinksysuser\\AppData\\Roaming\\npm\\node_modules\\protractor\\node_modules\\q\\q.js:682:9)\n    at C:\\Users\\thinksysuser\\AppData\\Roaming\\npm\\node_modules\\protractor\\built\\frameworks\\jasmine.js:104:14\n    at _fulfilled (C:\\Users\\thinksysuser\\AppData\\Roaming\\npm\\node_modules\\protractor\\node_modules\\q\\q.js:834:54)\n    at self.promiseDispatch.done (C:\\Users\\thinksysuser\\AppData\\Roaming\\npm\\node_modules\\protractor\\node_modules\\q\\q.js:863:30)\n    at Promise.promise.promiseDispatch (C:\\Users\\thinksysuser\\AppData\\Roaming\\npm\\node_modules\\protractor\\node_modules\\q\\q.js:796:13)\n    at C:\\Users\\thinksysuser\\AppData\\Roaming\\npm\\node_modules\\protractor\\node_modules\\q\\q.js:556:49\n    at runSingle (C:\\Users\\thinksysuser\\AppData\\Roaming\\npm\\node_modules\\protractor\\node_modules\\q\\q.js:137:13)\n    at flush (C:\\Users\\thinksysuser\\AppData\\Roaming\\npm\\node_modules\\protractor\\node_modules\\q\\q.js:125:13)\n    at _combinedTickCallback (internal/process/next_tick.js:67:7)\n    at process._tickCallback (internal/process/next_tick.js:98:9)"
      },
      "testCases" : [ {
        "uid" : "f627a8288c98cfea",
        "name" : "Login",
        "title" : "Login",
        "time" : {
          "start" : 1493376644945,
          "stop" : 1493376667027,
          "duration" : 22082
        },
        "severity" : "NORMAL",
        "status" : "FAILED"
      } ]
    }, {
      "uid" : "e796aa0f5652875c",
      "failure" : {
        "message" : "Failed: invalid selector: Unable to locate an element with the xpath expression Email Address because of the following error:\nSyntaxError: Failed to execute 'evaluate' on 'Document': The string 'Email Address' is not a valid XPath expression.\n  (Session info: chrome=57.0.2987.133)\n  (Driver info: chromedriver=2.29.461591 (62ebf098771772160f391d75e589dc567915b233),platform=Windows NT 6.1.7601 SP1 x86)",
        "stackTrace" : "InvalidSelectorError: invalid selector: Unable to locate an element with the xpath expression Email Address because of the following error:\nSyntaxError: Failed to execute 'evaluate' on 'Document': The string 'Email Address' is not a valid XPath expression.\n  (Session info: chrome=57.0.2987.133)\n  (Driver info: chromedriver=2.29.461591 (62ebf098771772160f391d75e589dc567915b233),platform=Windows NT 6.1.7601 SP1 x86)\n    at WebDriverError (C:\\Users\\thinksysuser\\AppData\\Roaming\\npm\\node_modules\\protractor\\node_modules\\selenium-webdriver\\lib\\error.js:27:5)\n    at InvalidSelectorError (C:\\Users\\thinksysuser\\AppData\\Roaming\\npm\\node_modules\\protractor\\node_modules\\selenium-webdriver\\lib\\error.js:111:5)\n    at Object.checkLegacyResponse (C:\\Users\\thinksysuser\\AppData\\Roaming\\npm\\node_modules\\protractor\\node_modules\\selenium-webdriver\\lib\\error.js:505:15)\n    at parseHttpResponse (C:\\Users\\thinksysuser\\AppData\\Roaming\\npm\\node_modules\\protractor\\node_modules\\selenium-webdriver\\lib\\http.js:509:13)\n    at doSend.then.response (C:\\Users\\thinksysuser\\AppData\\Roaming\\npm\\node_modules\\protractor\\node_modules\\selenium-webdriver\\lib\\http.js:440:13)\n    at process._tickCallback (internal/process/next_tick.js:103:7)\nFrom: Task: WebDriver.findElements(By(xpath, Email Address))\n    at Driver.schedule (C:\\Users\\thinksysuser\\AppData\\Roaming\\npm\\node_modules\\protractor\\node_modules\\selenium-webdriver\\lib\\webdriver.js:816:17)\n    at Driver.findElements (C:\\Users\\thinksysuser\\AppData\\Roaming\\npm\\node_modules\\protractor\\node_modules\\selenium-webdriver\\lib\\webdriver.js:1057:22)\n    at ptor.waitForAngular.then (C:\\Users\\thinksysuser\\AppData\\Roaming\\npm\\node_modules\\protractor\\lib\\element.ts:166:36)\n    at ManagedPromise.invokeCallback_ (C:\\Users\\thinksysuser\\AppData\\Roaming\\npm\\node_modules\\protractor\\node_modules\\selenium-webdriver\\lib\\promise.js:1366:14)\n    at TaskQueue.execute_ (C:\\Users\\thinksysuser\\AppData\\Roaming\\npm\\node_modules\\protractor\\node_modules\\selenium-webdriver\\lib\\promise.js:2970:14)\n    at TaskQueue.executeNext_ (C:\\Users\\thinksysuser\\AppData\\Roaming\\npm\\node_modules\\protractor\\node_modules\\selenium-webdriver\\lib\\promise.js:2953:27)\n    at asyncRun (C:\\Users\\thinksysuser\\AppData\\Roaming\\npm\\node_modules\\protractor\\node_modules\\selenium-webdriver\\lib\\promise.js:2813:27)\n    at C:\\Users\\thinksysuser\\AppData\\Roaming\\npm\\node_modules\\protractor\\node_modules\\selenium-webdriver\\lib\\promise.js:676:7\n    at process._tickCallback (internal/process/next_tick.js:103:7)\nFrom: Task: WebElement.sendKeys()\n    at Driver.schedule (C:\\Users\\thinksysuser\\AppData\\Roaming\\npm\\node_modules\\protractor\\node_modules\\selenium-webdriver\\lib\\webdriver.js:816:17)\n    at WebElementPromise.schedule_ (C:\\Users\\thinksysuser\\AppData\\Roaming\\npm\\node_modules\\protractor\\node_modules\\selenium-webdriver\\lib\\webdriver.js:1921:25)\n    at WebElementPromise.sendKeys (C:\\Users\\thinksysuser\\AppData\\Roaming\\npm\\node_modules\\protractor\\node_modules\\selenium-webdriver\\lib\\webdriver.js:2084:19)\n    at Object.<anonymous> (D:\\protractor\\Demo_thinksys\\rough\\test.js:66:62)\n    at C:\\Users\\thinksysuser\\AppData\\Roaming\\npm\\node_modules\\protractor\\node_modules\\jasminewd2\\index.js:110:25\n    at new ManagedPromise (C:\\Users\\thinksysuser\\AppData\\Roaming\\npm\\node_modules\\protractor\\node_modules\\selenium-webdriver\\lib\\promise.js:1067:7)\n    at ControlFlow.promise (C:\\Users\\thinksysuser\\AppData\\Roaming\\npm\\node_modules\\protractor\\node_modules\\selenium-webdriver\\lib\\promise.js:2396:12)\n    at schedulerExecute (C:\\Users\\thinksysuser\\AppData\\Roaming\\npm\\node_modules\\protractor\\node_modules\\jasminewd2\\index.js:95:18)\n    at TaskQueue.execute_ (C:\\Users\\thinksysuser\\AppData\\Roaming\\npm\\node_modules\\protractor\\node_modules\\selenium-webdriver\\lib\\promise.js:2970:14)\n    at TaskQueue.executeNext_ (C:\\Users\\thinksysuser\\AppData\\Roaming\\npm\\node_modules\\protractor\\node_modules\\selenium-webdriver\\lib\\promise.js:2953:27)\n    at asyncRun (C:\\Users\\thinksysuser\\AppData\\Roaming\\npm\\node_modules\\protractor\\node_modules\\selenium-webdriver\\lib\\promise.js:2813:27)\n    at C:\\Users\\thinksysuser\\AppData\\Roaming\\npm\\node_modules\\protractor\\node_modules\\selenium-webdriver\\lib\\promise.js:676:7\n    at process._tickCallback (internal/process/next_tick.js:103:7)\nFrom: Task: Run it(\"Login\") in control flow\n    at Object.<anonymous> (C:\\Users\\thinksysuser\\AppData\\Roaming\\npm\\node_modules\\protractor\\node_modules\\jasminewd2\\index.js:94:19)\n    at attemptAsync (C:\\Users\\thinksysuser\\AppData\\Roaming\\npm\\node_modules\\protractor\\node_modules\\jasmine-core\\lib\\jasmine-core\\jasmine.js:1980:24)\n    at QueueRunner.run (C:\\Users\\thinksysuser\\AppData\\Roaming\\npm\\node_modules\\protractor\\node_modules\\jasmine-core\\lib\\jasmine-core\\jasmine.js:1935:9)\n    at QueueRunner.execute (C:\\Users\\thinksysuser\\AppData\\Roaming\\npm\\node_modules\\protractor\\node_modules\\jasmine-core\\lib\\jasmine-core\\jasmine.js:1923:10)\n    at Spec.queueRunnerFactory (C:\\Users\\thinksysuser\\AppData\\Roaming\\npm\\node_modules\\protractor\\node_modules\\jasmine-core\\lib\\jasmine-core\\jasmine.js:714:35)\n    at Spec.execute (C:\\Users\\thinksysuser\\AppData\\Roaming\\npm\\node_modules\\protractor\\node_modules\\jasmine-core\\lib\\jasmine-core\\jasmine.js:371:10)\n    at Object.fn (C:\\Users\\thinksysuser\\AppData\\Roaming\\npm\\node_modules\\protractor\\node_modules\\jasmine-core\\lib\\jasmine-core\\jasmine.js:2579:37)\n    at attemptAsync (C:\\Users\\thinksysuser\\AppData\\Roaming\\npm\\node_modules\\protractor\\node_modules\\jasmine-core\\lib\\jasmine-core\\jasmine.js:1980:24)\n    at QueueRunner.run (C:\\Users\\thinksysuser\\AppData\\Roaming\\npm\\node_modules\\protractor\\node_modules\\jasmine-core\\lib\\jasmine-core\\jasmine.js:1935:9)\n    at QueueRunner.execute (C:\\Users\\thinksysuser\\AppData\\Roaming\\npm\\node_modules\\protractor\\node_modules\\jasmine-core\\lib\\jasmine-core\\jasmine.js:1923:10)\n    at queueRunnerFactory (C:\\Users\\thinksysuser\\AppData\\Roaming\\npm\\node_modules\\protractor\\node_modules\\jasmine-core\\lib\\jasmine-core\\jasmine.js:714:35)\n    at Object.fn (C:\\Users\\thinksysuser\\AppData\\Roaming\\npm\\node_modules\\protractor\\node_modules\\jasmine-core\\lib\\jasmine-core\\jasmine.js:2564:13)\n    at attemptAsync (C:\\Users\\thinksysuser\\AppData\\Roaming\\npm\\node_modules\\protractor\\node_modules\\jasmine-core\\lib\\jasmine-core\\jasmine.js:1980:24)\n    at QueueRunner.run (C:\\Users\\thinksysuser\\AppData\\Roaming\\npm\\node_modules\\protractor\\node_modules\\jasmine-core\\lib\\jasmine-core\\jasmine.js:1935:9)\n    at QueueRunner.execute (C:\\Users\\thinksysuser\\AppData\\Roaming\\npm\\node_modules\\protractor\\node_modules\\jasmine-core\\lib\\jasmine-core\\jasmine.js:1923:10)\n    at queueRunnerFactory (C:\\Users\\thinksysuser\\AppData\\Roaming\\npm\\node_modules\\protractor\\node_modules\\jasmine-core\\lib\\jasmine-core\\jasmine.js:714:35)\n    at TreeProcessor.execute (C:\\Users\\thinksysuser\\AppData\\Roaming\\npm\\node_modules\\protractor\\node_modules\\jasmine-core\\lib\\jasmine-core\\jasmine.js:2426:7)\n    at Env.execute (C:\\Users\\thinksysuser\\AppData\\Roaming\\npm\\node_modules\\protractor\\node_modules\\jasmine-core\\lib\\jasmine-core\\jasmine.js:776:17)\n    at Jasmine.execute (C:\\Users\\thinksysuser\\AppData\\Roaming\\npm\\node_modules\\protractor\\node_modules\\jasmine\\lib\\jasmine.js:184:12)\n    at C:\\Users\\thinksysuser\\AppData\\Roaming\\npm\\node_modules\\protractor\\built\\frameworks\\jasmine.js:132:15\n    at Function.promise (C:\\Users\\thinksysuser\\AppData\\Roaming\\npm\\node_modules\\protractor\\node_modules\\q\\q.js:682:9)\n    at C:\\Users\\thinksysuser\\AppData\\Roaming\\npm\\node_modules\\protractor\\built\\frameworks\\jasmine.js:104:14\n    at _fulfilled (C:\\Users\\thinksysuser\\AppData\\Roaming\\npm\\node_modules\\protractor\\node_modules\\q\\q.js:834:54)\n    at self.promiseDispatch.done (C:\\Users\\thinksysuser\\AppData\\Roaming\\npm\\node_modules\\protractor\\node_modules\\q\\q.js:863:30)\n    at Promise.promise.promiseDispatch (C:\\Users\\thinksysuser\\AppData\\Roaming\\npm\\node_modules\\protractor\\node_modules\\q\\q.js:796:13)\n    at C:\\Users\\thinksysuser\\AppData\\Roaming\\npm\\node_modules\\protractor\\node_modules\\q\\q.js:556:49\n    at runSingle (C:\\Users\\thinksysuser\\AppData\\Roaming\\npm\\node_modules\\protractor\\node_modules\\q\\q.js:137:13)\n    at flush (C:\\Users\\thinksysuser\\AppData\\Roaming\\npm\\node_modules\\protractor\\node_modules\\q\\q.js:125:13)\n    at _combinedTickCallback (internal/process/next_tick.js:67:7)\n    at process._tickCallback (internal/process/next_tick.js:98:9)\nFrom asynchronous test: \nError\n    at Suite.<anonymous> (D:\\protractor\\Demo_thinksys\\rough\\test.js:59:5)\n    at addSpecsToSuite (C:\\Users\\thinksysuser\\AppData\\Roaming\\npm\\node_modules\\protractor\\node_modules\\jasmine-core\\lib\\jasmine-core\\jasmine.js:867:25)\n    at Env.describe (C:\\Users\\thinksysuser\\AppData\\Roaming\\npm\\node_modules\\protractor\\node_modules\\jasmine-core\\lib\\jasmine-core\\jasmine.js:836:7)\n    at describe (C:\\Users\\thinksysuser\\AppData\\Roaming\\npm\\node_modules\\protractor\\node_modules\\jasmine-core\\lib\\jasmine-core\\jasmine.js:3576:18)\n    at Object.<anonymous> (D:\\protractor\\Demo_thinksys\\rough\\test.js:3:1)\n    at Module._compile (module.js:570:32)\n    at Object.Module._extensions..js (module.js:579:10)\n    at Module.load (C:\\node_modules\\coffee-script\\lib\\coffee-script\\register.js:45:36)\n    at tryModuleLoad (module.js:446:12)\n    at Function.Module._load (module.js:438:3)\n    at Module.require (module.js:497:17)\n    at require (internal/module.js:20:19)\n    at C:\\Users\\thinksysuser\\AppData\\Roaming\\npm\\node_modules\\protractor\\node_modules\\jasmine\\lib\\jasmine.js:87:5\n    at Array.forEach (native)\n    at Jasmine.loadSpecs (C:\\Users\\thinksysuser\\AppData\\Roaming\\npm\\node_modules\\protractor\\node_modules\\jasmine\\lib\\jasmine.js:86:18)\n    at Jasmine.execute (C:\\Users\\thinksysuser\\AppData\\Roaming\\npm\\node_modules\\protractor\\node_modules\\jasmine\\lib\\jasmine.js:181:8)\n    at C:\\Users\\thinksysuser\\AppData\\Roaming\\npm\\node_modules\\protractor\\built\\frameworks\\jasmine.js:132:15\n    at Function.promise (C:\\Users\\thinksysuser\\AppData\\Roaming\\npm\\node_modules\\protractor\\node_modules\\q\\q.js:682:9)\n    at C:\\Users\\thinksysuser\\AppData\\Roaming\\npm\\node_modules\\protractor\\built\\frameworks\\jasmine.js:104:14\n    at _fulfilled (C:\\Users\\thinksysuser\\AppData\\Roaming\\npm\\node_modules\\protractor\\node_modules\\q\\q.js:834:54)\n    at self.promiseDispatch.done (C:\\Users\\thinksysuser\\AppData\\Roaming\\npm\\node_modules\\protractor\\node_modules\\q\\q.js:863:30)\n    at Promise.promise.promiseDispatch (C:\\Users\\thinksysuser\\AppData\\Roaming\\npm\\node_modules\\protractor\\node_modules\\q\\q.js:796:13)\n    at C:\\Users\\thinksysuser\\AppData\\Roaming\\npm\\node_modules\\protractor\\node_modules\\q\\q.js:556:49\n    at runSingle (C:\\Users\\thinksysuser\\AppData\\Roaming\\npm\\node_modules\\protractor\\node_modules\\q\\q.js:137:13)\n    at flush (C:\\Users\\thinksysuser\\AppData\\Roaming\\npm\\node_modules\\protractor\\node_modules\\q\\q.js:125:13)\n    at _combinedTickCallback (internal/process/next_tick.js:67:7)\n    at process._tickCallback (internal/process/next_tick.js:98:9)"
      },
      "testCases" : [ {
        "uid" : "6181c234e9308282",
        "name" : "Login",
        "title" : "Login",
        "time" : {
          "start" : 1493041048770,
          "stop" : 1493041057170,
          "duration" : 8400
        },
        "severity" : "NORMAL",
        "status" : "FAILED"
      } ]
    }, {
      "uid" : "ef4bfa32aae987a5",
      "failure" : {
        "message" : "Failed: No element found using locator: By(xpath, //*[@lable='Password'])",
        "stackTrace" : "NoSuchElementError: No element found using locator: By(xpath, //*[@lable='Password'])\n    at WebDriverError (C:\\Users\\thinksysuser\\AppData\\Roaming\\npm\\node_modules\\protractor\\node_modules\\selenium-webdriver\\lib\\error.js:27:5)\n    at NoSuchElementError (C:\\Users\\thinksysuser\\AppData\\Roaming\\npm\\node_modules\\protractor\\node_modules\\selenium-webdriver\\lib\\error.js:168:5)\n    at elementArrayFinder.getWebElements.then (C:\\Users\\thinksysuser\\AppData\\Roaming\\npm\\node_modules\\protractor\\lib\\element.ts:851:17)\n    at ManagedPromise.invokeCallback_ (C:\\Users\\thinksysuser\\AppData\\Roaming\\npm\\node_modules\\protractor\\node_modules\\selenium-webdriver\\lib\\promise.js:1366:14)\n    at TaskQueue.execute_ (C:\\Users\\thinksysuser\\AppData\\Roaming\\npm\\node_modules\\protractor\\node_modules\\selenium-webdriver\\lib\\promise.js:2970:14)\n    at TaskQueue.executeNext_ (C:\\Users\\thinksysuser\\AppData\\Roaming\\npm\\node_modules\\protractor\\node_modules\\selenium-webdriver\\lib\\promise.js:2953:27)\n    at asyncRun (C:\\Users\\thinksysuser\\AppData\\Roaming\\npm\\node_modules\\protractor\\node_modules\\selenium-webdriver\\lib\\promise.js:2813:27)\n    at C:\\Users\\thinksysuser\\AppData\\Roaming\\npm\\node_modules\\protractor\\node_modules\\selenium-webdriver\\lib\\promise.js:676:7\n    at process._tickCallback (internal/process/next_tick.js:103:7)\nFrom: Task: WebElement.sendKeys()\n    at Driver.schedule (C:\\Users\\thinksysuser\\AppData\\Roaming\\npm\\node_modules\\protractor\\node_modules\\selenium-webdriver\\lib\\webdriver.js:816:17)\n    at WebElementPromise.schedule_ (C:\\Users\\thinksysuser\\AppData\\Roaming\\npm\\node_modules\\protractor\\node_modules\\selenium-webdriver\\lib\\webdriver.js:1921:25)\n    at WebElementPromise.sendKeys (C:\\Users\\thinksysuser\\AppData\\Roaming\\npm\\node_modules\\protractor\\node_modules\\selenium-webdriver\\lib\\webdriver.js:2084:19)\n    at Object.<anonymous> (D:\\protractor\\Demo_thinksys\\rough\\test.js:68:65)\n    at C:\\Users\\thinksysuser\\AppData\\Roaming\\npm\\node_modules\\protractor\\node_modules\\jasminewd2\\index.js:110:25\n    at new ManagedPromise (C:\\Users\\thinksysuser\\AppData\\Roaming\\npm\\node_modules\\protractor\\node_modules\\selenium-webdriver\\lib\\promise.js:1067:7)\n    at ControlFlow.promise (C:\\Users\\thinksysuser\\AppData\\Roaming\\npm\\node_modules\\protractor\\node_modules\\selenium-webdriver\\lib\\promise.js:2396:12)\n    at schedulerExecute (C:\\Users\\thinksysuser\\AppData\\Roaming\\npm\\node_modules\\protractor\\node_modules\\jasminewd2\\index.js:95:18)\n    at TaskQueue.execute_ (C:\\Users\\thinksysuser\\AppData\\Roaming\\npm\\node_modules\\protractor\\node_modules\\selenium-webdriver\\lib\\promise.js:2970:14)\n    at TaskQueue.executeNext_ (C:\\Users\\thinksysuser\\AppData\\Roaming\\npm\\node_modules\\protractor\\node_modules\\selenium-webdriver\\lib\\promise.js:2953:27)\n    at asyncRun (C:\\Users\\thinksysuser\\AppData\\Roaming\\npm\\node_modules\\protractor\\node_modules\\selenium-webdriver\\lib\\promise.js:2813:27)\n    at C:\\Users\\thinksysuser\\AppData\\Roaming\\npm\\node_modules\\protractor\\node_modules\\selenium-webdriver\\lib\\promise.js:676:7\n    at process._tickCallback (internal/process/next_tick.js:103:7)\nFrom: Task: Run it(\"Login\") in control flow\n    at Object.<anonymous> (C:\\Users\\thinksysuser\\AppData\\Roaming\\npm\\node_modules\\protractor\\node_modules\\jasminewd2\\index.js:94:19)\n    at attemptAsync (C:\\Users\\thinksysuser\\AppData\\Roaming\\npm\\node_modules\\protractor\\node_modules\\jasmine-core\\lib\\jasmine-core\\jasmine.js:1980:24)\n    at QueueRunner.run (C:\\Users\\thinksysuser\\AppData\\Roaming\\npm\\node_modules\\protractor\\node_modules\\jasmine-core\\lib\\jasmine-core\\jasmine.js:1935:9)\n    at QueueRunner.execute (C:\\Users\\thinksysuser\\AppData\\Roaming\\npm\\node_modules\\protractor\\node_modules\\jasmine-core\\lib\\jasmine-core\\jasmine.js:1923:10)\n    at Spec.queueRunnerFactory (C:\\Users\\thinksysuser\\AppData\\Roaming\\npm\\node_modules\\protractor\\node_modules\\jasmine-core\\lib\\jasmine-core\\jasmine.js:714:35)\n    at Spec.execute (C:\\Users\\thinksysuser\\AppData\\Roaming\\npm\\node_modules\\protractor\\node_modules\\jasmine-core\\lib\\jasmine-core\\jasmine.js:371:10)\n    at Object.fn (C:\\Users\\thinksysuser\\AppData\\Roaming\\npm\\node_modules\\protractor\\node_modules\\jasmine-core\\lib\\jasmine-core\\jasmine.js:2579:37)\n    at attemptAsync (C:\\Users\\thinksysuser\\AppData\\Roaming\\npm\\node_modules\\protractor\\node_modules\\jasmine-core\\lib\\jasmine-core\\jasmine.js:1980:24)\n    at QueueRunner.run (C:\\Users\\thinksysuser\\AppData\\Roaming\\npm\\node_modules\\protractor\\node_modules\\jasmine-core\\lib\\jasmine-core\\jasmine.js:1935:9)\n    at QueueRunner.execute (C:\\Users\\thinksysuser\\AppData\\Roaming\\npm\\node_modules\\protractor\\node_modules\\jasmine-core\\lib\\jasmine-core\\jasmine.js:1923:10)\n    at queueRunnerFactory (C:\\Users\\thinksysuser\\AppData\\Roaming\\npm\\node_modules\\protractor\\node_modules\\jasmine-core\\lib\\jasmine-core\\jasmine.js:714:35)\n    at Object.fn (C:\\Users\\thinksysuser\\AppData\\Roaming\\npm\\node_modules\\protractor\\node_modules\\jasmine-core\\lib\\jasmine-core\\jasmine.js:2564:13)\n    at attemptAsync (C:\\Users\\thinksysuser\\AppData\\Roaming\\npm\\node_modules\\protractor\\node_modules\\jasmine-core\\lib\\jasmine-core\\jasmine.js:1980:24)\n    at QueueRunner.run (C:\\Users\\thinksysuser\\AppData\\Roaming\\npm\\node_modules\\protractor\\node_modules\\jasmine-core\\lib\\jasmine-core\\jasmine.js:1935:9)\n    at QueueRunner.execute (C:\\Users\\thinksysuser\\AppData\\Roaming\\npm\\node_modules\\protractor\\node_modules\\jasmine-core\\lib\\jasmine-core\\jasmine.js:1923:10)\n    at queueRunnerFactory (C:\\Users\\thinksysuser\\AppData\\Roaming\\npm\\node_modules\\protractor\\node_modules\\jasmine-core\\lib\\jasmine-core\\jasmine.js:714:35)\n    at TreeProcessor.execute (C:\\Users\\thinksysuser\\AppData\\Roaming\\npm\\node_modules\\protractor\\node_modules\\jasmine-core\\lib\\jasmine-core\\jasmine.js:2426:7)\n    at Env.execute (C:\\Users\\thinksysuser\\AppData\\Roaming\\npm\\node_modules\\protractor\\node_modules\\jasmine-core\\lib\\jasmine-core\\jasmine.js:776:17)\n    at Jasmine.execute (C:\\Users\\thinksysuser\\AppData\\Roaming\\npm\\node_modules\\protractor\\node_modules\\jasmine\\lib\\jasmine.js:184:12)\n    at C:\\Users\\thinksysuser\\AppData\\Roaming\\npm\\node_modules\\protractor\\built\\frameworks\\jasmine.js:132:15\n    at Function.promise (C:\\Users\\thinksysuser\\AppData\\Roaming\\npm\\node_modules\\protractor\\node_modules\\q\\q.js:682:9)\n    at C:\\Users\\thinksysuser\\AppData\\Roaming\\npm\\node_modules\\protractor\\built\\frameworks\\jasmine.js:104:14\n    at _fulfilled (C:\\Users\\thinksysuser\\AppData\\Roaming\\npm\\node_modules\\protractor\\node_modules\\q\\q.js:834:54)\n    at self.promiseDispatch.done (C:\\Users\\thinksysuser\\AppData\\Roaming\\npm\\node_modules\\protractor\\node_modules\\q\\q.js:863:30)\n    at Promise.promise.promiseDispatch (C:\\Users\\thinksysuser\\AppData\\Roaming\\npm\\node_modules\\protractor\\node_modules\\q\\q.js:796:13)\n    at C:\\Users\\thinksysuser\\AppData\\Roaming\\npm\\node_modules\\protractor\\node_modules\\q\\q.js:556:49\n    at runSingle (C:\\Users\\thinksysuser\\AppData\\Roaming\\npm\\node_modules\\protractor\\node_modules\\q\\q.js:137:13)\n    at flush (C:\\Users\\thinksysuser\\AppData\\Roaming\\npm\\node_modules\\protractor\\node_modules\\q\\q.js:125:13)\n    at _combinedTickCallback (internal/process/next_tick.js:67:7)\n    at process._tickCallback (internal/process/next_tick.js:98:9)\nFrom asynchronous test: \nError\n    at Suite.<anonymous> (D:\\protractor\\Demo_thinksys\\rough\\test.js:59:5)\n    at addSpecsToSuite (C:\\Users\\thinksysuser\\AppData\\Roaming\\npm\\node_modules\\protractor\\node_modules\\jasmine-core\\lib\\jasmine-core\\jasmine.js:867:25)\n    at Env.describe (C:\\Users\\thinksysuser\\AppData\\Roaming\\npm\\node_modules\\protractor\\node_modules\\jasmine-core\\lib\\jasmine-core\\jasmine.js:836:7)\n    at describe (C:\\Users\\thinksysuser\\AppData\\Roaming\\npm\\node_modules\\protractor\\node_modules\\jasmine-core\\lib\\jasmine-core\\jasmine.js:3576:18)\n    at Object.<anonymous> (D:\\protractor\\Demo_thinksys\\rough\\test.js:3:1)\n    at Module._compile (module.js:570:32)\n    at Object.Module._extensions..js (module.js:579:10)\n    at Module.load (C:\\node_modules\\coffee-script\\lib\\coffee-script\\register.js:45:36)\n    at tryModuleLoad (module.js:446:12)\n    at Function.Module._load (module.js:438:3)\n    at Module.require (module.js:497:17)\n    at require (internal/module.js:20:19)\n    at C:\\Users\\thinksysuser\\AppData\\Roaming\\npm\\node_modules\\protractor\\node_modules\\jasmine\\lib\\jasmine.js:87:5\n    at Array.forEach (native)\n    at Jasmine.loadSpecs (C:\\Users\\thinksysuser\\AppData\\Roaming\\npm\\node_modules\\protractor\\node_modules\\jasmine\\lib\\jasmine.js:86:18)\n    at Jasmine.execute (C:\\Users\\thinksysuser\\AppData\\Roaming\\npm\\node_modules\\protractor\\node_modules\\jasmine\\lib\\jasmine.js:181:8)\n    at C:\\Users\\thinksysuser\\AppData\\Roaming\\npm\\node_modules\\protractor\\built\\frameworks\\jasmine.js:132:15\n    at Function.promise (C:\\Users\\thinksysuser\\AppData\\Roaming\\npm\\node_modules\\protractor\\node_modules\\q\\q.js:682:9)\n    at C:\\Users\\thinksysuser\\AppData\\Roaming\\npm\\node_modules\\protractor\\built\\frameworks\\jasmine.js:104:14\n    at _fulfilled (C:\\Users\\thinksysuser\\AppData\\Roaming\\npm\\node_modules\\protractor\\node_modules\\q\\q.js:834:54)\n    at self.promiseDispatch.done (C:\\Users\\thinksysuser\\AppData\\Roaming\\npm\\node_modules\\protractor\\node_modules\\q\\q.js:863:30)\n    at Promise.promise.promiseDispatch (C:\\Users\\thinksysuser\\AppData\\Roaming\\npm\\node_modules\\protractor\\node_modules\\q\\q.js:796:13)\n    at C:\\Users\\thinksysuser\\AppData\\Roaming\\npm\\node_modules\\protractor\\node_modules\\q\\q.js:556:49\n    at runSingle (C:\\Users\\thinksysuser\\AppData\\Roaming\\npm\\node_modules\\protractor\\node_modules\\q\\q.js:137:13)\n    at flush (C:\\Users\\thinksysuser\\AppData\\Roaming\\npm\\node_modules\\protractor\\node_modules\\q\\q.js:125:13)\n    at _combinedTickCallback (internal/process/next_tick.js:67:7)\n    at process._tickCallback (internal/process/next_tick.js:98:9)"
      },
      "testCases" : [ {
        "uid" : "78f875c448c1b724",
        "name" : "Login",
        "title" : "Login",
        "time" : {
          "start" : 1493042978449,
          "stop" : 1493043006167,
          "duration" : 27718
        },
        "severity" : "NORMAL",
        "status" : "FAILED"
      } ]
    }, {
      "uid" : "42f49c63f613815b",
      "failure" : {
        "message" : "Failed: No element found using locator: By(xpath, //*[label='Email Address'])",
        "stackTrace" : "NoSuchElementError: No element found using locator: By(xpath, //*[label='Email Address'])\n    at WebDriverError (C:\\Users\\thinksysuser\\AppData\\Roaming\\npm\\node_modules\\protractor\\node_modules\\selenium-webdriver\\lib\\error.js:27:5)\n    at NoSuchElementError (C:\\Users\\thinksysuser\\AppData\\Roaming\\npm\\node_modules\\protractor\\node_modules\\selenium-webdriver\\lib\\error.js:168:5)\n    at elementArrayFinder.getWebElements.then (C:\\Users\\thinksysuser\\AppData\\Roaming\\npm\\node_modules\\protractor\\lib\\element.ts:851:17)\n    at ManagedPromise.invokeCallback_ (C:\\Users\\thinksysuser\\AppData\\Roaming\\npm\\node_modules\\protractor\\node_modules\\selenium-webdriver\\lib\\promise.js:1366:14)\n    at TaskQueue.execute_ (C:\\Users\\thinksysuser\\AppData\\Roaming\\npm\\node_modules\\protractor\\node_modules\\selenium-webdriver\\lib\\promise.js:2970:14)\n    at TaskQueue.executeNext_ (C:\\Users\\thinksysuser\\AppData\\Roaming\\npm\\node_modules\\protractor\\node_modules\\selenium-webdriver\\lib\\promise.js:2953:27)\n    at asyncRun (C:\\Users\\thinksysuser\\AppData\\Roaming\\npm\\node_modules\\protractor\\node_modules\\selenium-webdriver\\lib\\promise.js:2813:27)\n    at C:\\Users\\thinksysuser\\AppData\\Roaming\\npm\\node_modules\\protractor\\node_modules\\selenium-webdriver\\lib\\promise.js:676:7\n    at process._tickCallback (internal/process/next_tick.js:103:7)\nFrom: Task: WebElement.sendKeys()\n    at Driver.schedule (C:\\Users\\thinksysuser\\AppData\\Roaming\\npm\\node_modules\\protractor\\node_modules\\selenium-webdriver\\lib\\webdriver.js:816:17)\n    at WebElementPromise.schedule_ (C:\\Users\\thinksysuser\\AppData\\Roaming\\npm\\node_modules\\protractor\\node_modules\\selenium-webdriver\\lib\\webdriver.js:1921:25)\n    at WebElementPromise.sendKeys (C:\\Users\\thinksysuser\\AppData\\Roaming\\npm\\node_modules\\protractor\\node_modules\\selenium-webdriver\\lib\\webdriver.js:2084:19)\n    at Object.<anonymous> (D:\\protractor\\Demo_thinksys\\rough\\test.js:66:69)\n    at C:\\Users\\thinksysuser\\AppData\\Roaming\\npm\\node_modules\\protractor\\node_modules\\jasminewd2\\index.js:110:25\n    at new ManagedPromise (C:\\Users\\thinksysuser\\AppData\\Roaming\\npm\\node_modules\\protractor\\node_modules\\selenium-webdriver\\lib\\promise.js:1067:7)\n    at ControlFlow.promise (C:\\Users\\thinksysuser\\AppData\\Roaming\\npm\\node_modules\\protractor\\node_modules\\selenium-webdriver\\lib\\promise.js:2396:12)\n    at schedulerExecute (C:\\Users\\thinksysuser\\AppData\\Roaming\\npm\\node_modules\\protractor\\node_modules\\jasminewd2\\index.js:95:18)\n    at TaskQueue.execute_ (C:\\Users\\thinksysuser\\AppData\\Roaming\\npm\\node_modules\\protractor\\node_modules\\selenium-webdriver\\lib\\promise.js:2970:14)\n    at TaskQueue.executeNext_ (C:\\Users\\thinksysuser\\AppData\\Roaming\\npm\\node_modules\\protractor\\node_modules\\selenium-webdriver\\lib\\promise.js:2953:27)\n    at asyncRun (C:\\Users\\thinksysuser\\AppData\\Roaming\\npm\\node_modules\\protractor\\node_modules\\selenium-webdriver\\lib\\promise.js:2813:27)\n    at C:\\Users\\thinksysuser\\AppData\\Roaming\\npm\\node_modules\\protractor\\node_modules\\selenium-webdriver\\lib\\promise.js:676:7\n    at process._tickCallback (internal/process/next_tick.js:103:7)\nFrom: Task: Run it(\"Login\") in control flow\n    at Object.<anonymous> (C:\\Users\\thinksysuser\\AppData\\Roaming\\npm\\node_modules\\protractor\\node_modules\\jasminewd2\\index.js:94:19)\n    at attemptAsync (C:\\Users\\thinksysuser\\AppData\\Roaming\\npm\\node_modules\\protractor\\node_modules\\jasmine-core\\lib\\jasmine-core\\jasmine.js:1980:24)\n    at QueueRunner.run (C:\\Users\\thinksysuser\\AppData\\Roaming\\npm\\node_modules\\protractor\\node_modules\\jasmine-core\\lib\\jasmine-core\\jasmine.js:1935:9)\n    at QueueRunner.execute (C:\\Users\\thinksysuser\\AppData\\Roaming\\npm\\node_modules\\protractor\\node_modules\\jasmine-core\\lib\\jasmine-core\\jasmine.js:1923:10)\n    at Spec.queueRunnerFactory (C:\\Users\\thinksysuser\\AppData\\Roaming\\npm\\node_modules\\protractor\\node_modules\\jasmine-core\\lib\\jasmine-core\\jasmine.js:714:35)\n    at Spec.execute (C:\\Users\\thinksysuser\\AppData\\Roaming\\npm\\node_modules\\protractor\\node_modules\\jasmine-core\\lib\\jasmine-core\\jasmine.js:371:10)\n    at Object.fn (C:\\Users\\thinksysuser\\AppData\\Roaming\\npm\\node_modules\\protractor\\node_modules\\jasmine-core\\lib\\jasmine-core\\jasmine.js:2579:37)\n    at attemptAsync (C:\\Users\\thinksysuser\\AppData\\Roaming\\npm\\node_modules\\protractor\\node_modules\\jasmine-core\\lib\\jasmine-core\\jasmine.js:1980:24)\n    at QueueRunner.run (C:\\Users\\thinksysuser\\AppData\\Roaming\\npm\\node_modules\\protractor\\node_modules\\jasmine-core\\lib\\jasmine-core\\jasmine.js:1935:9)\n    at QueueRunner.execute (C:\\Users\\thinksysuser\\AppData\\Roaming\\npm\\node_modules\\protractor\\node_modules\\jasmine-core\\lib\\jasmine-core\\jasmine.js:1923:10)\n    at queueRunnerFactory (C:\\Users\\thinksysuser\\AppData\\Roaming\\npm\\node_modules\\protractor\\node_modules\\jasmine-core\\lib\\jasmine-core\\jasmine.js:714:35)\n    at Object.fn (C:\\Users\\thinksysuser\\AppData\\Roaming\\npm\\node_modules\\protractor\\node_modules\\jasmine-core\\lib\\jasmine-core\\jasmine.js:2564:13)\n    at attemptAsync (C:\\Users\\thinksysuser\\AppData\\Roaming\\npm\\node_modules\\protractor\\node_modules\\jasmine-core\\lib\\jasmine-core\\jasmine.js:1980:24)\n    at QueueRunner.run (C:\\Users\\thinksysuser\\AppData\\Roaming\\npm\\node_modules\\protractor\\node_modules\\jasmine-core\\lib\\jasmine-core\\jasmine.js:1935:9)\n    at QueueRunner.execute (C:\\Users\\thinksysuser\\AppData\\Roaming\\npm\\node_modules\\protractor\\node_modules\\jasmine-core\\lib\\jasmine-core\\jasmine.js:1923:10)\n    at queueRunnerFactory (C:\\Users\\thinksysuser\\AppData\\Roaming\\npm\\node_modules\\protractor\\node_modules\\jasmine-core\\lib\\jasmine-core\\jasmine.js:714:35)\n    at TreeProcessor.execute (C:\\Users\\thinksysuser\\AppData\\Roaming\\npm\\node_modules\\protractor\\node_modules\\jasmine-core\\lib\\jasmine-core\\jasmine.js:2426:7)\n    at Env.execute (C:\\Users\\thinksysuser\\AppData\\Roaming\\npm\\node_modules\\protractor\\node_modules\\jasmine-core\\lib\\jasmine-core\\jasmine.js:776:17)\n    at Jasmine.execute (C:\\Users\\thinksysuser\\AppData\\Roaming\\npm\\node_modules\\protractor\\node_modules\\jasmine\\lib\\jasmine.js:184:12)\n    at C:\\Users\\thinksysuser\\AppData\\Roaming\\npm\\node_modules\\protractor\\built\\frameworks\\jasmine.js:132:15\n    at Function.promise (C:\\Users\\thinksysuser\\AppData\\Roaming\\npm\\node_modules\\protractor\\node_modules\\q\\q.js:682:9)\n    at C:\\Users\\thinksysuser\\AppData\\Roaming\\npm\\node_modules\\protractor\\built\\frameworks\\jasmine.js:104:14\n    at _fulfilled (C:\\Users\\thinksysuser\\AppData\\Roaming\\npm\\node_modules\\protractor\\node_modules\\q\\q.js:834:54)\n    at self.promiseDispatch.done (C:\\Users\\thinksysuser\\AppData\\Roaming\\npm\\node_modules\\protractor\\node_modules\\q\\q.js:863:30)\n    at Promise.promise.promiseDispatch (C:\\Users\\thinksysuser\\AppData\\Roaming\\npm\\node_modules\\protractor\\node_modules\\q\\q.js:796:13)\n    at C:\\Users\\thinksysuser\\AppData\\Roaming\\npm\\node_modules\\protractor\\node_modules\\q\\q.js:556:49\n    at runSingle (C:\\Users\\thinksysuser\\AppData\\Roaming\\npm\\node_modules\\protractor\\node_modules\\q\\q.js:137:13)\n    at flush (C:\\Users\\thinksysuser\\AppData\\Roaming\\npm\\node_modules\\protractor\\node_modules\\q\\q.js:125:13)\n    at _combinedTickCallback (internal/process/next_tick.js:67:7)\n    at process._tickCallback (internal/process/next_tick.js:98:9)\nFrom asynchronous test: \nError\n    at Suite.<anonymous> (D:\\protractor\\Demo_thinksys\\rough\\test.js:59:5)\n    at addSpecsToSuite (C:\\Users\\thinksysuser\\AppData\\Roaming\\npm\\node_modules\\protractor\\node_modules\\jasmine-core\\lib\\jasmine-core\\jasmine.js:867:25)\n    at Env.describe (C:\\Users\\thinksysuser\\AppData\\Roaming\\npm\\node_modules\\protractor\\node_modules\\jasmine-core\\lib\\jasmine-core\\jasmine.js:836:7)\n    at describe (C:\\Users\\thinksysuser\\AppData\\Roaming\\npm\\node_modules\\protractor\\node_modules\\jasmine-core\\lib\\jasmine-core\\jasmine.js:3576:18)\n    at Object.<anonymous> (D:\\protractor\\Demo_thinksys\\rough\\test.js:3:1)\n    at Module._compile (module.js:570:32)\n    at Object.Module._extensions..js (module.js:579:10)\n    at Module.load (C:\\node_modules\\coffee-script\\lib\\coffee-script\\register.js:45:36)\n    at tryModuleLoad (module.js:446:12)\n    at Function.Module._load (module.js:438:3)\n    at Module.require (module.js:497:17)\n    at require (internal/module.js:20:19)\n    at C:\\Users\\thinksysuser\\AppData\\Roaming\\npm\\node_modules\\protractor\\node_modules\\jasmine\\lib\\jasmine.js:87:5\n    at Array.forEach (native)\n    at Jasmine.loadSpecs (C:\\Users\\thinksysuser\\AppData\\Roaming\\npm\\node_modules\\protractor\\node_modules\\jasmine\\lib\\jasmine.js:86:18)\n    at Jasmine.execute (C:\\Users\\thinksysuser\\AppData\\Roaming\\npm\\node_modules\\protractor\\node_modules\\jasmine\\lib\\jasmine.js:181:8)\n    at C:\\Users\\thinksysuser\\AppData\\Roaming\\npm\\node_modules\\protractor\\built\\frameworks\\jasmine.js:132:15\n    at Function.promise (C:\\Users\\thinksysuser\\AppData\\Roaming\\npm\\node_modules\\protractor\\node_modules\\q\\q.js:682:9)\n    at C:\\Users\\thinksysuser\\AppData\\Roaming\\npm\\node_modules\\protractor\\built\\frameworks\\jasmine.js:104:14\n    at _fulfilled (C:\\Users\\thinksysuser\\AppData\\Roaming\\npm\\node_modules\\protractor\\node_modules\\q\\q.js:834:54)\n    at self.promiseDispatch.done (C:\\Users\\thinksysuser\\AppData\\Roaming\\npm\\node_modules\\protractor\\node_modules\\q\\q.js:863:30)\n    at Promise.promise.promiseDispatch (C:\\Users\\thinksysuser\\AppData\\Roaming\\npm\\node_modules\\protractor\\node_modules\\q\\q.js:796:13)\n    at C:\\Users\\thinksysuser\\AppData\\Roaming\\npm\\node_modules\\protractor\\node_modules\\q\\q.js:556:49\n    at runSingle (C:\\Users\\thinksysuser\\AppData\\Roaming\\npm\\node_modules\\protractor\\node_modules\\q\\q.js:137:13)\n    at flush (C:\\Users\\thinksysuser\\AppData\\Roaming\\npm\\node_modules\\protractor\\node_modules\\q\\q.js:125:13)\n    at _combinedTickCallback (internal/process/next_tick.js:67:7)\n    at process._tickCallback (internal/process/next_tick.js:98:9)"
      },
      "testCases" : [ {
        "uid" : "1b4ce34802d66853",
        "name" : "Login",
        "title" : "Login",
        "time" : {
          "start" : 1493041469197,
          "stop" : 1493041488081,
          "duration" : 18884
        },
        "severity" : "NORMAL",
        "status" : "FAILED"
      } ]
    }, {
      "uid" : "3eb0859d15820dcf",
      "failure" : {
        "message" : "Failed: text is not defined",
        "stackTrace" : "ReferenceError: text is not defined\n    at Object.<anonymous> (D:\\protractor\\Demo_thinksys\\rough\\test.js:65:77)\n    at C:\\Users\\thinksysuser\\AppData\\Roaming\\npm\\node_modules\\protractor\\node_modules\\jasminewd2\\index.js:110:25\n    at new ManagedPromise (C:\\Users\\thinksysuser\\AppData\\Roaming\\npm\\node_modules\\protractor\\node_modules\\selenium-webdriver\\lib\\promise.js:1067:7)\n    at ControlFlow.promise (C:\\Users\\thinksysuser\\AppData\\Roaming\\npm\\node_modules\\protractor\\node_modules\\selenium-webdriver\\lib\\promise.js:2396:12)\n    at schedulerExecute (C:\\Users\\thinksysuser\\AppData\\Roaming\\npm\\node_modules\\protractor\\node_modules\\jasminewd2\\index.js:95:18)\n    at TaskQueue.execute_ (C:\\Users\\thinksysuser\\AppData\\Roaming\\npm\\node_modules\\protractor\\node_modules\\selenium-webdriver\\lib\\promise.js:2970:14)\n    at TaskQueue.executeNext_ (C:\\Users\\thinksysuser\\AppData\\Roaming\\npm\\node_modules\\protractor\\node_modules\\selenium-webdriver\\lib\\promise.js:2953:27)\n    at asyncRun (C:\\Users\\thinksysuser\\AppData\\Roaming\\npm\\node_modules\\protractor\\node_modules\\selenium-webdriver\\lib\\promise.js:2813:27)\n    at C:\\Users\\thinksysuser\\AppData\\Roaming\\npm\\node_modules\\protractor\\node_modules\\selenium-webdriver\\lib\\promise.js:676:7\n    at process._tickCallback (internal/process/next_tick.js:103:7)\nFrom: Task: Run it(\"Login\") in control flow\n    at Object.<anonymous> (C:\\Users\\thinksysuser\\AppData\\Roaming\\npm\\node_modules\\protractor\\node_modules\\jasminewd2\\index.js:94:19)\n    at attemptAsync (C:\\Users\\thinksysuser\\AppData\\Roaming\\npm\\node_modules\\protractor\\node_modules\\jasmine-core\\lib\\jasmine-core\\jasmine.js:1980:24)\n    at QueueRunner.run (C:\\Users\\thinksysuser\\AppData\\Roaming\\npm\\node_modules\\protractor\\node_modules\\jasmine-core\\lib\\jasmine-core\\jasmine.js:1935:9)\n    at QueueRunner.execute (C:\\Users\\thinksysuser\\AppData\\Roaming\\npm\\node_modules\\protractor\\node_modules\\jasmine-core\\lib\\jasmine-core\\jasmine.js:1923:10)\n    at Spec.queueRunnerFactory (C:\\Users\\thinksysuser\\AppData\\Roaming\\npm\\node_modules\\protractor\\node_modules\\jasmine-core\\lib\\jasmine-core\\jasmine.js:714:35)\n    at Spec.execute (C:\\Users\\thinksysuser\\AppData\\Roaming\\npm\\node_modules\\protractor\\node_modules\\jasmine-core\\lib\\jasmine-core\\jasmine.js:371:10)\n    at Object.fn (C:\\Users\\thinksysuser\\AppData\\Roaming\\npm\\node_modules\\protractor\\node_modules\\jasmine-core\\lib\\jasmine-core\\jasmine.js:2579:37)\n    at attemptAsync (C:\\Users\\thinksysuser\\AppData\\Roaming\\npm\\node_modules\\protractor\\node_modules\\jasmine-core\\lib\\jasmine-core\\jasmine.js:1980:24)\n    at QueueRunner.run (C:\\Users\\thinksysuser\\AppData\\Roaming\\npm\\node_modules\\protractor\\node_modules\\jasmine-core\\lib\\jasmine-core\\jasmine.js:1935:9)\n    at QueueRunner.execute (C:\\Users\\thinksysuser\\AppData\\Roaming\\npm\\node_modules\\protractor\\node_modules\\jasmine-core\\lib\\jasmine-core\\jasmine.js:1923:10)\n    at queueRunnerFactory (C:\\Users\\thinksysuser\\AppData\\Roaming\\npm\\node_modules\\protractor\\node_modules\\jasmine-core\\lib\\jasmine-core\\jasmine.js:714:35)\n    at Object.fn (C:\\Users\\thinksysuser\\AppData\\Roaming\\npm\\node_modules\\protractor\\node_modules\\jasmine-core\\lib\\jasmine-core\\jasmine.js:2564:13)\n    at attemptAsync (C:\\Users\\thinksysuser\\AppData\\Roaming\\npm\\node_modules\\protractor\\node_modules\\jasmine-core\\lib\\jasmine-core\\jasmine.js:1980:24)\n    at QueueRunner.run (C:\\Users\\thinksysuser\\AppData\\Roaming\\npm\\node_modules\\protractor\\node_modules\\jasmine-core\\lib\\jasmine-core\\jasmine.js:1935:9)\n    at QueueRunner.execute (C:\\Users\\thinksysuser\\AppData\\Roaming\\npm\\node_modules\\protractor\\node_modules\\jasmine-core\\lib\\jasmine-core\\jasmine.js:1923:10)\n    at queueRunnerFactory (C:\\Users\\thinksysuser\\AppData\\Roaming\\npm\\node_modules\\protractor\\node_modules\\jasmine-core\\lib\\jasmine-core\\jasmine.js:714:35)\n    at TreeProcessor.execute (C:\\Users\\thinksysuser\\AppData\\Roaming\\npm\\node_modules\\protractor\\node_modules\\jasmine-core\\lib\\jasmine-core\\jasmine.js:2426:7)\n    at Env.execute (C:\\Users\\thinksysuser\\AppData\\Roaming\\npm\\node_modules\\protractor\\node_modules\\jasmine-core\\lib\\jasmine-core\\jasmine.js:776:17)\n    at Jasmine.execute (C:\\Users\\thinksysuser\\AppData\\Roaming\\npm\\node_modules\\protractor\\node_modules\\jasmine\\lib\\jasmine.js:184:12)\n    at C:\\Users\\thinksysuser\\AppData\\Roaming\\npm\\node_modules\\protractor\\built\\frameworks\\jasmine.js:132:15\n    at Function.promise (C:\\Users\\thinksysuser\\AppData\\Roaming\\npm\\node_modules\\protractor\\node_modules\\q\\q.js:682:9)\n    at C:\\Users\\thinksysuser\\AppData\\Roaming\\npm\\node_modules\\protractor\\built\\frameworks\\jasmine.js:104:14\n    at _fulfilled (C:\\Users\\thinksysuser\\AppData\\Roaming\\npm\\node_modules\\protractor\\node_modules\\q\\q.js:834:54)\n    at self.promiseDispatch.done (C:\\Users\\thinksysuser\\AppData\\Roaming\\npm\\node_modules\\protractor\\node_modules\\q\\q.js:863:30)\n    at Promise.promise.promiseDispatch (C:\\Users\\thinksysuser\\AppData\\Roaming\\npm\\node_modules\\protractor\\node_modules\\q\\q.js:796:13)\n    at C:\\Users\\thinksysuser\\AppData\\Roaming\\npm\\node_modules\\protractor\\node_modules\\q\\q.js:556:49\n    at runSingle (C:\\Users\\thinksysuser\\AppData\\Roaming\\npm\\node_modules\\protractor\\node_modules\\q\\q.js:137:13)\n    at flush (C:\\Users\\thinksysuser\\AppData\\Roaming\\npm\\node_modules\\protractor\\node_modules\\q\\q.js:125:13)\n    at _combinedTickCallback (internal/process/next_tick.js:67:7)\n    at process._tickCallback (internal/process/next_tick.js:98:9)\nFrom asynchronous test: \nError\n    at Suite.<anonymous> (D:\\protractor\\Demo_thinksys\\rough\\test.js:59:5)\n    at addSpecsToSuite (C:\\Users\\thinksysuser\\AppData\\Roaming\\npm\\node_modules\\protractor\\node_modules\\jasmine-core\\lib\\jasmine-core\\jasmine.js:867:25)\n    at Env.describe (C:\\Users\\thinksysuser\\AppData\\Roaming\\npm\\node_modules\\protractor\\node_modules\\jasmine-core\\lib\\jasmine-core\\jasmine.js:836:7)\n    at describe (C:\\Users\\thinksysuser\\AppData\\Roaming\\npm\\node_modules\\protractor\\node_modules\\jasmine-core\\lib\\jasmine-core\\jasmine.js:3576:18)\n    at Object.<anonymous> (D:\\protractor\\Demo_thinksys\\rough\\test.js:3:1)\n    at Module._compile (module.js:570:32)\n    at Object.Module._extensions..js (module.js:579:10)\n    at Module.load (C:\\node_modules\\coffee-script\\lib\\coffee-script\\register.js:45:36)\n    at tryModuleLoad (module.js:446:12)\n    at Function.Module._load (module.js:438:3)\n    at Module.require (module.js:497:17)\n    at require (internal/module.js:20:19)\n    at C:\\Users\\thinksysuser\\AppData\\Roaming\\npm\\node_modules\\protractor\\node_modules\\jasmine\\lib\\jasmine.js:87:5\n    at Array.forEach (native)\n    at Jasmine.loadSpecs (C:\\Users\\thinksysuser\\AppData\\Roaming\\npm\\node_modules\\protractor\\node_modules\\jasmine\\lib\\jasmine.js:86:18)\n    at Jasmine.execute (C:\\Users\\thinksysuser\\AppData\\Roaming\\npm\\node_modules\\protractor\\node_modules\\jasmine\\lib\\jasmine.js:181:8)\n    at C:\\Users\\thinksysuser\\AppData\\Roaming\\npm\\node_modules\\protractor\\built\\frameworks\\jasmine.js:132:15\n    at Function.promise (C:\\Users\\thinksysuser\\AppData\\Roaming\\npm\\node_modules\\protractor\\node_modules\\q\\q.js:682:9)\n    at C:\\Users\\thinksysuser\\AppData\\Roaming\\npm\\node_modules\\protractor\\built\\frameworks\\jasmine.js:104:14\n    at _fulfilled (C:\\Users\\thinksysuser\\AppData\\Roaming\\npm\\node_modules\\protractor\\node_modules\\q\\q.js:834:54)\n    at self.promiseDispatch.done (C:\\Users\\thinksysuser\\AppData\\Roaming\\npm\\node_modules\\protractor\\node_modules\\q\\q.js:863:30)\n    at Promise.promise.promiseDispatch (C:\\Users\\thinksysuser\\AppData\\Roaming\\npm\\node_modules\\protractor\\node_modules\\q\\q.js:796:13)\n    at C:\\Users\\thinksysuser\\AppData\\Roaming\\npm\\node_modules\\protractor\\node_modules\\q\\q.js:556:49\n    at runSingle (C:\\Users\\thinksysuser\\AppData\\Roaming\\npm\\node_modules\\protractor\\node_modules\\q\\q.js:137:13)\n    at flush (C:\\Users\\thinksysuser\\AppData\\Roaming\\npm\\node_modules\\protractor\\node_modules\\q\\q.js:125:13)\n    at _combinedTickCallback (internal/process/next_tick.js:67:7)\n    at process._tickCallback (internal/process/next_tick.js:98:9)"
      },
      "testCases" : [ {
        "uid" : "8350cea10a2b90c4",
        "name" : "Login",
        "title" : "Login",
        "time" : {
          "start" : 1493371361140,
          "stop" : 1493371361190,
          "duration" : 50
        },
        "severity" : "NORMAL",
        "status" : "FAILED"
      }, {
        "uid" : "3a392bc0c52011d5",
        "name" : "Login",
        "title" : "Login",
        "time" : {
          "start" : 1493371312767,
          "stop" : 1493371312817,
          "duration" : 50
        },
        "severity" : "NORMAL",
        "status" : "FAILED"
      } ]
    }, {
      "uid" : "ecd64d9740f1f7c2",
      "failure" : {
        "message" : "Failed: invalid selector: Unable to locate an element with the xpath expression //*[@class='btn btn-disabled sign-button login-button'] because of the following error:\nSyntaxError: Failed to execute 'evaluate' on 'Document': The string '//*[@class='btn btn-disabled sign-button login-button']' is not a valid XPath expression.\n  (Session info: chrome=58.0.3029.81)\n  (Driver info: chromedriver=2.29.461591 (62ebf098771772160f391d75e589dc567915b233),platform=Windows NT 6.1.7601 SP1 x86)",
        "stackTrace" : "InvalidSelectorError: invalid selector: Unable to locate an element with the xpath expression //*[@class='btn btn-disabled sign-button login-button'] because of the following error:\nSyntaxError: Failed to execute 'evaluate' on 'Document': The string '//*[@class='btn btn-disabled sign-button login-button']' is not a valid XPath expression.\n  (Session info: chrome=58.0.3029.81)\n  (Driver info: chromedriver=2.29.461591 (62ebf098771772160f391d75e589dc567915b233),platform=Windows NT 6.1.7601 SP1 x86)\n    at WebDriverError (C:\\Users\\thinksysuser\\AppData\\Roaming\\npm\\node_modules\\protractor\\node_modules\\selenium-webdriver\\lib\\error.js:27:5)\n    at InvalidSelectorError (C:\\Users\\thinksysuser\\AppData\\Roaming\\npm\\node_modules\\protractor\\node_modules\\selenium-webdriver\\lib\\error.js:111:5)\n    at Object.checkLegacyResponse (C:\\Users\\thinksysuser\\AppData\\Roaming\\npm\\node_modules\\protractor\\node_modules\\selenium-webdriver\\lib\\error.js:505:15)\n    at parseHttpResponse (C:\\Users\\thinksysuser\\AppData\\Roaming\\npm\\node_modules\\protractor\\node_modules\\selenium-webdriver\\lib\\http.js:509:13)\n    at doSend.then.response (C:\\Users\\thinksysuser\\AppData\\Roaming\\npm\\node_modules\\protractor\\node_modules\\selenium-webdriver\\lib\\http.js:440:13)\n    at process._tickCallback (internal/process/next_tick.js:103:7)\nFrom: Task: WebDriver.findElements(By(xpath, //*[@class='btn btn-disabled sign-button login-button']))\n    at Driver.schedule (C:\\Users\\thinksysuser\\AppData\\Roaming\\npm\\node_modules\\protractor\\node_modules\\selenium-webdriver\\lib\\webdriver.js:816:17)\n    at Driver.findElements (C:\\Users\\thinksysuser\\AppData\\Roaming\\npm\\node_modules\\protractor\\node_modules\\selenium-webdriver\\lib\\webdriver.js:1057:22)\n    at ptor.waitForAngular.then (C:\\Users\\thinksysuser\\AppData\\Roaming\\npm\\node_modules\\protractor\\lib\\element.ts:166:36)\n    at ManagedPromise.invokeCallback_ (C:\\Users\\thinksysuser\\AppData\\Roaming\\npm\\node_modules\\protractor\\node_modules\\selenium-webdriver\\lib\\promise.js:1366:14)\n    at TaskQueue.execute_ (C:\\Users\\thinksysuser\\AppData\\Roaming\\npm\\node_modules\\protractor\\node_modules\\selenium-webdriver\\lib\\promise.js:2970:14)\n    at TaskQueue.executeNext_ (C:\\Users\\thinksysuser\\AppData\\Roaming\\npm\\node_modules\\protractor\\node_modules\\selenium-webdriver\\lib\\promise.js:2953:27)\n    at asyncRun (C:\\Users\\thinksysuser\\AppData\\Roaming\\npm\\node_modules\\protractor\\node_modules\\selenium-webdriver\\lib\\promise.js:2813:27)\n    at C:\\Users\\thinksysuser\\AppData\\Roaming\\npm\\node_modules\\protractor\\node_modules\\selenium-webdriver\\lib\\promise.js:676:7\n    at process._tickCallback (internal/process/next_tick.js:103:7)\nFrom: Task: Run it(\"Login\") in control flow\n    at Object.<anonymous> (C:\\Users\\thinksysuser\\AppData\\Roaming\\npm\\node_modules\\protractor\\node_modules\\jasminewd2\\index.js:94:19)\n    at attemptAsync (C:\\Users\\thinksysuser\\AppData\\Roaming\\npm\\node_modules\\protractor\\node_modules\\jasmine-core\\lib\\jasmine-core\\jasmine.js:1980:24)\n    at QueueRunner.run (C:\\Users\\thinksysuser\\AppData\\Roaming\\npm\\node_modules\\protractor\\node_modules\\jasmine-core\\lib\\jasmine-core\\jasmine.js:1935:9)\n    at QueueRunner.execute (C:\\Users\\thinksysuser\\AppData\\Roaming\\npm\\node_modules\\protractor\\node_modules\\jasmine-core\\lib\\jasmine-core\\jasmine.js:1923:10)\n    at Spec.queueRunnerFactory (C:\\Users\\thinksysuser\\AppData\\Roaming\\npm\\node_modules\\protractor\\node_modules\\jasmine-core\\lib\\jasmine-core\\jasmine.js:714:35)\n    at Spec.execute (C:\\Users\\thinksysuser\\AppData\\Roaming\\npm\\node_modules\\protractor\\node_modules\\jasmine-core\\lib\\jasmine-core\\jasmine.js:371:10)\n    at Object.fn (C:\\Users\\thinksysuser\\AppData\\Roaming\\npm\\node_modules\\protractor\\node_modules\\jasmine-core\\lib\\jasmine-core\\jasmine.js:2579:37)\n    at attemptAsync (C:\\Users\\thinksysuser\\AppData\\Roaming\\npm\\node_modules\\protractor\\node_modules\\jasmine-core\\lib\\jasmine-core\\jasmine.js:1980:24)\n    at QueueRunner.run (C:\\Users\\thinksysuser\\AppData\\Roaming\\npm\\node_modules\\protractor\\node_modules\\jasmine-core\\lib\\jasmine-core\\jasmine.js:1935:9)\n    at QueueRunner.execute (C:\\Users\\thinksysuser\\AppData\\Roaming\\npm\\node_modules\\protractor\\node_modules\\jasmine-core\\lib\\jasmine-core\\jasmine.js:1923:10)\n    at queueRunnerFactory (C:\\Users\\thinksysuser\\AppData\\Roaming\\npm\\node_modules\\protractor\\node_modules\\jasmine-core\\lib\\jasmine-core\\jasmine.js:714:35)\n    at Object.fn (C:\\Users\\thinksysuser\\AppData\\Roaming\\npm\\node_modules\\protractor\\node_modules\\jasmine-core\\lib\\jasmine-core\\jasmine.js:2564:13)\n    at attemptAsync (C:\\Users\\thinksysuser\\AppData\\Roaming\\npm\\node_modules\\protractor\\node_modules\\jasmine-core\\lib\\jasmine-core\\jasmine.js:1980:24)\n    at QueueRunner.run (C:\\Users\\thinksysuser\\AppData\\Roaming\\npm\\node_modules\\protractor\\node_modules\\jasmine-core\\lib\\jasmine-core\\jasmine.js:1935:9)\n    at QueueRunner.execute (C:\\Users\\thinksysuser\\AppData\\Roaming\\npm\\node_modules\\protractor\\node_modules\\jasmine-core\\lib\\jasmine-core\\jasmine.js:1923:10)\n    at queueRunnerFactory (C:\\Users\\thinksysuser\\AppData\\Roaming\\npm\\node_modules\\protractor\\node_modules\\jasmine-core\\lib\\jasmine-core\\jasmine.js:714:35)\n    at TreeProcessor.execute (C:\\Users\\thinksysuser\\AppData\\Roaming\\npm\\node_modules\\protractor\\node_modules\\jasmine-core\\lib\\jasmine-core\\jasmine.js:2426:7)\n    at Env.execute (C:\\Users\\thinksysuser\\AppData\\Roaming\\npm\\node_modules\\protractor\\node_modules\\jasmine-core\\lib\\jasmine-core\\jasmine.js:776:17)\n    at Jasmine.execute (C:\\Users\\thinksysuser\\AppData\\Roaming\\npm\\node_modules\\protractor\\node_modules\\jasmine\\lib\\jasmine.js:184:12)\n    at C:\\Users\\thinksysuser\\AppData\\Roaming\\npm\\node_modules\\protractor\\built\\frameworks\\jasmine.js:132:15\n    at Function.promise (C:\\Users\\thinksysuser\\AppData\\Roaming\\npm\\node_modules\\protractor\\node_modules\\q\\q.js:682:9)\n    at C:\\Users\\thinksysuser\\AppData\\Roaming\\npm\\node_modules\\protractor\\built\\frameworks\\jasmine.js:104:14\n    at _fulfilled (C:\\Users\\thinksysuser\\AppData\\Roaming\\npm\\node_modules\\protractor\\node_modules\\q\\q.js:834:54)\n    at self.promiseDispatch.done (C:\\Users\\thinksysuser\\AppData\\Roaming\\npm\\node_modules\\protractor\\node_modules\\q\\q.js:863:30)\n    at Promise.promise.promiseDispatch (C:\\Users\\thinksysuser\\AppData\\Roaming\\npm\\node_modules\\protractor\\node_modules\\q\\q.js:796:13)\n    at C:\\Users\\thinksysuser\\AppData\\Roaming\\npm\\node_modules\\protractor\\node_modules\\q\\q.js:556:49\n    at runSingle (C:\\Users\\thinksysuser\\AppData\\Roaming\\npm\\node_modules\\protractor\\node_modules\\q\\q.js:137:13)\n    at flush (C:\\Users\\thinksysuser\\AppData\\Roaming\\npm\\node_modules\\protractor\\node_modules\\q\\q.js:125:13)\n    at _combinedTickCallback (internal/process/next_tick.js:67:7)\n    at process._tickCallback (internal/process/next_tick.js:98:9)\nFrom asynchronous test: \nError\n    at Suite.<anonymous> (D:\\protractor\\Demo_thinksys\\rough\\test.js:59:5)\n    at addSpecsToSuite (C:\\Users\\thinksysuser\\AppData\\Roaming\\npm\\node_modules\\protractor\\node_modules\\jasmine-core\\lib\\jasmine-core\\jasmine.js:867:25)\n    at Env.describe (C:\\Users\\thinksysuser\\AppData\\Roaming\\npm\\node_modules\\protractor\\node_modules\\jasmine-core\\lib\\jasmine-core\\jasmine.js:836:7)\n    at describe (C:\\Users\\thinksysuser\\AppData\\Roaming\\npm\\node_modules\\protractor\\node_modules\\jasmine-core\\lib\\jasmine-core\\jasmine.js:3576:18)\n    at Object.<anonymous> (D:\\protractor\\Demo_thinksys\\rough\\test.js:3:1)\n    at Module._compile (module.js:570:32)\n    at Object.Module._extensions..js (module.js:579:10)\n    at Module.load (C:\\node_modules\\coffee-script\\lib\\coffee-script\\register.js:45:36)\n    at tryModuleLoad (module.js:446:12)\n    at Function.Module._load (module.js:438:3)\n    at Module.require (module.js:497:17)\n    at require (internal/module.js:20:19)\n    at C:\\Users\\thinksysuser\\AppData\\Roaming\\npm\\node_modules\\protractor\\node_modules\\jasmine\\lib\\jasmine.js:87:5\n    at Array.forEach (native)\n    at Jasmine.loadSpecs (C:\\Users\\thinksysuser\\AppData\\Roaming\\npm\\node_modules\\protractor\\node_modules\\jasmine\\lib\\jasmine.js:86:18)\n    at Jasmine.execute (C:\\Users\\thinksysuser\\AppData\\Roaming\\npm\\node_modules\\protractor\\node_modules\\jasmine\\lib\\jasmine.js:181:8)\n    at C:\\Users\\thinksysuser\\AppData\\Roaming\\npm\\node_modules\\protractor\\built\\frameworks\\jasmine.js:132:15\n    at Function.promise (C:\\Users\\thinksysuser\\AppData\\Roaming\\npm\\node_modules\\protractor\\node_modules\\q\\q.js:682:9)\n    at C:\\Users\\thinksysuser\\AppData\\Roaming\\npm\\node_modules\\protractor\\built\\frameworks\\jasmine.js:104:14\n    at _fulfilled (C:\\Users\\thinksysuser\\AppData\\Roaming\\npm\\node_modules\\protractor\\node_modules\\q\\q.js:834:54)\n    at self.promiseDispatch.done (C:\\Users\\thinksysuser\\AppData\\Roaming\\npm\\node_modules\\protractor\\node_modules\\q\\q.js:863:30)\n    at Promise.promise.promiseDispatch (C:\\Users\\thinksysuser\\AppData\\Roaming\\npm\\node_modules\\protractor\\node_modules\\q\\q.js:796:13)\n    at C:\\Users\\thinksysuser\\AppData\\Roaming\\npm\\node_modules\\protractor\\node_modules\\q\\q.js:556:49\n    at runSingle (C:\\Users\\thinksysuser\\AppData\\Roaming\\npm\\node_modules\\protractor\\node_modules\\q\\q.js:137:13)\n    at flush (C:\\Users\\thinksysuser\\AppData\\Roaming\\npm\\node_modules\\protractor\\node_modules\\q\\q.js:125:13)\n    at _combinedTickCallback (internal/process/next_tick.js:67:7)\n    at process._tickCallback (internal/process/next_tick.js:98:9)"
      },
      "testCases" : [ {
        "uid" : "48dce974659584c3",
        "name" : "Login",
        "title" : "Login",
        "time" : {
          "start" : 1493369433909,
          "stop" : 1493369438488,
          "duration" : 4579
        },
        "severity" : "NORMAL",
        "status" : "FAILED"
      } ]
    } ]
  }, {
    "title" : "Test defects",
    "status" : "BROKEN",
    "defects" : [ ]
  } ]
}